[2560-04-23 19:03:54,202][WARN ][bootstrap                ] jvm uses the client vm, make sure to run `java` with the server vm for best performance by adding `-server` to the command line
[2560-04-23 19:03:56,455][INFO ][node                     ] [Radius] version[1.7.6], pid[11256], build[c730b59/2016-11-18T15:21:16Z]
[2560-04-23 19:03:56,455][INFO ][node                     ] [Radius] initializing ...
[2560-04-23 19:03:57,045][INFO ][plugins                  ] [Radius] loaded [], sites []
[2560-04-23 19:03:57,506][INFO ][env                      ] [Radius] using [1] data paths, mounts [[(F:)]], net usable_space [74.9gb], net total_space [185.6gb], types [NTFS]
[2560-04-23 19:04:07,452][INFO ][node                     ] [Radius] initialized
[2560-04-23 19:04:07,452][INFO ][node                     ] [Radius] starting ...
[2560-04-23 19:04:08,570][INFO ][transport                ] [Radius] bound_address {inet[/0:0:0:0:0:0:0:0:9300]}, publish_address {inet[/10.65.17.125:9300]}
[2560-04-23 19:04:09,507][INFO ][discovery                ] [Radius] elasticsearch/F-WGkhUyQYeNpBliVIcm1Q
[2560-04-23 19:04:13,335][INFO ][cluster.service          ] [Radius] new_master [Radius][F-WGkhUyQYeNpBliVIcm1Q][DESKTOP-NVAPEKO][inet[/10.65.17.125:9300]], reason: zen-disco-join (elected_as_master)
[2560-04-23 19:04:13,664][INFO ][gateway                  ] [Radius] recovered [0] indices into cluster_state
[2560-04-23 19:04:13,760][INFO ][http                     ] [Radius] bound_address {inet[/0:0:0:0:0:0:0:0:9200]}, publish_address {inet[/10.65.17.125:9200]}
[2560-04-23 19:04:13,760][INFO ][node                     ] [Radius] started
[2560-04-23 19:24:59,153][INFO ][cluster.metadata         ] [Radius] [movie] creating index, cause [api], templates [], shards [5]/[1], mappings []
[2560-04-23 19:25:00,222][INFO ][cluster.metadata         ] [Radius] [movie] create_mapping [modelresult]
[2560-04-23 19:25:00,802][INFO ][cluster.metadata         ] [Radius] [movie] update_mapping [modelresult] (dynamic)
[2560-04-23 19:27:26,045][WARN ][cluster.service          ] [Radius] failed to reconnect to node [Radius][F-WGkhUyQYeNpBliVIcm1Q][DESKTOP-NVAPEKO][inet[/10.65.17.125:9300]]
org.elasticsearch.transport.ConnectTransportException: [Radius][inet[/10.65.17.125:9300]] connect_timeout[30s]
	at org.elasticsearch.transport.netty.NettyTransport.connectToChannels(NettyTransport.java:825)
	at org.elasticsearch.transport.netty.NettyTransport.connectToNode(NettyTransport.java:758)
	at org.elasticsearch.transport.netty.NettyTransport.connectToNode(NettyTransport.java:731)
	at org.elasticsearch.transport.TransportService.connectToNode(TransportService.java:216)
	at org.elasticsearch.cluster.service.InternalClusterService$ReconnectToNodes.run(InternalClusterService.java:584)
	at java.util.concurrent.ThreadPoolExecutor.runWorker(Unknown Source)
	at java.util.concurrent.ThreadPoolExecutor$Worker.run(Unknown Source)
	at java.lang.Thread.run(Unknown Source)
Caused by: java.net.ConnectException: Connection timed out: no further information: /10.65.17.125:9300
	at sun.nio.ch.SocketChannelImpl.checkConnect(Native Method)
	at sun.nio.ch.SocketChannelImpl.finishConnect(Unknown Source)
	at org.elasticsearch.common.netty.channel.socket.nio.NioClientBoss.connect(NioClientBoss.java:152)
	at org.elasticsearch.common.netty.channel.socket.nio.NioClientBoss.processSelectedKeys(NioClientBoss.java:105)
	at org.elasticsearch.common.netty.channel.socket.nio.NioClientBoss.process(NioClientBoss.java:79)
	at org.elasticsearch.common.netty.channel.socket.nio.AbstractNioSelector.run(AbstractNioSelector.java:337)
	at org.elasticsearch.common.netty.channel.socket.nio.NioClientBoss.run(NioClientBoss.java:42)
	at org.elasticsearch.common.netty.util.ThreadRenamingRunnable.run(ThreadRenamingRunnable.java:108)
	at org.elasticsearch.common.netty.util.internal.DeadLockProofWorker$1.run(DeadLockProofWorker.java:42)
	... 3 more
[2560-04-23 19:30:32,270][WARN ][cluster.service          ] [Radius] failed to reconnect to node [Radius][F-WGkhUyQYeNpBliVIcm1Q][DESKTOP-NVAPEKO][inet[/10.65.17.125:9300]]
org.elasticsearch.transport.ConnectTransportException: [Radius][inet[/10.65.17.125:9300]] connect_timeout[30s]
	at org.elasticsearch.transport.netty.NettyTransport.connectToChannels(NettyTransport.java:825)
	at org.elasticsearch.transport.netty.NettyTransport.connectToNode(NettyTransport.java:758)
	at org.elasticsearch.transport.netty.NettyTransport.connectToNode(NettyTransport.java:731)
	at org.elasticsearch.transport.TransportService.connectToNode(TransportService.java:216)
	at org.elasticsearch.cluster.service.InternalClusterService$ReconnectToNodes.run(InternalClusterService.java:584)
	at java.util.concurrent.ThreadPoolExecutor.runWorker(Unknown Source)
	at java.util.concurrent.ThreadPoolExecutor$Worker.run(Unknown Source)
	at java.lang.Thread.run(Unknown Source)
Caused by: java.net.ConnectException: Connection timed out: no further information: /10.65.17.125:9300
	at sun.nio.ch.SocketChannelImpl.checkConnect(Native Method)
	at sun.nio.ch.SocketChannelImpl.finishConnect(Unknown Source)
	at org.elasticsearch.common.netty.channel.socket.nio.NioClientBoss.connect(NioClientBoss.java:152)
	at org.elasticsearch.common.netty.channel.socket.nio.NioClientBoss.processSelectedKeys(NioClientBoss.java:105)
	at org.elasticsearch.common.netty.channel.socket.nio.NioClientBoss.process(NioClientBoss.java:79)
	at org.elasticsearch.common.netty.channel.socket.nio.AbstractNioSelector.run(AbstractNioSelector.java:337)
	at org.elasticsearch.common.netty.channel.socket.nio.NioClientBoss.run(NioClientBoss.java:42)
	at org.elasticsearch.common.netty.util.ThreadRenamingRunnable.run(ThreadRenamingRunnable.java:108)
	at org.elasticsearch.common.netty.util.internal.DeadLockProofWorker$1.run(DeadLockProofWorker.java:42)
	... 3 more
[2560-04-23 19:33:38,431][WARN ][cluster.service          ] [Radius] failed to reconnect to node [Radius][F-WGkhUyQYeNpBliVIcm1Q][DESKTOP-NVAPEKO][inet[/10.65.17.125:9300]]
org.elasticsearch.transport.ConnectTransportException: [Radius][inet[/10.65.17.125:9300]] connect_timeout[30s]
	at org.elasticsearch.transport.netty.NettyTransport.connectToChannels(NettyTransport.java:825)
	at org.elasticsearch.transport.netty.NettyTransport.connectToNode(NettyTransport.java:758)
	at org.elasticsearch.transport.netty.NettyTransport.connectToNode(NettyTransport.java:731)
	at org.elasticsearch.transport.TransportService.connectToNode(TransportService.java:216)
	at org.elasticsearch.cluster.service.InternalClusterService$ReconnectToNodes.run(InternalClusterService.java:584)
	at java.util.concurrent.ThreadPoolExecutor.runWorker(Unknown Source)
	at java.util.concurrent.ThreadPoolExecutor$Worker.run(Unknown Source)
	at java.lang.Thread.run(Unknown Source)
Caused by: java.net.ConnectException: Connection timed out: no further information: /10.65.17.125:9300
	at sun.nio.ch.SocketChannelImpl.checkConnect(Native Method)
	at sun.nio.ch.SocketChannelImpl.finishConnect(Unknown Source)
	at org.elasticsearch.common.netty.channel.socket.nio.NioClientBoss.connect(NioClientBoss.java:152)
	at org.elasticsearch.common.netty.channel.socket.nio.NioClientBoss.processSelectedKeys(NioClientBoss.java:105)
	at org.elasticsearch.common.netty.channel.socket.nio.NioClientBoss.process(NioClientBoss.java:79)
	at org.elasticsearch.common.netty.channel.socket.nio.AbstractNioSelector.run(AbstractNioSelector.java:337)
	at org.elasticsearch.common.netty.channel.socket.nio.NioClientBoss.run(NioClientBoss.java:42)
	at org.elasticsearch.common.netty.util.ThreadRenamingRunnable.run(ThreadRenamingRunnable.java:108)
	at org.elasticsearch.common.netty.util.internal.DeadLockProofWorker$1.run(DeadLockProofWorker.java:42)
	... 3 more
[2560-04-23 19:36:44,613][WARN ][cluster.service          ] [Radius] failed to reconnect to node [Radius][F-WGkhUyQYeNpBliVIcm1Q][DESKTOP-NVAPEKO][inet[/10.65.17.125:9300]]
org.elasticsearch.transport.ConnectTransportException: [Radius][inet[/10.65.17.125:9300]] connect_timeout[30s]
	at org.elasticsearch.transport.netty.NettyTransport.connectToChannels(NettyTransport.java:825)
	at org.elasticsearch.transport.netty.NettyTransport.connectToNode(NettyTransport.java:758)
	at org.elasticsearch.transport.netty.NettyTransport.connectToNode(NettyTransport.java:731)
	at org.elasticsearch.transport.TransportService.connectToNode(TransportService.java:216)
	at org.elasticsearch.cluster.service.InternalClusterService$ReconnectToNodes.run(InternalClusterService.java:584)
	at java.util.concurrent.ThreadPoolExecutor.runWorker(Unknown Source)
	at java.util.concurrent.ThreadPoolExecutor$Worker.run(Unknown Source)
	at java.lang.Thread.run(Unknown Source)
Caused by: java.net.ConnectException: Connection timed out: no further information: /10.65.17.125:9300
	at sun.nio.ch.SocketChannelImpl.checkConnect(Native Method)
	at sun.nio.ch.SocketChannelImpl.finishConnect(Unknown Source)
	at org.elasticsearch.common.netty.channel.socket.nio.NioClientBoss.connect(NioClientBoss.java:152)
	at org.elasticsearch.common.netty.channel.socket.nio.NioClientBoss.processSelectedKeys(NioClientBoss.java:105)
	at org.elasticsearch.common.netty.channel.socket.nio.NioClientBoss.process(NioClientBoss.java:79)
	at org.elasticsearch.common.netty.channel.socket.nio.AbstractNioSelector.run(AbstractNioSelector.java:337)
	at org.elasticsearch.common.netty.channel.socket.nio.NioClientBoss.run(NioClientBoss.java:42)
	at org.elasticsearch.common.netty.util.ThreadRenamingRunnable.run(ThreadRenamingRunnable.java:108)
	at org.elasticsearch.common.netty.util.internal.DeadLockProofWorker$1.run(DeadLockProofWorker.java:42)
	... 3 more
[2560-04-23 19:39:50,937][WARN ][cluster.service          ] [Radius] failed to reconnect to node [Radius][F-WGkhUyQYeNpBliVIcm1Q][DESKTOP-NVAPEKO][inet[/10.65.17.125:9300]]
org.elasticsearch.transport.ConnectTransportException: [Radius][inet[/10.65.17.125:9300]] connect_timeout[30s]
	at org.elasticsearch.transport.netty.NettyTransport.connectToChannels(NettyTransport.java:825)
	at org.elasticsearch.transport.netty.NettyTransport.connectToNode(NettyTransport.java:758)
	at org.elasticsearch.transport.netty.NettyTransport.connectToNode(NettyTransport.java:731)
	at org.elasticsearch.transport.TransportService.connectToNode(TransportService.java:216)
	at org.elasticsearch.cluster.service.InternalClusterService$ReconnectToNodes.run(InternalClusterService.java:584)
	at java.util.concurrent.ThreadPoolExecutor.runWorker(Unknown Source)
	at java.util.concurrent.ThreadPoolExecutor$Worker.run(Unknown Source)
	at java.lang.Thread.run(Unknown Source)
Caused by: java.net.ConnectException: Connection timed out: no further information: /10.65.17.125:9300
	at sun.nio.ch.SocketChannelImpl.checkConnect(Native Method)
	at sun.nio.ch.SocketChannelImpl.finishConnect(Unknown Source)
	at org.elasticsearch.common.netty.channel.socket.nio.NioClientBoss.connect(NioClientBoss.java:152)
	at org.elasticsearch.common.netty.channel.socket.nio.NioClientBoss.processSelectedKeys(NioClientBoss.java:105)
	at org.elasticsearch.common.netty.channel.socket.nio.NioClientBoss.process(NioClientBoss.java:79)
	at org.elasticsearch.common.netty.channel.socket.nio.AbstractNioSelector.run(AbstractNioSelector.java:337)
	at org.elasticsearch.common.netty.channel.socket.nio.NioClientBoss.run(NioClientBoss.java:42)
	at org.elasticsearch.common.netty.util.ThreadRenamingRunnable.run(ThreadRenamingRunnable.java:108)
	at org.elasticsearch.common.netty.util.internal.DeadLockProofWorker$1.run(DeadLockProofWorker.java:42)
	... 3 more
[2560-04-23 19:42:57,115][WARN ][cluster.service          ] [Radius] failed to reconnect to node [Radius][F-WGkhUyQYeNpBliVIcm1Q][DESKTOP-NVAPEKO][inet[/10.65.17.125:9300]]
org.elasticsearch.transport.ConnectTransportException: [Radius][inet[/10.65.17.125:9300]] connect_timeout[30s]
	at org.elasticsearch.transport.netty.NettyTransport.connectToChannels(NettyTransport.java:825)
	at org.elasticsearch.transport.netty.NettyTransport.connectToNode(NettyTransport.java:758)
	at org.elasticsearch.transport.netty.NettyTransport.connectToNode(NettyTransport.java:731)
	at org.elasticsearch.transport.TransportService.connectToNode(TransportService.java:216)
	at org.elasticsearch.cluster.service.InternalClusterService$ReconnectToNodes.run(InternalClusterService.java:584)
	at java.util.concurrent.ThreadPoolExecutor.runWorker(Unknown Source)
	at java.util.concurrent.ThreadPoolExecutor$Worker.run(Unknown Source)
	at java.lang.Thread.run(Unknown Source)
Caused by: java.net.ConnectException: Connection timed out: no further information: /10.65.17.125:9300
	at sun.nio.ch.SocketChannelImpl.checkConnect(Native Method)
	at sun.nio.ch.SocketChannelImpl.finishConnect(Unknown Source)
	at org.elasticsearch.common.netty.channel.socket.nio.NioClientBoss.connect(NioClientBoss.java:152)
	at org.elasticsearch.common.netty.channel.socket.nio.NioClientBoss.processSelectedKeys(NioClientBoss.java:105)
	at org.elasticsearch.common.netty.channel.socket.nio.NioClientBoss.process(NioClientBoss.java:79)
	at org.elasticsearch.common.netty.channel.socket.nio.AbstractNioSelector.run(AbstractNioSelector.java:337)
	at org.elasticsearch.common.netty.channel.socket.nio.NioClientBoss.run(NioClientBoss.java:42)
	at org.elasticsearch.common.netty.util.ThreadRenamingRunnable.run(ThreadRenamingRunnable.java:108)
	at org.elasticsearch.common.netty.util.internal.DeadLockProofWorker$1.run(DeadLockProofWorker.java:42)
	... 3 more
[2560-04-23 19:46:03,364][WARN ][cluster.service          ] [Radius] failed to reconnect to node [Radius][F-WGkhUyQYeNpBliVIcm1Q][DESKTOP-NVAPEKO][inet[/10.65.17.125:9300]]
org.elasticsearch.transport.ConnectTransportException: [Radius][inet[/10.65.17.125:9300]] connect_timeout[30s]
	at org.elasticsearch.transport.netty.NettyTransport.connectToChannels(NettyTransport.java:825)
	at org.elasticsearch.transport.netty.NettyTransport.connectToNode(NettyTransport.java:758)
	at org.elasticsearch.transport.netty.NettyTransport.connectToNode(NettyTransport.java:731)
	at org.elasticsearch.transport.TransportService.connectToNode(TransportService.java:216)
	at org.elasticsearch.cluster.service.InternalClusterService$ReconnectToNodes.run(InternalClusterService.java:584)
	at java.util.concurrent.ThreadPoolExecutor.runWorker(Unknown Source)
	at java.util.concurrent.ThreadPoolExecutor$Worker.run(Unknown Source)
	at java.lang.Thread.run(Unknown Source)
Caused by: java.net.ConnectException: Connection timed out: no further information: /10.65.17.125:9300
	at sun.nio.ch.SocketChannelImpl.checkConnect(Native Method)
	at sun.nio.ch.SocketChannelImpl.finishConnect(Unknown Source)
	at org.elasticsearch.common.netty.channel.socket.nio.NioClientBoss.connect(NioClientBoss.java:152)
	at org.elasticsearch.common.netty.channel.socket.nio.NioClientBoss.processSelectedKeys(NioClientBoss.java:105)
	at org.elasticsearch.common.netty.channel.socket.nio.NioClientBoss.process(NioClientBoss.java:79)
	at org.elasticsearch.common.netty.channel.socket.nio.AbstractNioSelector.run(AbstractNioSelector.java:337)
	at org.elasticsearch.common.netty.channel.socket.nio.NioClientBoss.run(NioClientBoss.java:42)
	at org.elasticsearch.common.netty.util.ThreadRenamingRunnable.run(ThreadRenamingRunnable.java:108)
	at org.elasticsearch.common.netty.util.internal.DeadLockProofWorker$1.run(DeadLockProofWorker.java:42)
	... 3 more
[2560-04-23 19:49:09,636][WARN ][cluster.service          ] [Radius] failed to reconnect to node [Radius][F-WGkhUyQYeNpBliVIcm1Q][DESKTOP-NVAPEKO][inet[/10.65.17.125:9300]]
org.elasticsearch.transport.ConnectTransportException: [Radius][inet[/10.65.17.125:9300]] connect_timeout[30s]
	at org.elasticsearch.transport.netty.NettyTransport.connectToChannels(NettyTransport.java:825)
	at org.elasticsearch.transport.netty.NettyTransport.connectToNode(NettyTransport.java:758)
	at org.elasticsearch.transport.netty.NettyTransport.connectToNode(NettyTransport.java:731)
	at org.elasticsearch.transport.TransportService.connectToNode(TransportService.java:216)
	at org.elasticsearch.cluster.service.InternalClusterService$ReconnectToNodes.run(InternalClusterService.java:584)
	at java.util.concurrent.ThreadPoolExecutor.runWorker(Unknown Source)
	at java.util.concurrent.ThreadPoolExecutor$Worker.run(Unknown Source)
	at java.lang.Thread.run(Unknown Source)
Caused by: java.net.ConnectException: Connection timed out: no further information: /10.65.17.125:9300
	at sun.nio.ch.SocketChannelImpl.checkConnect(Native Method)
	at sun.nio.ch.SocketChannelImpl.finishConnect(Unknown Source)
	at org.elasticsearch.common.netty.channel.socket.nio.NioClientBoss.connect(NioClientBoss.java:152)
	at org.elasticsearch.common.netty.channel.socket.nio.NioClientBoss.processSelectedKeys(NioClientBoss.java:105)
	at org.elasticsearch.common.netty.channel.socket.nio.NioClientBoss.process(NioClientBoss.java:79)
	at org.elasticsearch.common.netty.channel.socket.nio.AbstractNioSelector.run(AbstractNioSelector.java:337)
	at org.elasticsearch.common.netty.channel.socket.nio.NioClientBoss.run(NioClientBoss.java:42)
	at org.elasticsearch.common.netty.util.ThreadRenamingRunnable.run(ThreadRenamingRunnable.java:108)
	at org.elasticsearch.common.netty.util.internal.DeadLockProofWorker$1.run(DeadLockProofWorker.java:42)
	... 3 more
[2560-04-23 19:52:15,931][WARN ][cluster.service          ] [Radius] failed to reconnect to node [Radius][F-WGkhUyQYeNpBliVIcm1Q][DESKTOP-NVAPEKO][inet[/10.65.17.125:9300]]
org.elasticsearch.transport.ConnectTransportException: [Radius][inet[/10.65.17.125:9300]] connect_timeout[30s]
	at org.elasticsearch.transport.netty.NettyTransport.connectToChannels(NettyTransport.java:825)
	at org.elasticsearch.transport.netty.NettyTransport.connectToNode(NettyTransport.java:758)
	at org.elasticsearch.transport.netty.NettyTransport.connectToNode(NettyTransport.java:731)
	at org.elasticsearch.transport.TransportService.connectToNode(TransportService.java:216)
	at org.elasticsearch.cluster.service.InternalClusterService$ReconnectToNodes.run(InternalClusterService.java:584)
	at java.util.concurrent.ThreadPoolExecutor.runWorker(Unknown Source)
	at java.util.concurrent.ThreadPoolExecutor$Worker.run(Unknown Source)
	at java.lang.Thread.run(Unknown Source)
Caused by: java.net.ConnectException: Connection timed out: no further information: /10.65.17.125:9300
	at sun.nio.ch.SocketChannelImpl.checkConnect(Native Method)
	at sun.nio.ch.SocketChannelImpl.finishConnect(Unknown Source)
	at org.elasticsearch.common.netty.channel.socket.nio.NioClientBoss.connect(NioClientBoss.java:152)
	at org.elasticsearch.common.netty.channel.socket.nio.NioClientBoss.processSelectedKeys(NioClientBoss.java:105)
	at org.elasticsearch.common.netty.channel.socket.nio.NioClientBoss.process(NioClientBoss.java:79)
	at org.elasticsearch.common.netty.channel.socket.nio.AbstractNioSelector.run(AbstractNioSelector.java:337)
	at org.elasticsearch.common.netty.channel.socket.nio.NioClientBoss.run(NioClientBoss.java:42)
	at org.elasticsearch.common.netty.util.ThreadRenamingRunnable.run(ThreadRenamingRunnable.java:108)
	at org.elasticsearch.common.netty.util.internal.DeadLockProofWorker$1.run(DeadLockProofWorker.java:42)
	... 3 more
[2560-04-23 19:55:22,334][WARN ][cluster.service          ] [Radius] failed to reconnect to node [Radius][F-WGkhUyQYeNpBliVIcm1Q][DESKTOP-NVAPEKO][inet[/10.65.17.125:9300]]
org.elasticsearch.transport.ConnectTransportException: [Radius][inet[/10.65.17.125:9300]] connect_timeout[30s]
	at org.elasticsearch.transport.netty.NettyTransport.connectToChannels(NettyTransport.java:825)
	at org.elasticsearch.transport.netty.NettyTransport.connectToNode(NettyTransport.java:758)
	at org.elasticsearch.transport.netty.NettyTransport.connectToNode(NettyTransport.java:731)
	at org.elasticsearch.transport.TransportService.connectToNode(TransportService.java:216)
	at org.elasticsearch.cluster.service.InternalClusterService$ReconnectToNodes.run(InternalClusterService.java:584)
	at java.util.concurrent.ThreadPoolExecutor.runWorker(Unknown Source)
	at java.util.concurrent.ThreadPoolExecutor$Worker.run(Unknown Source)
	at java.lang.Thread.run(Unknown Source)
Caused by: java.net.ConnectException: Connection timed out: no further information: /10.65.17.125:9300
	at sun.nio.ch.SocketChannelImpl.checkConnect(Native Method)
	at sun.nio.ch.SocketChannelImpl.finishConnect(Unknown Source)
	at org.elasticsearch.common.netty.channel.socket.nio.NioClientBoss.connect(NioClientBoss.java:152)
	at org.elasticsearch.common.netty.channel.socket.nio.NioClientBoss.processSelectedKeys(NioClientBoss.java:105)
	at org.elasticsearch.common.netty.channel.socket.nio.NioClientBoss.process(NioClientBoss.java:79)
	at org.elasticsearch.common.netty.channel.socket.nio.AbstractNioSelector.run(AbstractNioSelector.java:337)
	at org.elasticsearch.common.netty.channel.socket.nio.NioClientBoss.run(NioClientBoss.java:42)
	at org.elasticsearch.common.netty.util.ThreadRenamingRunnable.run(ThreadRenamingRunnable.java:108)
	at org.elasticsearch.common.netty.util.internal.DeadLockProofWorker$1.run(DeadLockProofWorker.java:42)
	... 3 more
[2560-04-23 19:58:28,591][WARN ][cluster.service          ] [Radius] failed to reconnect to node [Radius][F-WGkhUyQYeNpBliVIcm1Q][DESKTOP-NVAPEKO][inet[/10.65.17.125:9300]]
org.elasticsearch.transport.ConnectTransportException: [Radius][inet[/10.65.17.125:9300]] connect_timeout[30s]
	at org.elasticsearch.transport.netty.NettyTransport.connectToChannels(NettyTransport.java:825)
	at org.elasticsearch.transport.netty.NettyTransport.connectToNode(NettyTransport.java:758)
	at org.elasticsearch.transport.netty.NettyTransport.connectToNode(NettyTransport.java:731)
	at org.elasticsearch.transport.TransportService.connectToNode(TransportService.java:216)
	at org.elasticsearch.cluster.service.InternalClusterService$ReconnectToNodes.run(InternalClusterService.java:584)
	at java.util.concurrent.ThreadPoolExecutor.runWorker(Unknown Source)
	at java.util.concurrent.ThreadPoolExecutor$Worker.run(Unknown Source)
	at java.lang.Thread.run(Unknown Source)
Caused by: java.net.ConnectException: Connection timed out: no further information: /10.65.17.125:9300
	at sun.nio.ch.SocketChannelImpl.checkConnect(Native Method)
	at sun.nio.ch.SocketChannelImpl.finishConnect(Unknown Source)
	at org.elasticsearch.common.netty.channel.socket.nio.NioClientBoss.connect(NioClientBoss.java:152)
	at org.elasticsearch.common.netty.channel.socket.nio.NioClientBoss.processSelectedKeys(NioClientBoss.java:105)
	at org.elasticsearch.common.netty.channel.socket.nio.NioClientBoss.process(NioClientBoss.java:79)
	at org.elasticsearch.common.netty.channel.socket.nio.AbstractNioSelector.run(AbstractNioSelector.java:337)
	at org.elasticsearch.common.netty.channel.socket.nio.NioClientBoss.run(NioClientBoss.java:42)
	at org.elasticsearch.common.netty.util.ThreadRenamingRunnable.run(ThreadRenamingRunnable.java:108)
	at org.elasticsearch.common.netty.util.internal.DeadLockProofWorker$1.run(DeadLockProofWorker.java:42)
	... 3 more
[2560-04-23 20:01:34,847][WARN ][cluster.service          ] [Radius] failed to reconnect to node [Radius][F-WGkhUyQYeNpBliVIcm1Q][DESKTOP-NVAPEKO][inet[/10.65.17.125:9300]]
org.elasticsearch.transport.ConnectTransportException: [Radius][inet[/10.65.17.125:9300]] connect_timeout[30s]
	at org.elasticsearch.transport.netty.NettyTransport.connectToChannels(NettyTransport.java:825)
	at org.elasticsearch.transport.netty.NettyTransport.connectToNode(NettyTransport.java:758)
	at org.elasticsearch.transport.netty.NettyTransport.connectToNode(NettyTransport.java:731)
	at org.elasticsearch.transport.TransportService.connectToNode(TransportService.java:216)
	at org.elasticsearch.cluster.service.InternalClusterService$ReconnectToNodes.run(InternalClusterService.java:584)
	at java.util.concurrent.ThreadPoolExecutor.runWorker(Unknown Source)
	at java.util.concurrent.ThreadPoolExecutor$Worker.run(Unknown Source)
	at java.lang.Thread.run(Unknown Source)
Caused by: java.net.ConnectException: Connection timed out: no further information: /10.65.17.125:9300
	at sun.nio.ch.SocketChannelImpl.checkConnect(Native Method)
	at sun.nio.ch.SocketChannelImpl.finishConnect(Unknown Source)
	at org.elasticsearch.common.netty.channel.socket.nio.NioClientBoss.connect(NioClientBoss.java:152)
	at org.elasticsearch.common.netty.channel.socket.nio.NioClientBoss.processSelectedKeys(NioClientBoss.java:105)
	at org.elasticsearch.common.netty.channel.socket.nio.NioClientBoss.process(NioClientBoss.java:79)
	at org.elasticsearch.common.netty.channel.socket.nio.AbstractNioSelector.run(AbstractNioSelector.java:337)
	at org.elasticsearch.common.netty.channel.socket.nio.NioClientBoss.run(NioClientBoss.java:42)
	at org.elasticsearch.common.netty.util.ThreadRenamingRunnable.run(ThreadRenamingRunnable.java:108)
	at org.elasticsearch.common.netty.util.internal.DeadLockProofWorker$1.run(DeadLockProofWorker.java:42)
	... 3 more
[2560-04-23 20:04:41,078][WARN ][cluster.service          ] [Radius] failed to reconnect to node [Radius][F-WGkhUyQYeNpBliVIcm1Q][DESKTOP-NVAPEKO][inet[/10.65.17.125:9300]]
org.elasticsearch.transport.ConnectTransportException: [Radius][inet[/10.65.17.125:9300]] connect_timeout[30s]
	at org.elasticsearch.transport.netty.NettyTransport.connectToChannels(NettyTransport.java:825)
	at org.elasticsearch.transport.netty.NettyTransport.connectToNode(NettyTransport.java:758)
	at org.elasticsearch.transport.netty.NettyTransport.connectToNode(NettyTransport.java:731)
	at org.elasticsearch.transport.TransportService.connectToNode(TransportService.java:216)
	at org.elasticsearch.cluster.service.InternalClusterService$ReconnectToNodes.run(InternalClusterService.java:584)
	at java.util.concurrent.ThreadPoolExecutor.runWorker(Unknown Source)
	at java.util.concurrent.ThreadPoolExecutor$Worker.run(Unknown Source)
	at java.lang.Thread.run(Unknown Source)
Caused by: java.net.ConnectException: Connection timed out: no further information: /10.65.17.125:9300
	at sun.nio.ch.SocketChannelImpl.checkConnect(Native Method)
	at sun.nio.ch.SocketChannelImpl.finishConnect(Unknown Source)
	at org.elasticsearch.common.netty.channel.socket.nio.NioClientBoss.connect(NioClientBoss.java:152)
	at org.elasticsearch.common.netty.channel.socket.nio.NioClientBoss.processSelectedKeys(NioClientBoss.java:105)
	at org.elasticsearch.common.netty.channel.socket.nio.NioClientBoss.process(NioClientBoss.java:79)
	at org.elasticsearch.common.netty.channel.socket.nio.AbstractNioSelector.run(AbstractNioSelector.java:337)
	at org.elasticsearch.common.netty.channel.socket.nio.NioClientBoss.run(NioClientBoss.java:42)
	at org.elasticsearch.common.netty.util.ThreadRenamingRunnable.run(ThreadRenamingRunnable.java:108)
	at org.elasticsearch.common.netty.util.internal.DeadLockProofWorker$1.run(DeadLockProofWorker.java:42)
	... 3 more
[2560-04-23 20:07:47,273][WARN ][cluster.service          ] [Radius] failed to reconnect to node [Radius][F-WGkhUyQYeNpBliVIcm1Q][DESKTOP-NVAPEKO][inet[/10.65.17.125:9300]]
org.elasticsearch.transport.ConnectTransportException: [Radius][inet[/10.65.17.125:9300]] connect_timeout[30s]
	at org.elasticsearch.transport.netty.NettyTransport.connectToChannels(NettyTransport.java:825)
	at org.elasticsearch.transport.netty.NettyTransport.connectToNode(NettyTransport.java:758)
	at org.elasticsearch.transport.netty.NettyTransport.connectToNode(NettyTransport.java:731)
	at org.elasticsearch.transport.TransportService.connectToNode(TransportService.java:216)
	at org.elasticsearch.cluster.service.InternalClusterService$ReconnectToNodes.run(InternalClusterService.java:584)
	at java.util.concurrent.ThreadPoolExecutor.runWorker(Unknown Source)
	at java.util.concurrent.ThreadPoolExecutor$Worker.run(Unknown Source)
	at java.lang.Thread.run(Unknown Source)
Caused by: java.net.ConnectException: Connection timed out: no further information: /10.65.17.125:9300
	at sun.nio.ch.SocketChannelImpl.checkConnect(Native Method)
	at sun.nio.ch.SocketChannelImpl.finishConnect(Unknown Source)
	at org.elasticsearch.common.netty.channel.socket.nio.NioClientBoss.connect(NioClientBoss.java:152)
	at org.elasticsearch.common.netty.channel.socket.nio.NioClientBoss.processSelectedKeys(NioClientBoss.java:105)
	at org.elasticsearch.common.netty.channel.socket.nio.NioClientBoss.process(NioClientBoss.java:79)
	at org.elasticsearch.common.netty.channel.socket.nio.AbstractNioSelector.run(AbstractNioSelector.java:337)
	at org.elasticsearch.common.netty.channel.socket.nio.NioClientBoss.run(NioClientBoss.java:42)
	at org.elasticsearch.common.netty.util.ThreadRenamingRunnable.run(ThreadRenamingRunnable.java:108)
	at org.elasticsearch.common.netty.util.internal.DeadLockProofWorker$1.run(DeadLockProofWorker.java:42)
	... 3 more
[2560-04-23 20:10:53,415][WARN ][cluster.service          ] [Radius] failed to reconnect to node [Radius][F-WGkhUyQYeNpBliVIcm1Q][DESKTOP-NVAPEKO][inet[/10.65.17.125:9300]]
org.elasticsearch.transport.ConnectTransportException: [Radius][inet[/10.65.17.125:9300]] connect_timeout[30s]
	at org.elasticsearch.transport.netty.NettyTransport.connectToChannels(NettyTransport.java:825)
	at org.elasticsearch.transport.netty.NettyTransport.connectToNode(NettyTransport.java:758)
	at org.elasticsearch.transport.netty.NettyTransport.connectToNode(NettyTransport.java:731)
	at org.elasticsearch.transport.TransportService.connectToNode(TransportService.java:216)
	at org.elasticsearch.cluster.service.InternalClusterService$ReconnectToNodes.run(InternalClusterService.java:584)
	at java.util.concurrent.ThreadPoolExecutor.runWorker(Unknown Source)
	at java.util.concurrent.ThreadPoolExecutor$Worker.run(Unknown Source)
	at java.lang.Thread.run(Unknown Source)
Caused by: java.net.ConnectException: Connection timed out: no further information: /10.65.17.125:9300
	at sun.nio.ch.SocketChannelImpl.checkConnect(Native Method)
	at sun.nio.ch.SocketChannelImpl.finishConnect(Unknown Source)
	at org.elasticsearch.common.netty.channel.socket.nio.NioClientBoss.connect(NioClientBoss.java:152)
	at org.elasticsearch.common.netty.channel.socket.nio.NioClientBoss.processSelectedKeys(NioClientBoss.java:105)
	at org.elasticsearch.common.netty.channel.socket.nio.NioClientBoss.process(NioClientBoss.java:79)
	at org.elasticsearch.common.netty.channel.socket.nio.AbstractNioSelector.run(AbstractNioSelector.java:337)
	at org.elasticsearch.common.netty.channel.socket.nio.NioClientBoss.run(NioClientBoss.java:42)
	at org.elasticsearch.common.netty.util.ThreadRenamingRunnable.run(ThreadRenamingRunnable.java:108)
	at org.elasticsearch.common.netty.util.internal.DeadLockProofWorker$1.run(DeadLockProofWorker.java:42)
	... 3 more
[2560-04-23 20:12:16,787][INFO ][bootstrap                ] running graceful exit on windows
[2560-04-23 20:12:16,832][INFO ][node                     ] [Radius] stopping ...
