[2017-04-22T19:34:47,444][WARN ][o.e.d.i.m.StringFieldMapper$TypeParser] The [string] field is deprecated, please use [text] or [keyword] instead on [django_ct]
[2017-04-22T19:34:47,458][WARN ][o.e.d.i.m.TypeParsers    ] field [include_in_all] is deprecated, as [_all] is deprecated, and will be disallowed in 6.0, use [copy_to] instead.
[2017-04-22T19:34:47,463][WARN ][o.e.d.i.m.StringFieldMapper$TypeParser] The [string] field is deprecated, please use [text] or [keyword] instead on [django_id]
[2017-04-22T19:34:47,464][WARN ][o.e.d.i.m.TypeParsers    ] field [include_in_all] is deprecated, as [_all] is deprecated, and will be disallowed in 6.0, use [copy_to] instead.
[2017-04-22T19:34:47,464][WARN ][o.e.d.i.m.StringFieldMapper$TypeParser] The [string] field is deprecated, please use [text] or [keyword] instead on [text]
[2017-04-22T19:34:47,467][WARN ][o.e.d.i.m.StringFieldMapper$TypeParser] The [string] field is deprecated, please use [text] or [keyword] instead on [name]
[2017-04-22T19:34:47,469][WARN ][o.e.d.i.m.StringFieldMapper$TypeParser] The [string] field is deprecated, please use [text] or [keyword] instead on [genre]
[2017-04-22T19:34:47,469][WARN ][o.e.d.i.m.StringFieldMapper$TypeParser] The [string] field is deprecated, please use [text] or [keyword] instead on [director]
[2017-04-22T19:34:47,469][WARN ][o.e.d.i.m.StringFieldMapper$TypeParser] The [string] field is deprecated, please use [text] or [keyword] instead on [writer]
[2017-04-22T19:34:47,470][WARN ][o.e.d.i.m.StringFieldMapper$TypeParser] The [string] field is deprecated, please use [text] or [keyword] instead on [film_production]
[2017-04-22T19:34:47,559][WARN ][o.e.d.i.m.StringFieldMapper$TypeParser] The [string] field is deprecated, please use [text] or [keyword] instead on [django_ct]
[2017-04-22T19:34:47,560][WARN ][o.e.d.i.m.TypeParsers    ] field [include_in_all] is deprecated, as [_all] is deprecated, and will be disallowed in 6.0, use [copy_to] instead.
[2017-04-22T19:34:47,560][WARN ][o.e.d.i.m.StringFieldMapper$TypeParser] The [string] field is deprecated, please use [text] or [keyword] instead on [django_id]
[2017-04-22T19:34:47,561][WARN ][o.e.d.i.m.TypeParsers    ] field [include_in_all] is deprecated, as [_all] is deprecated, and will be disallowed in 6.0, use [copy_to] instead.
[2017-04-22T19:34:47,561][WARN ][o.e.d.i.m.StringFieldMapper$TypeParser] The [string] field is deprecated, please use [text] or [keyword] instead on [text]
[2017-04-22T19:34:47,561][WARN ][o.e.d.i.m.StringFieldMapper$TypeParser] The [string] field is deprecated, please use [text] or [keyword] instead on [name]
[2017-04-22T19:34:47,562][WARN ][o.e.d.i.m.StringFieldMapper$TypeParser] The [string] field is deprecated, please use [text] or [keyword] instead on [genre]
[2017-04-22T19:34:47,562][WARN ][o.e.d.i.m.StringFieldMapper$TypeParser] The [string] field is deprecated, please use [text] or [keyword] instead on [director]
[2017-04-22T19:34:47,562][WARN ][o.e.d.i.m.StringFieldMapper$TypeParser] The [string] field is deprecated, please use [text] or [keyword] instead on [writer]
[2017-04-22T19:34:47,563][WARN ][o.e.d.i.m.StringFieldMapper$TypeParser] The [string] field is deprecated, please use [text] or [keyword] instead on [film_production]
[2017-04-22T19:34:47,570][WARN ][o.e.d.i.m.TypeParsers    ] field [include_in_all] is deprecated, as [_all] is deprecated, and will be disallowed in 6.0, use [copy_to] instead.
[2017-04-22T19:34:47,570][WARN ][o.e.d.i.m.TypeParsers    ] field [include_in_all] is deprecated, as [_all] is deprecated, and will be disallowed in 6.0, use [copy_to] instead.
[2017-04-22T19:34:47,789][WARN ][o.e.d.i.m.TypeParsers    ] field [include_in_all] is deprecated, as [_all] is deprecated, and will be disallowed in 6.0, use [copy_to] instead.
[2017-04-22T19:34:47,790][WARN ][o.e.d.i.m.TypeParsers    ] field [include_in_all] is deprecated, as [_all] is deprecated, and will be disallowed in 6.0, use [copy_to] instead.
[2017-04-22T19:34:47,804][WARN ][o.e.d.i.m.TypeParsers    ] field [include_in_all] is deprecated, as [_all] is deprecated, and will be disallowed in 6.0, use [copy_to] instead.
[2017-04-22T19:34:47,804][WARN ][o.e.d.i.m.TypeParsers    ] field [include_in_all] is deprecated, as [_all] is deprecated, and will be disallowed in 6.0, use [copy_to] instead.
[2017-04-22T19:34:47,815][WARN ][o.e.d.i.m.TypeParsers    ] field [include_in_all] is deprecated, as [_all] is deprecated, and will be disallowed in 6.0, use [copy_to] instead.
[2017-04-22T19:34:47,815][WARN ][o.e.d.i.m.TypeParsers    ] field [include_in_all] is deprecated, as [_all] is deprecated, and will be disallowed in 6.0, use [copy_to] instead.
[2017-04-22T19:39:35,776][WARN ][o.e.d.i.m.TypeParsers    ] field [include_in_all] is deprecated, as [_all] is deprecated, and will be disallowed in 6.0, use [copy_to] instead.
[2017-04-22T19:39:35,779][WARN ][o.e.d.i.m.TypeParsers    ] field [include_in_all] is deprecated, as [_all] is deprecated, and will be disallowed in 6.0, use [copy_to] instead.
[2017-04-22T19:39:35,781][WARN ][o.e.d.i.m.StringFieldMapper$TypeParser] The [string] field is deprecated, please use [text] or [keyword] instead on [django_ct]
[2017-04-22T19:39:35,781][WARN ][o.e.d.i.m.TypeParsers    ] field [include_in_all] is deprecated, as [_all] is deprecated, and will be disallowed in 6.0, use [copy_to] instead.
[2017-04-22T19:39:35,781][WARN ][o.e.d.i.m.StringFieldMapper$TypeParser] The [string] field is deprecated, please use [text] or [keyword] instead on [django_id]
[2017-04-22T19:39:35,782][WARN ][o.e.d.i.m.TypeParsers    ] field [include_in_all] is deprecated, as [_all] is deprecated, and will be disallowed in 6.0, use [copy_to] instead.
[2017-04-22T19:39:35,782][WARN ][o.e.d.i.m.StringFieldMapper$TypeParser] The [string] field is deprecated, please use [text] or [keyword] instead on [text]
[2017-04-22T19:39:35,782][WARN ][o.e.d.i.m.StringFieldMapper$TypeParser] The [string] field is deprecated, please use [text] or [keyword] instead on [name]
[2017-04-22T19:39:35,782][WARN ][o.e.d.i.m.StringFieldMapper$TypeParser] The [string] field is deprecated, please use [text] or [keyword] instead on [genre]
[2017-04-22T19:39:35,783][WARN ][o.e.d.i.m.StringFieldMapper$TypeParser] The [string] field is deprecated, please use [text] or [keyword] instead on [director]
[2017-04-22T19:39:35,783][WARN ][o.e.d.i.m.StringFieldMapper$TypeParser] The [string] field is deprecated, please use [text] or [keyword] instead on [writer]
[2017-04-22T19:39:35,783][WARN ][o.e.d.i.m.StringFieldMapper$TypeParser] The [string] field is deprecated, please use [text] or [keyword] instead on [film_production]
[2017-04-22T19:39:35,785][WARN ][o.e.d.i.m.StringFieldMapper$TypeParser] The [string] field is deprecated, please use [text] or [keyword] instead on [django_ct]
[2017-04-22T19:39:35,785][WARN ][o.e.d.i.m.TypeParsers    ] field [include_in_all] is deprecated, as [_all] is deprecated, and will be disallowed in 6.0, use [copy_to] instead.
[2017-04-22T19:39:35,786][WARN ][o.e.d.i.m.StringFieldMapper$TypeParser] The [string] field is deprecated, please use [text] or [keyword] instead on [django_id]
[2017-04-22T19:39:35,786][WARN ][o.e.d.i.m.TypeParsers    ] field [include_in_all] is deprecated, as [_all] is deprecated, and will be disallowed in 6.0, use [copy_to] instead.
[2017-04-22T19:39:35,786][WARN ][o.e.d.i.m.StringFieldMapper$TypeParser] The [string] field is deprecated, please use [text] or [keyword] instead on [text]
[2017-04-22T19:39:35,787][WARN ][o.e.d.i.m.StringFieldMapper$TypeParser] The [string] field is deprecated, please use [text] or [keyword] instead on [name]
[2017-04-22T19:39:35,787][WARN ][o.e.d.i.m.StringFieldMapper$TypeParser] The [string] field is deprecated, please use [text] or [keyword] instead on [genre]
[2017-04-22T19:39:35,787][WARN ][o.e.d.i.m.StringFieldMapper$TypeParser] The [string] field is deprecated, please use [text] or [keyword] instead on [director]
[2017-04-22T19:39:35,788][WARN ][o.e.d.i.m.StringFieldMapper$TypeParser] The [string] field is deprecated, please use [text] or [keyword] instead on [writer]
[2017-04-22T19:39:35,788][WARN ][o.e.d.i.m.StringFieldMapper$TypeParser] The [string] field is deprecated, please use [text] or [keyword] instead on [film_production]
[2017-04-22T19:39:40,109][WARN ][o.e.d.i.m.TypeParsers    ] field [include_in_all] is deprecated, as [_all] is deprecated, and will be disallowed in 6.0, use [copy_to] instead.
[2017-04-22T19:39:40,109][WARN ][o.e.d.i.m.TypeParsers    ] field [include_in_all] is deprecated, as [_all] is deprecated, and will be disallowed in 6.0, use [copy_to] instead.
[2017-04-22T19:39:40,111][WARN ][o.e.d.i.m.StringFieldMapper$TypeParser] The [string] field is deprecated, please use [text] or [keyword] instead on [django_ct]
[2017-04-22T19:39:40,111][WARN ][o.e.d.i.m.TypeParsers    ] field [include_in_all] is deprecated, as [_all] is deprecated, and will be disallowed in 6.0, use [copy_to] instead.
[2017-04-22T19:39:40,111][WARN ][o.e.d.i.m.StringFieldMapper$TypeParser] The [string] field is deprecated, please use [text] or [keyword] instead on [django_id]
[2017-04-22T19:39:40,112][WARN ][o.e.d.i.m.TypeParsers    ] field [include_in_all] is deprecated, as [_all] is deprecated, and will be disallowed in 6.0, use [copy_to] instead.
[2017-04-22T19:39:40,112][WARN ][o.e.d.i.m.StringFieldMapper$TypeParser] The [string] field is deprecated, please use [text] or [keyword] instead on [text]
[2017-04-22T19:39:40,112][WARN ][o.e.d.i.m.StringFieldMapper$TypeParser] The [string] field is deprecated, please use [text] or [keyword] instead on [name]
[2017-04-22T19:39:40,112][WARN ][o.e.d.i.m.StringFieldMapper$TypeParser] The [string] field is deprecated, please use [text] or [keyword] instead on [genre]
[2017-04-22T19:39:40,113][WARN ][o.e.d.i.m.StringFieldMapper$TypeParser] The [string] field is deprecated, please use [text] or [keyword] instead on [director]
[2017-04-22T19:39:40,113][WARN ][o.e.d.i.m.StringFieldMapper$TypeParser] The [string] field is deprecated, please use [text] or [keyword] instead on [writer]
[2017-04-22T19:39:40,113][WARN ][o.e.d.i.m.StringFieldMapper$TypeParser] The [string] field is deprecated, please use [text] or [keyword] instead on [film_production]
[2017-04-22T19:39:40,116][WARN ][o.e.d.i.m.StringFieldMapper$TypeParser] The [string] field is deprecated, please use [text] or [keyword] instead on [django_ct]
[2017-04-22T19:39:40,117][WARN ][o.e.d.i.m.TypeParsers    ] field [include_in_all] is deprecated, as [_all] is deprecated, and will be disallowed in 6.0, use [copy_to] instead.
[2017-04-22T19:39:40,117][WARN ][o.e.d.i.m.StringFieldMapper$TypeParser] The [string] field is deprecated, please use [text] or [keyword] instead on [django_id]
[2017-04-22T19:39:40,118][WARN ][o.e.d.i.m.TypeParsers    ] field [include_in_all] is deprecated, as [_all] is deprecated, and will be disallowed in 6.0, use [copy_to] instead.
[2017-04-22T19:39:40,118][WARN ][o.e.d.i.m.StringFieldMapper$TypeParser] The [string] field is deprecated, please use [text] or [keyword] instead on [text]
[2017-04-22T19:39:40,119][WARN ][o.e.d.i.m.StringFieldMapper$TypeParser] The [string] field is deprecated, please use [text] or [keyword] instead on [name]
[2017-04-22T19:39:40,119][WARN ][o.e.d.i.m.StringFieldMapper$TypeParser] The [string] field is deprecated, please use [text] or [keyword] instead on [genre]
[2017-04-22T19:39:40,120][WARN ][o.e.d.i.m.StringFieldMapper$TypeParser] The [string] field is deprecated, please use [text] or [keyword] instead on [director]
[2017-04-22T19:39:40,120][WARN ][o.e.d.i.m.StringFieldMapper$TypeParser] The [string] field is deprecated, please use [text] or [keyword] instead on [writer]
[2017-04-22T19:39:40,121][WARN ][o.e.d.i.m.StringFieldMapper$TypeParser] The [string] field is deprecated, please use [text] or [keyword] instead on [film_production]
[2017-04-22T19:39:46,026][WARN ][o.e.d.i.m.TypeParsers    ] field [include_in_all] is deprecated, as [_all] is deprecated, and will be disallowed in 6.0, use [copy_to] instead.
[2017-04-22T19:39:46,027][WARN ][o.e.d.i.m.TypeParsers    ] field [include_in_all] is deprecated, as [_all] is deprecated, and will be disallowed in 6.0, use [copy_to] instead.
[2017-04-22T19:39:46,029][WARN ][o.e.d.i.m.StringFieldMapper$TypeParser] The [string] field is deprecated, please use [text] or [keyword] instead on [django_ct]
[2017-04-22T19:39:46,031][WARN ][o.e.d.i.m.TypeParsers    ] field [include_in_all] is deprecated, as [_all] is deprecated, and will be disallowed in 6.0, use [copy_to] instead.
[2017-04-22T19:39:46,031][WARN ][o.e.d.i.m.StringFieldMapper$TypeParser] The [string] field is deprecated, please use [text] or [keyword] instead on [django_id]
[2017-04-22T19:39:46,032][WARN ][o.e.d.i.m.TypeParsers    ] field [include_in_all] is deprecated, as [_all] is deprecated, and will be disallowed in 6.0, use [copy_to] instead.
[2017-04-22T19:39:46,032][WARN ][o.e.d.i.m.StringFieldMapper$TypeParser] The [string] field is deprecated, please use [text] or [keyword] instead on [text]
[2017-04-22T19:39:46,033][WARN ][o.e.d.i.m.StringFieldMapper$TypeParser] The [string] field is deprecated, please use [text] or [keyword] instead on [name]
[2017-04-22T19:39:46,033][WARN ][o.e.d.i.m.StringFieldMapper$TypeParser] The [string] field is deprecated, please use [text] or [keyword] instead on [genre]
[2017-04-22T19:39:46,034][WARN ][o.e.d.i.m.StringFieldMapper$TypeParser] The [string] field is deprecated, please use [text] or [keyword] instead on [director]
[2017-04-22T19:39:46,034][WARN ][o.e.d.i.m.StringFieldMapper$TypeParser] The [string] field is deprecated, please use [text] or [keyword] instead on [writer]
[2017-04-22T19:39:46,034][WARN ][o.e.d.i.m.StringFieldMapper$TypeParser] The [string] field is deprecated, please use [text] or [keyword] instead on [film_production]
[2017-04-22T19:39:46,037][WARN ][o.e.d.i.m.StringFieldMapper$TypeParser] The [string] field is deprecated, please use [text] or [keyword] instead on [django_ct]
[2017-04-22T19:39:46,038][WARN ][o.e.d.i.m.TypeParsers    ] field [include_in_all] is deprecated, as [_all] is deprecated, and will be disallowed in 6.0, use [copy_to] instead.
[2017-04-22T19:39:46,038][WARN ][o.e.d.i.m.StringFieldMapper$TypeParser] The [string] field is deprecated, please use [text] or [keyword] instead on [django_id]
[2017-04-22T19:39:46,039][WARN ][o.e.d.i.m.TypeParsers    ] field [include_in_all] is deprecated, as [_all] is deprecated, and will be disallowed in 6.0, use [copy_to] instead.
[2017-04-22T19:39:46,039][WARN ][o.e.d.i.m.StringFieldMapper$TypeParser] The [string] field is deprecated, please use [text] or [keyword] instead on [text]
[2017-04-22T19:39:46,039][WARN ][o.e.d.i.m.StringFieldMapper$TypeParser] The [string] field is deprecated, please use [text] or [keyword] instead on [name]
[2017-04-22T19:39:46,040][WARN ][o.e.d.i.m.StringFieldMapper$TypeParser] The [string] field is deprecated, please use [text] or [keyword] instead on [genre]
[2017-04-22T19:39:46,040][WARN ][o.e.d.i.m.StringFieldMapper$TypeParser] The [string] field is deprecated, please use [text] or [keyword] instead on [director]
[2017-04-22T19:39:46,040][WARN ][o.e.d.i.m.StringFieldMapper$TypeParser] The [string] field is deprecated, please use [text] or [keyword] instead on [writer]
[2017-04-22T19:39:46,040][WARN ][o.e.d.i.m.StringFieldMapper$TypeParser] The [string] field is deprecated, please use [text] or [keyword] instead on [film_production]
[2017-04-22T19:39:53,104][WARN ][o.e.d.i.m.TypeParsers    ] field [include_in_all] is deprecated, as [_all] is deprecated, and will be disallowed in 6.0, use [copy_to] instead.
[2017-04-22T19:39:53,105][WARN ][o.e.d.i.m.TypeParsers    ] field [include_in_all] is deprecated, as [_all] is deprecated, and will be disallowed in 6.0, use [copy_to] instead.
[2017-04-22T19:39:53,106][WARN ][o.e.d.i.m.StringFieldMapper$TypeParser] The [string] field is deprecated, please use [text] or [keyword] instead on [django_ct]
[2017-04-22T19:39:53,106][WARN ][o.e.d.i.m.TypeParsers    ] field [include_in_all] is deprecated, as [_all] is deprecated, and will be disallowed in 6.0, use [copy_to] instead.
[2017-04-22T19:39:53,107][WARN ][o.e.d.i.m.StringFieldMapper$TypeParser] The [string] field is deprecated, please use [text] or [keyword] instead on [django_id]
[2017-04-22T19:39:53,107][WARN ][o.e.d.i.m.TypeParsers    ] field [include_in_all] is deprecated, as [_all] is deprecated, and will be disallowed in 6.0, use [copy_to] instead.
[2017-04-22T19:39:53,107][WARN ][o.e.d.i.m.StringFieldMapper$TypeParser] The [string] field is deprecated, please use [text] or [keyword] instead on [text]
[2017-04-22T19:39:53,107][WARN ][o.e.d.i.m.StringFieldMapper$TypeParser] The [string] field is deprecated, please use [text] or [keyword] instead on [name]
[2017-04-22T19:39:53,108][WARN ][o.e.d.i.m.StringFieldMapper$TypeParser] The [string] field is deprecated, please use [text] or [keyword] instead on [genre]
[2017-04-22T19:39:53,108][WARN ][o.e.d.i.m.StringFieldMapper$TypeParser] The [string] field is deprecated, please use [text] or [keyword] instead on [director]
[2017-04-22T19:39:53,108][WARN ][o.e.d.i.m.StringFieldMapper$TypeParser] The [string] field is deprecated, please use [text] or [keyword] instead on [writer]
[2017-04-22T19:39:53,108][WARN ][o.e.d.i.m.StringFieldMapper$TypeParser] The [string] field is deprecated, please use [text] or [keyword] instead on [film_production]
[2017-04-22T19:39:53,111][WARN ][o.e.d.i.m.StringFieldMapper$TypeParser] The [string] field is deprecated, please use [text] or [keyword] instead on [django_ct]
[2017-04-22T19:39:53,111][WARN ][o.e.d.i.m.TypeParsers    ] field [include_in_all] is deprecated, as [_all] is deprecated, and will be disallowed in 6.0, use [copy_to] instead.
[2017-04-22T19:39:53,111][WARN ][o.e.d.i.m.StringFieldMapper$TypeParser] The [string] field is deprecated, please use [text] or [keyword] instead on [django_id]
[2017-04-22T19:39:53,111][WARN ][o.e.d.i.m.TypeParsers    ] field [include_in_all] is deprecated, as [_all] is deprecated, and will be disallowed in 6.0, use [copy_to] instead.
[2017-04-22T19:39:53,112][WARN ][o.e.d.i.m.StringFieldMapper$TypeParser] The [string] field is deprecated, please use [text] or [keyword] instead on [text]
[2017-04-22T19:39:53,112][WARN ][o.e.d.i.m.StringFieldMapper$TypeParser] The [string] field is deprecated, please use [text] or [keyword] instead on [name]
[2017-04-22T19:39:53,112][WARN ][o.e.d.i.m.StringFieldMapper$TypeParser] The [string] field is deprecated, please use [text] or [keyword] instead on [genre]
[2017-04-22T19:39:53,113][WARN ][o.e.d.i.m.StringFieldMapper$TypeParser] The [string] field is deprecated, please use [text] or [keyword] instead on [director]
[2017-04-22T19:39:53,113][WARN ][o.e.d.i.m.StringFieldMapper$TypeParser] The [string] field is deprecated, please use [text] or [keyword] instead on [writer]
[2017-04-22T19:39:53,114][WARN ][o.e.d.i.m.StringFieldMapper$TypeParser] The [string] field is deprecated, please use [text] or [keyword] instead on [film_production]
[2017-04-22T19:40:03,881][WARN ][o.e.d.i.m.TypeParsers    ] field [include_in_all] is deprecated, as [_all] is deprecated, and will be disallowed in 6.0, use [copy_to] instead.
[2017-04-22T19:40:03,881][WARN ][o.e.d.i.m.TypeParsers    ] field [include_in_all] is deprecated, as [_all] is deprecated, and will be disallowed in 6.0, use [copy_to] instead.
[2017-04-22T19:40:03,883][WARN ][o.e.d.i.m.StringFieldMapper$TypeParser] The [string] field is deprecated, please use [text] or [keyword] instead on [django_ct]
[2017-04-22T19:40:03,884][WARN ][o.e.d.i.m.TypeParsers    ] field [include_in_all] is deprecated, as [_all] is deprecated, and will be disallowed in 6.0, use [copy_to] instead.
[2017-04-22T19:40:03,884][WARN ][o.e.d.i.m.StringFieldMapper$TypeParser] The [string] field is deprecated, please use [text] or [keyword] instead on [django_id]
[2017-04-22T19:40:03,884][WARN ][o.e.d.i.m.TypeParsers    ] field [include_in_all] is deprecated, as [_all] is deprecated, and will be disallowed in 6.0, use [copy_to] instead.
[2017-04-22T19:40:03,885][WARN ][o.e.d.i.m.StringFieldMapper$TypeParser] The [string] field is deprecated, please use [text] or [keyword] instead on [text]
[2017-04-22T19:40:03,885][WARN ][o.e.d.i.m.StringFieldMapper$TypeParser] The [string] field is deprecated, please use [text] or [keyword] instead on [name]
[2017-04-22T19:40:03,885][WARN ][o.e.d.i.m.StringFieldMapper$TypeParser] The [string] field is deprecated, please use [text] or [keyword] instead on [genre]
[2017-04-22T19:40:03,885][WARN ][o.e.d.i.m.StringFieldMapper$TypeParser] The [string] field is deprecated, please use [text] or [keyword] instead on [director]
[2017-04-22T19:40:03,886][WARN ][o.e.d.i.m.StringFieldMapper$TypeParser] The [string] field is deprecated, please use [text] or [keyword] instead on [writer]
[2017-04-22T19:40:03,886][WARN ][o.e.d.i.m.StringFieldMapper$TypeParser] The [string] field is deprecated, please use [text] or [keyword] instead on [film_production]
[2017-04-22T19:40:03,888][WARN ][o.e.d.i.m.StringFieldMapper$TypeParser] The [string] field is deprecated, please use [text] or [keyword] instead on [django_ct]
[2017-04-22T19:40:03,888][WARN ][o.e.d.i.m.TypeParsers    ] field [include_in_all] is deprecated, as [_all] is deprecated, and will be disallowed in 6.0, use [copy_to] instead.
[2017-04-22T19:40:03,888][WARN ][o.e.d.i.m.StringFieldMapper$TypeParser] The [string] field is deprecated, please use [text] or [keyword] instead on [django_id]
[2017-04-22T19:40:03,889][WARN ][o.e.d.i.m.TypeParsers    ] field [include_in_all] is deprecated, as [_all] is deprecated, and will be disallowed in 6.0, use [copy_to] instead.
[2017-04-22T19:40:03,889][WARN ][o.e.d.i.m.StringFieldMapper$TypeParser] The [string] field is deprecated, please use [text] or [keyword] instead on [text]
[2017-04-22T19:40:03,890][WARN ][o.e.d.i.m.StringFieldMapper$TypeParser] The [string] field is deprecated, please use [text] or [keyword] instead on [name]
[2017-04-22T19:40:03,890][WARN ][o.e.d.i.m.StringFieldMapper$TypeParser] The [string] field is deprecated, please use [text] or [keyword] instead on [genre]
[2017-04-22T19:40:03,891][WARN ][o.e.d.i.m.StringFieldMapper$TypeParser] The [string] field is deprecated, please use [text] or [keyword] instead on [director]
[2017-04-22T19:40:03,891][WARN ][o.e.d.i.m.StringFieldMapper$TypeParser] The [string] field is deprecated, please use [text] or [keyword] instead on [writer]
[2017-04-22T19:40:03,891][WARN ][o.e.d.i.m.StringFieldMapper$TypeParser] The [string] field is deprecated, please use [text] or [keyword] instead on [film_production]
[2017-04-22T19:41:36,798][WARN ][o.e.d.i.m.TypeParsers    ] field [include_in_all] is deprecated, as [_all] is deprecated, and will be disallowed in 6.0, use [copy_to] instead.
[2017-04-22T19:41:36,799][WARN ][o.e.d.i.m.TypeParsers    ] field [include_in_all] is deprecated, as [_all] is deprecated, and will be disallowed in 6.0, use [copy_to] instead.
[2017-04-22T19:41:36,800][WARN ][o.e.d.i.m.StringFieldMapper$TypeParser] The [string] field is deprecated, please use [text] or [keyword] instead on [django_ct]
[2017-04-22T19:41:36,801][WARN ][o.e.d.i.m.TypeParsers    ] field [include_in_all] is deprecated, as [_all] is deprecated, and will be disallowed in 6.0, use [copy_to] instead.
[2017-04-22T19:41:36,801][WARN ][o.e.d.i.m.StringFieldMapper$TypeParser] The [string] field is deprecated, please use [text] or [keyword] instead on [django_id]
[2017-04-22T19:41:36,801][WARN ][o.e.d.i.m.TypeParsers    ] field [include_in_all] is deprecated, as [_all] is deprecated, and will be disallowed in 6.0, use [copy_to] instead.
[2017-04-22T19:41:36,801][WARN ][o.e.d.i.m.StringFieldMapper$TypeParser] The [string] field is deprecated, please use [text] or [keyword] instead on [text]
[2017-04-22T19:41:36,801][WARN ][o.e.d.i.m.StringFieldMapper$TypeParser] The [string] field is deprecated, please use [text] or [keyword] instead on [name]
[2017-04-22T19:41:36,802][WARN ][o.e.d.i.m.StringFieldMapper$TypeParser] The [string] field is deprecated, please use [text] or [keyword] instead on [genre]
[2017-04-22T19:41:36,802][WARN ][o.e.d.i.m.StringFieldMapper$TypeParser] The [string] field is deprecated, please use [text] or [keyword] instead on [director]
[2017-04-22T19:41:36,802][WARN ][o.e.d.i.m.StringFieldMapper$TypeParser] The [string] field is deprecated, please use [text] or [keyword] instead on [writer]
[2017-04-22T19:41:36,802][WARN ][o.e.d.i.m.StringFieldMapper$TypeParser] The [string] field is deprecated, please use [text] or [keyword] instead on [film_production]
[2017-04-22T19:41:36,804][WARN ][o.e.d.i.m.StringFieldMapper$TypeParser] The [string] field is deprecated, please use [text] or [keyword] instead on [django_ct]
[2017-04-22T19:41:36,804][WARN ][o.e.d.i.m.TypeParsers    ] field [include_in_all] is deprecated, as [_all] is deprecated, and will be disallowed in 6.0, use [copy_to] instead.
[2017-04-22T19:41:36,805][WARN ][o.e.d.i.m.StringFieldMapper$TypeParser] The [string] field is deprecated, please use [text] or [keyword] instead on [django_id]
[2017-04-22T19:41:36,805][WARN ][o.e.d.i.m.TypeParsers    ] field [include_in_all] is deprecated, as [_all] is deprecated, and will be disallowed in 6.0, use [copy_to] instead.
[2017-04-22T19:41:36,805][WARN ][o.e.d.i.m.StringFieldMapper$TypeParser] The [string] field is deprecated, please use [text] or [keyword] instead on [text]
[2017-04-22T19:41:36,805][WARN ][o.e.d.i.m.StringFieldMapper$TypeParser] The [string] field is deprecated, please use [text] or [keyword] instead on [name]
[2017-04-22T19:41:36,805][WARN ][o.e.d.i.m.StringFieldMapper$TypeParser] The [string] field is deprecated, please use [text] or [keyword] instead on [genre]
[2017-04-22T19:41:36,805][WARN ][o.e.d.i.m.StringFieldMapper$TypeParser] The [string] field is deprecated, please use [text] or [keyword] instead on [director]
[2017-04-22T19:41:36,806][WARN ][o.e.d.i.m.StringFieldMapper$TypeParser] The [string] field is deprecated, please use [text] or [keyword] instead on [writer]
[2017-04-22T19:41:36,806][WARN ][o.e.d.i.m.StringFieldMapper$TypeParser] The [string] field is deprecated, please use [text] or [keyword] instead on [film_production]
[2017-04-22T19:41:55,244][WARN ][o.e.d.i.m.TypeParsers    ] field [include_in_all] is deprecated, as [_all] is deprecated, and will be disallowed in 6.0, use [copy_to] instead.
[2017-04-22T19:41:55,244][WARN ][o.e.d.i.m.TypeParsers    ] field [include_in_all] is deprecated, as [_all] is deprecated, and will be disallowed in 6.0, use [copy_to] instead.
[2017-04-22T19:41:55,246][WARN ][o.e.d.i.m.StringFieldMapper$TypeParser] The [string] field is deprecated, please use [text] or [keyword] instead on [django_ct]
[2017-04-22T19:41:55,246][WARN ][o.e.d.i.m.TypeParsers    ] field [include_in_all] is deprecated, as [_all] is deprecated, and will be disallowed in 6.0, use [copy_to] instead.
[2017-04-22T19:41:55,247][WARN ][o.e.d.i.m.StringFieldMapper$TypeParser] The [string] field is deprecated, please use [text] or [keyword] instead on [django_id]
[2017-04-22T19:41:55,248][WARN ][o.e.d.i.m.TypeParsers    ] field [include_in_all] is deprecated, as [_all] is deprecated, and will be disallowed in 6.0, use [copy_to] instead.
[2017-04-22T19:41:55,248][WARN ][o.e.d.i.m.StringFieldMapper$TypeParser] The [string] field is deprecated, please use [text] or [keyword] instead on [text]
[2017-04-22T19:41:55,249][WARN ][o.e.d.i.m.StringFieldMapper$TypeParser] The [string] field is deprecated, please use [text] or [keyword] instead on [name]
[2017-04-22T19:41:55,249][WARN ][o.e.d.i.m.StringFieldMapper$TypeParser] The [string] field is deprecated, please use [text] or [keyword] instead on [genre]
[2017-04-22T19:41:55,249][WARN ][o.e.d.i.m.StringFieldMapper$TypeParser] The [string] field is deprecated, please use [text] or [keyword] instead on [director]
[2017-04-22T19:41:55,250][WARN ][o.e.d.i.m.StringFieldMapper$TypeParser] The [string] field is deprecated, please use [text] or [keyword] instead on [writer]
[2017-04-22T19:41:55,250][WARN ][o.e.d.i.m.StringFieldMapper$TypeParser] The [string] field is deprecated, please use [text] or [keyword] instead on [film_production]
[2017-04-22T19:41:55,252][WARN ][o.e.d.i.m.StringFieldMapper$TypeParser] The [string] field is deprecated, please use [text] or [keyword] instead on [django_ct]
[2017-04-22T19:41:55,252][WARN ][o.e.d.i.m.TypeParsers    ] field [include_in_all] is deprecated, as [_all] is deprecated, and will be disallowed in 6.0, use [copy_to] instead.
[2017-04-22T19:41:55,253][WARN ][o.e.d.i.m.StringFieldMapper$TypeParser] The [string] field is deprecated, please use [text] or [keyword] instead on [django_id]
[2017-04-22T19:41:55,253][WARN ][o.e.d.i.m.TypeParsers    ] field [include_in_all] is deprecated, as [_all] is deprecated, and will be disallowed in 6.0, use [copy_to] instead.
[2017-04-22T19:41:55,253][WARN ][o.e.d.i.m.StringFieldMapper$TypeParser] The [string] field is deprecated, please use [text] or [keyword] instead on [text]
[2017-04-22T19:41:55,253][WARN ][o.e.d.i.m.StringFieldMapper$TypeParser] The [string] field is deprecated, please use [text] or [keyword] instead on [name]
[2017-04-22T19:41:55,253][WARN ][o.e.d.i.m.StringFieldMapper$TypeParser] The [string] field is deprecated, please use [text] or [keyword] instead on [genre]
[2017-04-22T19:41:55,254][WARN ][o.e.d.i.m.StringFieldMapper$TypeParser] The [string] field is deprecated, please use [text] or [keyword] instead on [director]
[2017-04-22T19:41:55,254][WARN ][o.e.d.i.m.StringFieldMapper$TypeParser] The [string] field is deprecated, please use [text] or [keyword] instead on [writer]
[2017-04-22T19:41:55,254][WARN ][o.e.d.i.m.StringFieldMapper$TypeParser] The [string] field is deprecated, please use [text] or [keyword] instead on [film_production]
[2017-04-22T19:46:26,499][WARN ][o.e.d.i.m.TypeParsers    ] field [include_in_all] is deprecated, as [_all] is deprecated, and will be disallowed in 6.0, use [copy_to] instead.
[2017-04-22T19:46:26,500][WARN ][o.e.d.i.m.TypeParsers    ] field [include_in_all] is deprecated, as [_all] is deprecated, and will be disallowed in 6.0, use [copy_to] instead.
[2017-04-22T19:46:26,503][WARN ][o.e.d.i.m.StringFieldMapper$TypeParser] The [string] field is deprecated, please use [text] or [keyword] instead on [django_ct]
[2017-04-22T19:46:26,503][WARN ][o.e.d.i.m.TypeParsers    ] field [include_in_all] is deprecated, as [_all] is deprecated, and will be disallowed in 6.0, use [copy_to] instead.
[2017-04-22T19:46:26,503][WARN ][o.e.d.i.m.StringFieldMapper$TypeParser] The [string] field is deprecated, please use [text] or [keyword] instead on [django_id]
[2017-04-22T19:46:26,503][WARN ][o.e.d.i.m.TypeParsers    ] field [include_in_all] is deprecated, as [_all] is deprecated, and will be disallowed in 6.0, use [copy_to] instead.
[2017-04-22T19:46:26,504][WARN ][o.e.d.i.m.StringFieldMapper$TypeParser] The [string] field is deprecated, please use [text] or [keyword] instead on [text]
[2017-04-22T19:46:26,504][WARN ][o.e.d.i.m.StringFieldMapper$TypeParser] The [string] field is deprecated, please use [text] or [keyword] instead on [name]
[2017-04-22T19:46:26,504][WARN ][o.e.d.i.m.StringFieldMapper$TypeParser] The [string] field is deprecated, please use [text] or [keyword] instead on [genre]
[2017-04-22T19:46:26,505][WARN ][o.e.d.i.m.StringFieldMapper$TypeParser] The [string] field is deprecated, please use [text] or [keyword] instead on [director]
[2017-04-22T19:46:26,505][WARN ][o.e.d.i.m.StringFieldMapper$TypeParser] The [string] field is deprecated, please use [text] or [keyword] instead on [writer]
[2017-04-22T19:46:26,506][WARN ][o.e.d.i.m.StringFieldMapper$TypeParser] The [string] field is deprecated, please use [text] or [keyword] instead on [film_production]
[2017-04-22T19:46:26,508][WARN ][o.e.d.i.m.StringFieldMapper$TypeParser] The [string] field is deprecated, please use [text] or [keyword] instead on [django_ct]
[2017-04-22T19:46:26,508][WARN ][o.e.d.i.m.TypeParsers    ] field [include_in_all] is deprecated, as [_all] is deprecated, and will be disallowed in 6.0, use [copy_to] instead.
[2017-04-22T19:46:26,508][WARN ][o.e.d.i.m.StringFieldMapper$TypeParser] The [string] field is deprecated, please use [text] or [keyword] instead on [django_id]
[2017-04-22T19:46:26,508][WARN ][o.e.d.i.m.TypeParsers    ] field [include_in_all] is deprecated, as [_all] is deprecated, and will be disallowed in 6.0, use [copy_to] instead.
[2017-04-22T19:46:26,509][WARN ][o.e.d.i.m.StringFieldMapper$TypeParser] The [string] field is deprecated, please use [text] or [keyword] instead on [text]
[2017-04-22T19:46:26,509][WARN ][o.e.d.i.m.StringFieldMapper$TypeParser] The [string] field is deprecated, please use [text] or [keyword] instead on [name]
[2017-04-22T19:46:26,509][WARN ][o.e.d.i.m.StringFieldMapper$TypeParser] The [string] field is deprecated, please use [text] or [keyword] instead on [genre]
[2017-04-22T19:46:26,510][WARN ][o.e.d.i.m.StringFieldMapper$TypeParser] The [string] field is deprecated, please use [text] or [keyword] instead on [director]
[2017-04-22T19:46:26,510][WARN ][o.e.d.i.m.StringFieldMapper$TypeParser] The [string] field is deprecated, please use [text] or [keyword] instead on [writer]
[2017-04-22T19:46:26,510][WARN ][o.e.d.i.m.StringFieldMapper$TypeParser] The [string] field is deprecated, please use [text] or [keyword] instead on [film_production]
[2017-04-22T19:46:39,880][WARN ][o.e.d.i.m.TypeParsers    ] field [include_in_all] is deprecated, as [_all] is deprecated, and will be disallowed in 6.0, use [copy_to] instead.
[2017-04-22T19:46:39,880][WARN ][o.e.d.i.m.TypeParsers    ] field [include_in_all] is deprecated, as [_all] is deprecated, and will be disallowed in 6.0, use [copy_to] instead.
[2017-04-22T19:46:39,882][WARN ][o.e.d.i.m.StringFieldMapper$TypeParser] The [string] field is deprecated, please use [text] or [keyword] instead on [django_ct]
[2017-04-22T19:46:39,882][WARN ][o.e.d.i.m.TypeParsers    ] field [include_in_all] is deprecated, as [_all] is deprecated, and will be disallowed in 6.0, use [copy_to] instead.
[2017-04-22T19:46:39,883][WARN ][o.e.d.i.m.StringFieldMapper$TypeParser] The [string] field is deprecated, please use [text] or [keyword] instead on [django_id]
[2017-04-22T19:46:39,883][WARN ][o.e.d.i.m.TypeParsers    ] field [include_in_all] is deprecated, as [_all] is deprecated, and will be disallowed in 6.0, use [copy_to] instead.
[2017-04-22T19:46:39,883][WARN ][o.e.d.i.m.StringFieldMapper$TypeParser] The [string] field is deprecated, please use [text] or [keyword] instead on [text]
[2017-04-22T19:46:39,883][WARN ][o.e.d.i.m.StringFieldMapper$TypeParser] The [string] field is deprecated, please use [text] or [keyword] instead on [name]
[2017-04-22T19:46:39,884][WARN ][o.e.d.i.m.StringFieldMapper$TypeParser] The [string] field is deprecated, please use [text] or [keyword] instead on [genre]
[2017-04-22T19:46:39,884][WARN ][o.e.d.i.m.StringFieldMapper$TypeParser] The [string] field is deprecated, please use [text] or [keyword] instead on [director]
[2017-04-22T19:46:39,884][WARN ][o.e.d.i.m.StringFieldMapper$TypeParser] The [string] field is deprecated, please use [text] or [keyword] instead on [writer]
[2017-04-22T19:46:39,885][WARN ][o.e.d.i.m.StringFieldMapper$TypeParser] The [string] field is deprecated, please use [text] or [keyword] instead on [film_production]
[2017-04-22T19:46:39,887][WARN ][o.e.d.i.m.StringFieldMapper$TypeParser] The [string] field is deprecated, please use [text] or [keyword] instead on [django_ct]
[2017-04-22T19:46:39,887][WARN ][o.e.d.i.m.TypeParsers    ] field [include_in_all] is deprecated, as [_all] is deprecated, and will be disallowed in 6.0, use [copy_to] instead.
[2017-04-22T19:46:39,887][WARN ][o.e.d.i.m.StringFieldMapper$TypeParser] The [string] field is deprecated, please use [text] or [keyword] instead on [django_id]
[2017-04-22T19:46:39,887][WARN ][o.e.d.i.m.TypeParsers    ] field [include_in_all] is deprecated, as [_all] is deprecated, and will be disallowed in 6.0, use [copy_to] instead.
[2017-04-22T19:46:39,887][WARN ][o.e.d.i.m.StringFieldMapper$TypeParser] The [string] field is deprecated, please use [text] or [keyword] instead on [text]
[2017-04-22T19:46:39,887][WARN ][o.e.d.i.m.StringFieldMapper$TypeParser] The [string] field is deprecated, please use [text] or [keyword] instead on [name]
[2017-04-22T19:46:39,888][WARN ][o.e.d.i.m.StringFieldMapper$TypeParser] The [string] field is deprecated, please use [text] or [keyword] instead on [genre]
[2017-04-22T19:46:39,888][WARN ][o.e.d.i.m.StringFieldMapper$TypeParser] The [string] field is deprecated, please use [text] or [keyword] instead on [director]
[2017-04-22T19:46:39,888][WARN ][o.e.d.i.m.StringFieldMapper$TypeParser] The [string] field is deprecated, please use [text] or [keyword] instead on [writer]
[2017-04-22T19:46:39,888][WARN ][o.e.d.i.m.StringFieldMapper$TypeParser] The [string] field is deprecated, please use [text] or [keyword] instead on [film_production]
[2017-04-22T19:46:43,847][WARN ][o.e.d.i.m.TypeParsers    ] field [include_in_all] is deprecated, as [_all] is deprecated, and will be disallowed in 6.0, use [copy_to] instead.
[2017-04-22T19:46:43,847][WARN ][o.e.d.i.m.TypeParsers    ] field [include_in_all] is deprecated, as [_all] is deprecated, and will be disallowed in 6.0, use [copy_to] instead.
[2017-04-22T19:46:43,849][WARN ][o.e.d.i.m.StringFieldMapper$TypeParser] The [string] field is deprecated, please use [text] or [keyword] instead on [django_ct]
[2017-04-22T19:46:43,849][WARN ][o.e.d.i.m.TypeParsers    ] field [include_in_all] is deprecated, as [_all] is deprecated, and will be disallowed in 6.0, use [copy_to] instead.
[2017-04-22T19:46:43,849][WARN ][o.e.d.i.m.StringFieldMapper$TypeParser] The [string] field is deprecated, please use [text] or [keyword] instead on [django_id]
[2017-04-22T19:46:43,849][WARN ][o.e.d.i.m.TypeParsers    ] field [include_in_all] is deprecated, as [_all] is deprecated, and will be disallowed in 6.0, use [copy_to] instead.
[2017-04-22T19:46:43,849][WARN ][o.e.d.i.m.StringFieldMapper$TypeParser] The [string] field is deprecated, please use [text] or [keyword] instead on [text]
[2017-04-22T19:46:43,850][WARN ][o.e.d.i.m.StringFieldMapper$TypeParser] The [string] field is deprecated, please use [text] or [keyword] instead on [name]
[2017-04-22T19:46:43,850][WARN ][o.e.d.i.m.StringFieldMapper$TypeParser] The [string] field is deprecated, please use [text] or [keyword] instead on [genre]
[2017-04-22T19:46:43,850][WARN ][o.e.d.i.m.StringFieldMapper$TypeParser] The [string] field is deprecated, please use [text] or [keyword] instead on [director]
[2017-04-22T19:46:43,850][WARN ][o.e.d.i.m.StringFieldMapper$TypeParser] The [string] field is deprecated, please use [text] or [keyword] instead on [writer]
[2017-04-22T19:46:43,850][WARN ][o.e.d.i.m.StringFieldMapper$TypeParser] The [string] field is deprecated, please use [text] or [keyword] instead on [film_production]
[2017-04-22T19:46:43,852][WARN ][o.e.d.i.m.StringFieldMapper$TypeParser] The [string] field is deprecated, please use [text] or [keyword] instead on [django_ct]
[2017-04-22T19:46:43,852][WARN ][o.e.d.i.m.TypeParsers    ] field [include_in_all] is deprecated, as [_all] is deprecated, and will be disallowed in 6.0, use [copy_to] instead.
[2017-04-22T19:46:43,852][WARN ][o.e.d.i.m.StringFieldMapper$TypeParser] The [string] field is deprecated, please use [text] or [keyword] instead on [django_id]
[2017-04-22T19:46:43,852][WARN ][o.e.d.i.m.TypeParsers    ] field [include_in_all] is deprecated, as [_all] is deprecated, and will be disallowed in 6.0, use [copy_to] instead.
[2017-04-22T19:46:43,852][WARN ][o.e.d.i.m.StringFieldMapper$TypeParser] The [string] field is deprecated, please use [text] or [keyword] instead on [text]
[2017-04-22T19:46:43,853][WARN ][o.e.d.i.m.StringFieldMapper$TypeParser] The [string] field is deprecated, please use [text] or [keyword] instead on [name]
[2017-04-22T19:46:43,853][WARN ][o.e.d.i.m.StringFieldMapper$TypeParser] The [string] field is deprecated, please use [text] or [keyword] instead on [genre]
[2017-04-22T19:46:43,853][WARN ][o.e.d.i.m.StringFieldMapper$TypeParser] The [string] field is deprecated, please use [text] or [keyword] instead on [director]
[2017-04-22T19:46:43,853][WARN ][o.e.d.i.m.StringFieldMapper$TypeParser] The [string] field is deprecated, please use [text] or [keyword] instead on [writer]
[2017-04-22T19:46:43,854][WARN ][o.e.d.i.m.StringFieldMapper$TypeParser] The [string] field is deprecated, please use [text] or [keyword] instead on [film_production]
[2017-04-22T19:47:10,168][WARN ][o.e.d.i.m.TypeParsers    ] field [include_in_all] is deprecated, as [_all] is deprecated, and will be disallowed in 6.0, use [copy_to] instead.
[2017-04-22T19:47:10,168][WARN ][o.e.d.i.m.TypeParsers    ] field [include_in_all] is deprecated, as [_all] is deprecated, and will be disallowed in 6.0, use [copy_to] instead.
[2017-04-22T19:47:10,171][WARN ][o.e.d.i.m.StringFieldMapper$TypeParser] The [string] field is deprecated, please use [text] or [keyword] instead on [django_ct]
[2017-04-22T19:47:10,171][WARN ][o.e.d.i.m.TypeParsers    ] field [include_in_all] is deprecated, as [_all] is deprecated, and will be disallowed in 6.0, use [copy_to] instead.
[2017-04-22T19:47:10,171][WARN ][o.e.d.i.m.StringFieldMapper$TypeParser] The [string] field is deprecated, please use [text] or [keyword] instead on [django_id]
[2017-04-22T19:47:10,171][WARN ][o.e.d.i.m.TypeParsers    ] field [include_in_all] is deprecated, as [_all] is deprecated, and will be disallowed in 6.0, use [copy_to] instead.
[2017-04-22T19:47:10,172][WARN ][o.e.d.i.m.StringFieldMapper$TypeParser] The [string] field is deprecated, please use [text] or [keyword] instead on [text]
[2017-04-22T19:47:10,172][WARN ][o.e.d.i.m.StringFieldMapper$TypeParser] The [string] field is deprecated, please use [text] or [keyword] instead on [name]
[2017-04-22T19:47:10,173][WARN ][o.e.d.i.m.StringFieldMapper$TypeParser] The [string] field is deprecated, please use [text] or [keyword] instead on [genre]
[2017-04-22T19:47:10,173][WARN ][o.e.d.i.m.StringFieldMapper$TypeParser] The [string] field is deprecated, please use [text] or [keyword] instead on [director]
[2017-04-22T19:47:10,173][WARN ][o.e.d.i.m.StringFieldMapper$TypeParser] The [string] field is deprecated, please use [text] or [keyword] instead on [writer]
[2017-04-22T19:47:10,173][WARN ][o.e.d.i.m.StringFieldMapper$TypeParser] The [string] field is deprecated, please use [text] or [keyword] instead on [film_production]
[2017-04-22T19:47:10,175][WARN ][o.e.d.i.m.StringFieldMapper$TypeParser] The [string] field is deprecated, please use [text] or [keyword] instead on [django_ct]
[2017-04-22T19:47:10,176][WARN ][o.e.d.i.m.TypeParsers    ] field [include_in_all] is deprecated, as [_all] is deprecated, and will be disallowed in 6.0, use [copy_to] instead.
[2017-04-22T19:47:10,176][WARN ][o.e.d.i.m.StringFieldMapper$TypeParser] The [string] field is deprecated, please use [text] or [keyword] instead on [django_id]
[2017-04-22T19:47:10,176][WARN ][o.e.d.i.m.TypeParsers    ] field [include_in_all] is deprecated, as [_all] is deprecated, and will be disallowed in 6.0, use [copy_to] instead.
[2017-04-22T19:47:10,176][WARN ][o.e.d.i.m.StringFieldMapper$TypeParser] The [string] field is deprecated, please use [text] or [keyword] instead on [text]
[2017-04-22T19:47:10,176][WARN ][o.e.d.i.m.StringFieldMapper$TypeParser] The [string] field is deprecated, please use [text] or [keyword] instead on [name]
[2017-04-22T19:47:10,177][WARN ][o.e.d.i.m.StringFieldMapper$TypeParser] The [string] field is deprecated, please use [text] or [keyword] instead on [genre]
[2017-04-22T19:47:10,177][WARN ][o.e.d.i.m.StringFieldMapper$TypeParser] The [string] field is deprecated, please use [text] or [keyword] instead on [director]
[2017-04-22T19:47:10,177][WARN ][o.e.d.i.m.StringFieldMapper$TypeParser] The [string] field is deprecated, please use [text] or [keyword] instead on [writer]
[2017-04-22T19:47:10,177][WARN ][o.e.d.i.m.StringFieldMapper$TypeParser] The [string] field is deprecated, please use [text] or [keyword] instead on [film_production]
[2017-04-22T19:47:27,945][WARN ][o.e.d.i.m.TypeParsers    ] field [include_in_all] is deprecated, as [_all] is deprecated, and will be disallowed in 6.0, use [copy_to] instead.
[2017-04-22T19:47:27,946][WARN ][o.e.d.i.m.TypeParsers    ] field [include_in_all] is deprecated, as [_all] is deprecated, and will be disallowed in 6.0, use [copy_to] instead.
[2017-04-22T19:47:27,948][WARN ][o.e.d.i.m.StringFieldMapper$TypeParser] The [string] field is deprecated, please use [text] or [keyword] instead on [django_ct]
[2017-04-22T19:47:27,948][WARN ][o.e.d.i.m.TypeParsers    ] field [include_in_all] is deprecated, as [_all] is deprecated, and will be disallowed in 6.0, use [copy_to] instead.
[2017-04-22T19:47:27,949][WARN ][o.e.d.i.m.StringFieldMapper$TypeParser] The [string] field is deprecated, please use [text] or [keyword] instead on [django_id]
[2017-04-22T19:47:27,949][WARN ][o.e.d.i.m.TypeParsers    ] field [include_in_all] is deprecated, as [_all] is deprecated, and will be disallowed in 6.0, use [copy_to] instead.
[2017-04-22T19:47:27,949][WARN ][o.e.d.i.m.StringFieldMapper$TypeParser] The [string] field is deprecated, please use [text] or [keyword] instead on [text]
[2017-04-22T19:47:27,949][WARN ][o.e.d.i.m.StringFieldMapper$TypeParser] The [string] field is deprecated, please use [text] or [keyword] instead on [name]
[2017-04-22T19:47:27,949][WARN ][o.e.d.i.m.StringFieldMapper$TypeParser] The [string] field is deprecated, please use [text] or [keyword] instead on [genre]
[2017-04-22T19:47:27,950][WARN ][o.e.d.i.m.StringFieldMapper$TypeParser] The [string] field is deprecated, please use [text] or [keyword] instead on [director]
[2017-04-22T19:47:27,950][WARN ][o.e.d.i.m.StringFieldMapper$TypeParser] The [string] field is deprecated, please use [text] or [keyword] instead on [writer]
[2017-04-22T19:47:27,950][WARN ][o.e.d.i.m.StringFieldMapper$TypeParser] The [string] field is deprecated, please use [text] or [keyword] instead on [film_production]
[2017-04-22T19:47:27,952][WARN ][o.e.d.i.m.StringFieldMapper$TypeParser] The [string] field is deprecated, please use [text] or [keyword] instead on [django_ct]
[2017-04-22T19:47:27,952][WARN ][o.e.d.i.m.TypeParsers    ] field [include_in_all] is deprecated, as [_all] is deprecated, and will be disallowed in 6.0, use [copy_to] instead.
[2017-04-22T19:47:27,952][WARN ][o.e.d.i.m.StringFieldMapper$TypeParser] The [string] field is deprecated, please use [text] or [keyword] instead on [django_id]
[2017-04-22T19:47:27,952][WARN ][o.e.d.i.m.TypeParsers    ] field [include_in_all] is deprecated, as [_all] is deprecated, and will be disallowed in 6.0, use [copy_to] instead.
[2017-04-22T19:47:27,952][WARN ][o.e.d.i.m.StringFieldMapper$TypeParser] The [string] field is deprecated, please use [text] or [keyword] instead on [text]
[2017-04-22T19:47:27,952][WARN ][o.e.d.i.m.StringFieldMapper$TypeParser] The [string] field is deprecated, please use [text] or [keyword] instead on [name]
[2017-04-22T19:47:27,953][WARN ][o.e.d.i.m.StringFieldMapper$TypeParser] The [string] field is deprecated, please use [text] or [keyword] instead on [genre]
[2017-04-22T19:47:27,953][WARN ][o.e.d.i.m.StringFieldMapper$TypeParser] The [string] field is deprecated, please use [text] or [keyword] instead on [director]
[2017-04-22T19:47:27,953][WARN ][o.e.d.i.m.StringFieldMapper$TypeParser] The [string] field is deprecated, please use [text] or [keyword] instead on [writer]
[2017-04-22T19:47:27,954][WARN ][o.e.d.i.m.StringFieldMapper$TypeParser] The [string] field is deprecated, please use [text] or [keyword] instead on [film_production]
[2017-04-22T19:48:06,289][WARN ][o.e.d.i.m.TypeParsers    ] field [include_in_all] is deprecated, as [_all] is deprecated, and will be disallowed in 6.0, use [copy_to] instead.
[2017-04-22T19:48:06,289][WARN ][o.e.d.i.m.TypeParsers    ] field [include_in_all] is deprecated, as [_all] is deprecated, and will be disallowed in 6.0, use [copy_to] instead.
[2017-04-22T19:48:06,291][WARN ][o.e.d.i.m.StringFieldMapper$TypeParser] The [string] field is deprecated, please use [text] or [keyword] instead on [django_ct]
[2017-04-22T19:48:06,291][WARN ][o.e.d.i.m.TypeParsers    ] field [include_in_all] is deprecated, as [_all] is deprecated, and will be disallowed in 6.0, use [copy_to] instead.
[2017-04-22T19:48:06,292][WARN ][o.e.d.i.m.StringFieldMapper$TypeParser] The [string] field is deprecated, please use [text] or [keyword] instead on [django_id]
[2017-04-22T19:48:06,292][WARN ][o.e.d.i.m.TypeParsers    ] field [include_in_all] is deprecated, as [_all] is deprecated, and will be disallowed in 6.0, use [copy_to] instead.
[2017-04-22T19:48:06,292][WARN ][o.e.d.i.m.StringFieldMapper$TypeParser] The [string] field is deprecated, please use [text] or [keyword] instead on [text]
[2017-04-22T19:48:06,292][WARN ][o.e.d.i.m.StringFieldMapper$TypeParser] The [string] field is deprecated, please use [text] or [keyword] instead on [name]
[2017-04-22T19:48:06,292][WARN ][o.e.d.i.m.StringFieldMapper$TypeParser] The [string] field is deprecated, please use [text] or [keyword] instead on [genre]
[2017-04-22T19:48:06,292][WARN ][o.e.d.i.m.StringFieldMapper$TypeParser] The [string] field is deprecated, please use [text] or [keyword] instead on [director]
[2017-04-22T19:48:06,293][WARN ][o.e.d.i.m.StringFieldMapper$TypeParser] The [string] field is deprecated, please use [text] or [keyword] instead on [writer]
[2017-04-22T19:48:06,293][WARN ][o.e.d.i.m.StringFieldMapper$TypeParser] The [string] field is deprecated, please use [text] or [keyword] instead on [film_production]
[2017-04-22T19:48:06,294][WARN ][o.e.d.i.m.StringFieldMapper$TypeParser] The [string] field is deprecated, please use [text] or [keyword] instead on [django_ct]
[2017-04-22T19:48:06,294][WARN ][o.e.d.i.m.TypeParsers    ] field [include_in_all] is deprecated, as [_all] is deprecated, and will be disallowed in 6.0, use [copy_to] instead.
[2017-04-22T19:48:06,295][WARN ][o.e.d.i.m.StringFieldMapper$TypeParser] The [string] field is deprecated, please use [text] or [keyword] instead on [django_id]
[2017-04-22T19:48:06,295][WARN ][o.e.d.i.m.TypeParsers    ] field [include_in_all] is deprecated, as [_all] is deprecated, and will be disallowed in 6.0, use [copy_to] instead.
[2017-04-22T19:48:06,295][WARN ][o.e.d.i.m.StringFieldMapper$TypeParser] The [string] field is deprecated, please use [text] or [keyword] instead on [text]
[2017-04-22T19:48:06,295][WARN ][o.e.d.i.m.StringFieldMapper$TypeParser] The [string] field is deprecated, please use [text] or [keyword] instead on [name]
[2017-04-22T19:48:06,295][WARN ][o.e.d.i.m.StringFieldMapper$TypeParser] The [string] field is deprecated, please use [text] or [keyword] instead on [genre]
[2017-04-22T19:48:06,295][WARN ][o.e.d.i.m.StringFieldMapper$TypeParser] The [string] field is deprecated, please use [text] or [keyword] instead on [director]
[2017-04-22T19:48:06,296][WARN ][o.e.d.i.m.StringFieldMapper$TypeParser] The [string] field is deprecated, please use [text] or [keyword] instead on [writer]
[2017-04-22T19:48:06,296][WARN ][o.e.d.i.m.StringFieldMapper$TypeParser] The [string] field is deprecated, please use [text] or [keyword] instead on [film_production]
[2017-04-22T19:50:44,924][WARN ][o.e.d.i.m.TypeParsers    ] field [include_in_all] is deprecated, as [_all] is deprecated, and will be disallowed in 6.0, use [copy_to] instead.
[2017-04-22T19:50:44,924][WARN ][o.e.d.i.m.TypeParsers    ] field [include_in_all] is deprecated, as [_all] is deprecated, and will be disallowed in 6.0, use [copy_to] instead.
[2017-04-22T19:50:44,925][WARN ][o.e.d.i.m.StringFieldMapper$TypeParser] The [string] field is deprecated, please use [text] or [keyword] instead on [django_ct]
[2017-04-22T19:50:44,926][WARN ][o.e.d.i.m.TypeParsers    ] field [include_in_all] is deprecated, as [_all] is deprecated, and will be disallowed in 6.0, use [copy_to] instead.
[2017-04-22T19:50:44,926][WARN ][o.e.d.i.m.StringFieldMapper$TypeParser] The [string] field is deprecated, please use [text] or [keyword] instead on [django_id]
[2017-04-22T19:50:44,926][WARN ][o.e.d.i.m.TypeParsers    ] field [include_in_all] is deprecated, as [_all] is deprecated, and will be disallowed in 6.0, use [copy_to] instead.
[2017-04-22T19:50:44,926][WARN ][o.e.d.i.m.StringFieldMapper$TypeParser] The [string] field is deprecated, please use [text] or [keyword] instead on [text]
[2017-04-22T19:50:44,926][WARN ][o.e.d.i.m.StringFieldMapper$TypeParser] The [string] field is deprecated, please use [text] or [keyword] instead on [name]
[2017-04-22T19:50:44,926][WARN ][o.e.d.i.m.StringFieldMapper$TypeParser] The [string] field is deprecated, please use [text] or [keyword] instead on [genre]
[2017-04-22T19:50:44,927][WARN ][o.e.d.i.m.StringFieldMapper$TypeParser] The [string] field is deprecated, please use [text] or [keyword] instead on [director]
[2017-04-22T19:50:44,927][WARN ][o.e.d.i.m.StringFieldMapper$TypeParser] The [string] field is deprecated, please use [text] or [keyword] instead on [writer]
[2017-04-22T19:50:44,927][WARN ][o.e.d.i.m.StringFieldMapper$TypeParser] The [string] field is deprecated, please use [text] or [keyword] instead on [film_production]
[2017-04-22T19:50:44,930][WARN ][o.e.d.i.m.StringFieldMapper$TypeParser] The [string] field is deprecated, please use [text] or [keyword] instead on [django_ct]
[2017-04-22T19:50:44,930][WARN ][o.e.d.i.m.TypeParsers    ] field [include_in_all] is deprecated, as [_all] is deprecated, and will be disallowed in 6.0, use [copy_to] instead.
[2017-04-22T19:50:44,930][WARN ][o.e.d.i.m.StringFieldMapper$TypeParser] The [string] field is deprecated, please use [text] or [keyword] instead on [django_id]
[2017-04-22T19:50:44,931][WARN ][o.e.d.i.m.TypeParsers    ] field [include_in_all] is deprecated, as [_all] is deprecated, and will be disallowed in 6.0, use [copy_to] instead.
[2017-04-22T19:50:44,931][WARN ][o.e.d.i.m.StringFieldMapper$TypeParser] The [string] field is deprecated, please use [text] or [keyword] instead on [text]
[2017-04-22T19:50:44,931][WARN ][o.e.d.i.m.StringFieldMapper$TypeParser] The [string] field is deprecated, please use [text] or [keyword] instead on [name]
[2017-04-22T19:50:44,932][WARN ][o.e.d.i.m.StringFieldMapper$TypeParser] The [string] field is deprecated, please use [text] or [keyword] instead on [genre]
[2017-04-22T19:50:44,932][WARN ][o.e.d.i.m.StringFieldMapper$TypeParser] The [string] field is deprecated, please use [text] or [keyword] instead on [director]
[2017-04-22T19:50:44,932][WARN ][o.e.d.i.m.StringFieldMapper$TypeParser] The [string] field is deprecated, please use [text] or [keyword] instead on [writer]
[2017-04-22T19:50:44,932][WARN ][o.e.d.i.m.StringFieldMapper$TypeParser] The [string] field is deprecated, please use [text] or [keyword] instead on [film_production]
[2017-04-22T19:58:39,783][WARN ][o.e.d.i.m.TypeParsers    ] field [include_in_all] is deprecated, as [_all] is deprecated, and will be disallowed in 6.0, use [copy_to] instead.
[2017-04-22T19:58:39,785][WARN ][o.e.d.i.m.TypeParsers    ] field [include_in_all] is deprecated, as [_all] is deprecated, and will be disallowed in 6.0, use [copy_to] instead.
[2017-04-22T19:58:39,925][WARN ][o.e.d.i.m.TypeParsers    ] field [include_in_all] is deprecated, as [_all] is deprecated, and will be disallowed in 6.0, use [copy_to] instead.
[2017-04-22T19:58:39,926][WARN ][o.e.d.i.m.TypeParsers    ] field [include_in_all] is deprecated, as [_all] is deprecated, and will be disallowed in 6.0, use [copy_to] instead.
[2017-04-22T19:59:27,012][WARN ][o.e.d.i.m.StringFieldMapper$TypeParser] The [string] field is deprecated, please use [text] or [keyword] instead on [django_ct]
[2017-04-22T19:59:27,013][WARN ][o.e.d.i.m.TypeParsers    ] field [include_in_all] is deprecated, as [_all] is deprecated, and will be disallowed in 6.0, use [copy_to] instead.
[2017-04-22T19:59:27,013][WARN ][o.e.d.i.m.StringFieldMapper$TypeParser] The [string] field is deprecated, please use [text] or [keyword] instead on [django_id]
[2017-04-22T19:59:27,013][WARN ][o.e.d.i.m.TypeParsers    ] field [include_in_all] is deprecated, as [_all] is deprecated, and will be disallowed in 6.0, use [copy_to] instead.
[2017-04-22T19:59:27,013][WARN ][o.e.d.i.m.StringFieldMapper$TypeParser] The [string] field is deprecated, please use [text] or [keyword] instead on [text]
[2017-04-22T19:59:27,014][WARN ][o.e.d.i.m.StringFieldMapper$TypeParser] The [string] field is deprecated, please use [text] or [keyword] instead on [name]
[2017-04-22T19:59:27,014][WARN ][o.e.d.i.m.StringFieldMapper$TypeParser] The [string] field is deprecated, please use [text] or [keyword] instead on [genre]
[2017-04-22T19:59:27,014][WARN ][o.e.d.i.m.StringFieldMapper$TypeParser] The [string] field is deprecated, please use [text] or [keyword] instead on [director]
[2017-04-22T19:59:27,014][WARN ][o.e.d.i.m.StringFieldMapper$TypeParser] The [string] field is deprecated, please use [text] or [keyword] instead on [writer]
[2017-04-22T19:59:27,015][WARN ][o.e.d.i.m.StringFieldMapper$TypeParser] The [string] field is deprecated, please use [text] or [keyword] instead on [film_production]
[2017-04-22T19:59:27,017][WARN ][o.e.d.i.m.StringFieldMapper$TypeParser] The [string] field is deprecated, please use [text] or [keyword] instead on [django_ct]
[2017-04-22T19:59:27,018][WARN ][o.e.d.i.m.TypeParsers    ] field [include_in_all] is deprecated, as [_all] is deprecated, and will be disallowed in 6.0, use [copy_to] instead.
[2017-04-22T19:59:27,018][WARN ][o.e.d.i.m.StringFieldMapper$TypeParser] The [string] field is deprecated, please use [text] or [keyword] instead on [django_id]
[2017-04-22T19:59:27,018][WARN ][o.e.d.i.m.TypeParsers    ] field [include_in_all] is deprecated, as [_all] is deprecated, and will be disallowed in 6.0, use [copy_to] instead.
[2017-04-22T19:59:27,018][WARN ][o.e.d.i.m.StringFieldMapper$TypeParser] The [string] field is deprecated, please use [text] or [keyword] instead on [text]
[2017-04-22T19:59:27,018][WARN ][o.e.d.i.m.StringFieldMapper$TypeParser] The [string] field is deprecated, please use [text] or [keyword] instead on [name]
[2017-04-22T19:59:27,019][WARN ][o.e.d.i.m.StringFieldMapper$TypeParser] The [string] field is deprecated, please use [text] or [keyword] instead on [genre]
[2017-04-22T19:59:27,019][WARN ][o.e.d.i.m.StringFieldMapper$TypeParser] The [string] field is deprecated, please use [text] or [keyword] instead on [director]
[2017-04-22T19:59:27,020][WARN ][o.e.d.i.m.StringFieldMapper$TypeParser] The [string] field is deprecated, please use [text] or [keyword] instead on [writer]
[2017-04-22T19:59:27,020][WARN ][o.e.d.i.m.StringFieldMapper$TypeParser] The [string] field is deprecated, please use [text] or [keyword] instead on [film_production]
[2017-04-22T19:59:27,024][WARN ][o.e.d.i.m.TypeParsers    ] field [include_in_all] is deprecated, as [_all] is deprecated, and will be disallowed in 6.0, use [copy_to] instead.
[2017-04-22T19:59:27,024][WARN ][o.e.d.i.m.TypeParsers    ] field [include_in_all] is deprecated, as [_all] is deprecated, and will be disallowed in 6.0, use [copy_to] instead.
[2017-04-22T19:59:27,114][WARN ][o.e.d.i.m.TypeParsers    ] field [include_in_all] is deprecated, as [_all] is deprecated, and will be disallowed in 6.0, use [copy_to] instead.
[2017-04-22T19:59:27,116][WARN ][o.e.d.i.m.TypeParsers    ] field [include_in_all] is deprecated, as [_all] is deprecated, and will be disallowed in 6.0, use [copy_to] instead.
[2017-04-22T19:59:27,144][WARN ][o.e.d.i.m.TypeParsers    ] field [include_in_all] is deprecated, as [_all] is deprecated, and will be disallowed in 6.0, use [copy_to] instead.
[2017-04-22T19:59:27,144][WARN ][o.e.d.i.m.TypeParsers    ] field [include_in_all] is deprecated, as [_all] is deprecated, and will be disallowed in 6.0, use [copy_to] instead.
[2017-04-22T19:59:45,707][WARN ][o.e.d.i.m.TypeParsers    ] field [include_in_all] is deprecated, as [_all] is deprecated, and will be disallowed in 6.0, use [copy_to] instead.
[2017-04-22T19:59:45,708][WARN ][o.e.d.i.m.TypeParsers    ] field [include_in_all] is deprecated, as [_all] is deprecated, and will be disallowed in 6.0, use [copy_to] instead.
[2017-04-22T19:59:45,711][WARN ][o.e.d.i.m.StringFieldMapper$TypeParser] The [string] field is deprecated, please use [text] or [keyword] instead on [django_ct]
[2017-04-22T19:59:45,711][WARN ][o.e.d.i.m.TypeParsers    ] field [include_in_all] is deprecated, as [_all] is deprecated, and will be disallowed in 6.0, use [copy_to] instead.
[2017-04-22T19:59:45,712][WARN ][o.e.d.i.m.StringFieldMapper$TypeParser] The [string] field is deprecated, please use [text] or [keyword] instead on [django_id]
[2017-04-22T19:59:45,712][WARN ][o.e.d.i.m.TypeParsers    ] field [include_in_all] is deprecated, as [_all] is deprecated, and will be disallowed in 6.0, use [copy_to] instead.
[2017-04-22T19:59:45,713][WARN ][o.e.d.i.m.StringFieldMapper$TypeParser] The [string] field is deprecated, please use [text] or [keyword] instead on [text]
[2017-04-22T19:59:45,713][WARN ][o.e.d.i.m.StringFieldMapper$TypeParser] The [string] field is deprecated, please use [text] or [keyword] instead on [name]
[2017-04-22T19:59:45,714][WARN ][o.e.d.i.m.StringFieldMapper$TypeParser] The [string] field is deprecated, please use [text] or [keyword] instead on [genre]
[2017-04-22T19:59:45,714][WARN ][o.e.d.i.m.StringFieldMapper$TypeParser] The [string] field is deprecated, please use [text] or [keyword] instead on [director]
[2017-04-22T19:59:45,715][WARN ][o.e.d.i.m.StringFieldMapper$TypeParser] The [string] field is deprecated, please use [text] or [keyword] instead on [writer]
[2017-04-22T19:59:45,715][WARN ][o.e.d.i.m.StringFieldMapper$TypeParser] The [string] field is deprecated, please use [text] or [keyword] instead on [film_production]
[2017-04-22T19:59:45,718][WARN ][o.e.d.i.m.StringFieldMapper$TypeParser] The [string] field is deprecated, please use [text] or [keyword] instead on [django_ct]
[2017-04-22T19:59:45,719][WARN ][o.e.d.i.m.TypeParsers    ] field [include_in_all] is deprecated, as [_all] is deprecated, and will be disallowed in 6.0, use [copy_to] instead.
[2017-04-22T19:59:45,719][WARN ][o.e.d.i.m.StringFieldMapper$TypeParser] The [string] field is deprecated, please use [text] or [keyword] instead on [django_id]
[2017-04-22T19:59:45,719][WARN ][o.e.d.i.m.TypeParsers    ] field [include_in_all] is deprecated, as [_all] is deprecated, and will be disallowed in 6.0, use [copy_to] instead.
[2017-04-22T19:59:45,720][WARN ][o.e.d.i.m.StringFieldMapper$TypeParser] The [string] field is deprecated, please use [text] or [keyword] instead on [text]
[2017-04-22T19:59:45,720][WARN ][o.e.d.i.m.StringFieldMapper$TypeParser] The [string] field is deprecated, please use [text] or [keyword] instead on [name]
[2017-04-22T19:59:45,721][WARN ][o.e.d.i.m.StringFieldMapper$TypeParser] The [string] field is deprecated, please use [text] or [keyword] instead on [genre]
[2017-04-22T19:59:45,721][WARN ][o.e.d.i.m.StringFieldMapper$TypeParser] The [string] field is deprecated, please use [text] or [keyword] instead on [director]
[2017-04-22T19:59:45,721][WARN ][o.e.d.i.m.StringFieldMapper$TypeParser] The [string] field is deprecated, please use [text] or [keyword] instead on [writer]
[2017-04-22T19:59:45,722][WARN ][o.e.d.i.m.StringFieldMapper$TypeParser] The [string] field is deprecated, please use [text] or [keyword] instead on [film_production]
