[2017-04-23 00:00:13,842][WARN ][cluster.service          ] [Bloodaxe] failed to reconnect to node [Bloodaxe][7FfweXzrTSKhiqweZlSEMg][AdrenalineD][inet[/10.0.0.90:9300]]
org.elasticsearch.transport.ConnectTransportException: [Bloodaxe][inet[/10.0.0.90:9300]] connect_timeout[30s]
	at org.elasticsearch.transport.netty.NettyTransport.connectToChannels(NettyTransport.java:825)
	at org.elasticsearch.transport.netty.NettyTransport.connectToNode(NettyTransport.java:758)
	at org.elasticsearch.transport.netty.NettyTransport.connectToNode(NettyTransport.java:731)
	at org.elasticsearch.transport.TransportService.connectToNode(TransportService.java:216)
	at org.elasticsearch.cluster.service.InternalClusterService$ReconnectToNodes.run(InternalClusterService.java:584)
	at java.util.concurrent.ThreadPoolExecutor.runWorker(Unknown Source)
	at java.util.concurrent.ThreadPoolExecutor$Worker.run(Unknown Source)
	at java.lang.Thread.run(Unknown Source)
Caused by: java.net.ConnectException: Connection timed out: no further information: /10.0.0.90:9300
	at sun.nio.ch.SocketChannelImpl.checkConnect(Native Method)
	at sun.nio.ch.SocketChannelImpl.finishConnect(Unknown Source)
	at org.elasticsearch.common.netty.channel.socket.nio.NioClientBoss.connect(NioClientBoss.java:152)
	at org.elasticsearch.common.netty.channel.socket.nio.NioClientBoss.processSelectedKeys(NioClientBoss.java:105)
	at org.elasticsearch.common.netty.channel.socket.nio.NioClientBoss.process(NioClientBoss.java:79)
	at org.elasticsearch.common.netty.channel.socket.nio.AbstractNioSelector.run(AbstractNioSelector.java:337)
	at org.elasticsearch.common.netty.channel.socket.nio.NioClientBoss.run(NioClientBoss.java:42)
	at org.elasticsearch.common.netty.util.ThreadRenamingRunnable.run(ThreadRenamingRunnable.java:108)
	at org.elasticsearch.common.netty.util.internal.DeadLockProofWorker$1.run(DeadLockProofWorker.java:42)
	... 3 more
[2017-04-23 00:03:19,997][WARN ][cluster.service          ] [Bloodaxe] failed to reconnect to node [Bloodaxe][7FfweXzrTSKhiqweZlSEMg][AdrenalineD][inet[/10.0.0.90:9300]]
org.elasticsearch.transport.ConnectTransportException: [Bloodaxe][inet[/10.0.0.90:9300]] connect_timeout[30s]
	at org.elasticsearch.transport.netty.NettyTransport.connectToChannels(NettyTransport.java:825)
	at org.elasticsearch.transport.netty.NettyTransport.connectToNode(NettyTransport.java:758)
	at org.elasticsearch.transport.netty.NettyTransport.connectToNode(NettyTransport.java:731)
	at org.elasticsearch.transport.TransportService.connectToNode(TransportService.java:216)
	at org.elasticsearch.cluster.service.InternalClusterService$ReconnectToNodes.run(InternalClusterService.java:584)
	at java.util.concurrent.ThreadPoolExecutor.runWorker(Unknown Source)
	at java.util.concurrent.ThreadPoolExecutor$Worker.run(Unknown Source)
	at java.lang.Thread.run(Unknown Source)
Caused by: java.net.ConnectException: Connection timed out: no further information: /10.0.0.90:9300
	at sun.nio.ch.SocketChannelImpl.checkConnect(Native Method)
	at sun.nio.ch.SocketChannelImpl.finishConnect(Unknown Source)
	at org.elasticsearch.common.netty.channel.socket.nio.NioClientBoss.connect(NioClientBoss.java:152)
	at org.elasticsearch.common.netty.channel.socket.nio.NioClientBoss.processSelectedKeys(NioClientBoss.java:105)
	at org.elasticsearch.common.netty.channel.socket.nio.NioClientBoss.process(NioClientBoss.java:79)
	at org.elasticsearch.common.netty.channel.socket.nio.AbstractNioSelector.run(AbstractNioSelector.java:337)
	at org.elasticsearch.common.netty.channel.socket.nio.NioClientBoss.run(NioClientBoss.java:42)
	at org.elasticsearch.common.netty.util.ThreadRenamingRunnable.run(ThreadRenamingRunnable.java:108)
	at org.elasticsearch.common.netty.util.internal.DeadLockProofWorker$1.run(DeadLockProofWorker.java:42)
	... 3 more
[2017-04-23 00:06:26,035][WARN ][cluster.service          ] [Bloodaxe] failed to reconnect to node [Bloodaxe][7FfweXzrTSKhiqweZlSEMg][AdrenalineD][inet[/10.0.0.90:9300]]
org.elasticsearch.transport.ConnectTransportException: [Bloodaxe][inet[/10.0.0.90:9300]] connect_timeout[30s]
	at org.elasticsearch.transport.netty.NettyTransport.connectToChannels(NettyTransport.java:825)
	at org.elasticsearch.transport.netty.NettyTransport.connectToNode(NettyTransport.java:758)
	at org.elasticsearch.transport.netty.NettyTransport.connectToNode(NettyTransport.java:731)
	at org.elasticsearch.transport.TransportService.connectToNode(TransportService.java:216)
	at org.elasticsearch.cluster.service.InternalClusterService$ReconnectToNodes.run(InternalClusterService.java:584)
	at java.util.concurrent.ThreadPoolExecutor.runWorker(Unknown Source)
	at java.util.concurrent.ThreadPoolExecutor$Worker.run(Unknown Source)
	at java.lang.Thread.run(Unknown Source)
Caused by: java.net.ConnectException: Connection timed out: no further information: /10.0.0.90:9300
	at sun.nio.ch.SocketChannelImpl.checkConnect(Native Method)
	at sun.nio.ch.SocketChannelImpl.finishConnect(Unknown Source)
	at org.elasticsearch.common.netty.channel.socket.nio.NioClientBoss.connect(NioClientBoss.java:152)
	at org.elasticsearch.common.netty.channel.socket.nio.NioClientBoss.processSelectedKeys(NioClientBoss.java:105)
	at org.elasticsearch.common.netty.channel.socket.nio.NioClientBoss.process(NioClientBoss.java:79)
	at org.elasticsearch.common.netty.channel.socket.nio.AbstractNioSelector.run(AbstractNioSelector.java:337)
	at org.elasticsearch.common.netty.channel.socket.nio.NioClientBoss.run(NioClientBoss.java:42)
	at org.elasticsearch.common.netty.util.ThreadRenamingRunnable.run(ThreadRenamingRunnable.java:108)
	at org.elasticsearch.common.netty.util.internal.DeadLockProofWorker$1.run(DeadLockProofWorker.java:42)
	... 3 more
[2017-04-23 00:09:32,068][WARN ][cluster.service          ] [Bloodaxe] failed to reconnect to node [Bloodaxe][7FfweXzrTSKhiqweZlSEMg][AdrenalineD][inet[/10.0.0.90:9300]]
org.elasticsearch.transport.ConnectTransportException: [Bloodaxe][inet[/10.0.0.90:9300]] connect_timeout[30s]
	at org.elasticsearch.transport.netty.NettyTransport.connectToChannels(NettyTransport.java:825)
	at org.elasticsearch.transport.netty.NettyTransport.connectToNode(NettyTransport.java:758)
	at org.elasticsearch.transport.netty.NettyTransport.connectToNode(NettyTransport.java:731)
	at org.elasticsearch.transport.TransportService.connectToNode(TransportService.java:216)
	at org.elasticsearch.cluster.service.InternalClusterService$ReconnectToNodes.run(InternalClusterService.java:584)
	at java.util.concurrent.ThreadPoolExecutor.runWorker(Unknown Source)
	at java.util.concurrent.ThreadPoolExecutor$Worker.run(Unknown Source)
	at java.lang.Thread.run(Unknown Source)
Caused by: java.net.ConnectException: Connection timed out: no further information: /10.0.0.90:9300
	at sun.nio.ch.SocketChannelImpl.checkConnect(Native Method)
	at sun.nio.ch.SocketChannelImpl.finishConnect(Unknown Source)
	at org.elasticsearch.common.netty.channel.socket.nio.NioClientBoss.connect(NioClientBoss.java:152)
	at org.elasticsearch.common.netty.channel.socket.nio.NioClientBoss.processSelectedKeys(NioClientBoss.java:105)
	at org.elasticsearch.common.netty.channel.socket.nio.NioClientBoss.process(NioClientBoss.java:79)
	at org.elasticsearch.common.netty.channel.socket.nio.AbstractNioSelector.run(AbstractNioSelector.java:337)
	at org.elasticsearch.common.netty.channel.socket.nio.NioClientBoss.run(NioClientBoss.java:42)
	at org.elasticsearch.common.netty.util.ThreadRenamingRunnable.run(ThreadRenamingRunnable.java:108)
	at org.elasticsearch.common.netty.util.internal.DeadLockProofWorker$1.run(DeadLockProofWorker.java:42)
	... 3 more
[2017-04-23 00:12:38,106][WARN ][cluster.service          ] [Bloodaxe] failed to reconnect to node [Bloodaxe][7FfweXzrTSKhiqweZlSEMg][AdrenalineD][inet[/10.0.0.90:9300]]
org.elasticsearch.transport.ConnectTransportException: [Bloodaxe][inet[/10.0.0.90:9300]] connect_timeout[30s]
	at org.elasticsearch.transport.netty.NettyTransport.connectToChannels(NettyTransport.java:825)
	at org.elasticsearch.transport.netty.NettyTransport.connectToNode(NettyTransport.java:758)
	at org.elasticsearch.transport.netty.NettyTransport.connectToNode(NettyTransport.java:731)
	at org.elasticsearch.transport.TransportService.connectToNode(TransportService.java:216)
	at org.elasticsearch.cluster.service.InternalClusterService$ReconnectToNodes.run(InternalClusterService.java:584)
	at java.util.concurrent.ThreadPoolExecutor.runWorker(Unknown Source)
	at java.util.concurrent.ThreadPoolExecutor$Worker.run(Unknown Source)
	at java.lang.Thread.run(Unknown Source)
Caused by: java.net.ConnectException: Connection timed out: no further information: /10.0.0.90:9300
	at sun.nio.ch.SocketChannelImpl.checkConnect(Native Method)
	at sun.nio.ch.SocketChannelImpl.finishConnect(Unknown Source)
	at org.elasticsearch.common.netty.channel.socket.nio.NioClientBoss.connect(NioClientBoss.java:152)
	at org.elasticsearch.common.netty.channel.socket.nio.NioClientBoss.processSelectedKeys(NioClientBoss.java:105)
	at org.elasticsearch.common.netty.channel.socket.nio.NioClientBoss.process(NioClientBoss.java:79)
	at org.elasticsearch.common.netty.channel.socket.nio.AbstractNioSelector.run(AbstractNioSelector.java:337)
	at org.elasticsearch.common.netty.channel.socket.nio.NioClientBoss.run(NioClientBoss.java:42)
	at org.elasticsearch.common.netty.util.ThreadRenamingRunnable.run(ThreadRenamingRunnable.java:108)
	at org.elasticsearch.common.netty.util.internal.DeadLockProofWorker$1.run(DeadLockProofWorker.java:42)
	... 3 more
[2017-04-23 00:15:44,133][WARN ][cluster.service          ] [Bloodaxe] failed to reconnect to node [Bloodaxe][7FfweXzrTSKhiqweZlSEMg][AdrenalineD][inet[/10.0.0.90:9300]]
org.elasticsearch.transport.ConnectTransportException: [Bloodaxe][inet[/10.0.0.90:9300]] connect_timeout[30s]
	at org.elasticsearch.transport.netty.NettyTransport.connectToChannels(NettyTransport.java:825)
	at org.elasticsearch.transport.netty.NettyTransport.connectToNode(NettyTransport.java:758)
	at org.elasticsearch.transport.netty.NettyTransport.connectToNode(NettyTransport.java:731)
	at org.elasticsearch.transport.TransportService.connectToNode(TransportService.java:216)
	at org.elasticsearch.cluster.service.InternalClusterService$ReconnectToNodes.run(InternalClusterService.java:584)
	at java.util.concurrent.ThreadPoolExecutor.runWorker(Unknown Source)
	at java.util.concurrent.ThreadPoolExecutor$Worker.run(Unknown Source)
	at java.lang.Thread.run(Unknown Source)
Caused by: java.net.ConnectException: Connection timed out: no further information: /10.0.0.90:9300
	at sun.nio.ch.SocketChannelImpl.checkConnect(Native Method)
	at sun.nio.ch.SocketChannelImpl.finishConnect(Unknown Source)
	at org.elasticsearch.common.netty.channel.socket.nio.NioClientBoss.connect(NioClientBoss.java:152)
	at org.elasticsearch.common.netty.channel.socket.nio.NioClientBoss.processSelectedKeys(NioClientBoss.java:105)
	at org.elasticsearch.common.netty.channel.socket.nio.NioClientBoss.process(NioClientBoss.java:79)
	at org.elasticsearch.common.netty.channel.socket.nio.AbstractNioSelector.run(AbstractNioSelector.java:337)
	at org.elasticsearch.common.netty.channel.socket.nio.NioClientBoss.run(NioClientBoss.java:42)
	at org.elasticsearch.common.netty.util.ThreadRenamingRunnable.run(ThreadRenamingRunnable.java:108)
	at org.elasticsearch.common.netty.util.internal.DeadLockProofWorker$1.run(DeadLockProofWorker.java:42)
	... 3 more
[2017-04-23 00:18:50,165][WARN ][cluster.service          ] [Bloodaxe] failed to reconnect to node [Bloodaxe][7FfweXzrTSKhiqweZlSEMg][AdrenalineD][inet[/10.0.0.90:9300]]
org.elasticsearch.transport.ConnectTransportException: [Bloodaxe][inet[/10.0.0.90:9300]] connect_timeout[30s]
	at org.elasticsearch.transport.netty.NettyTransport.connectToChannels(NettyTransport.java:825)
	at org.elasticsearch.transport.netty.NettyTransport.connectToNode(NettyTransport.java:758)
	at org.elasticsearch.transport.netty.NettyTransport.connectToNode(NettyTransport.java:731)
	at org.elasticsearch.transport.TransportService.connectToNode(TransportService.java:216)
	at org.elasticsearch.cluster.service.InternalClusterService$ReconnectToNodes.run(InternalClusterService.java:584)
	at java.util.concurrent.ThreadPoolExecutor.runWorker(Unknown Source)
	at java.util.concurrent.ThreadPoolExecutor$Worker.run(Unknown Source)
	at java.lang.Thread.run(Unknown Source)
Caused by: java.net.ConnectException: Connection timed out: no further information: /10.0.0.90:9300
	at sun.nio.ch.SocketChannelImpl.checkConnect(Native Method)
	at sun.nio.ch.SocketChannelImpl.finishConnect(Unknown Source)
	at org.elasticsearch.common.netty.channel.socket.nio.NioClientBoss.connect(NioClientBoss.java:152)
	at org.elasticsearch.common.netty.channel.socket.nio.NioClientBoss.processSelectedKeys(NioClientBoss.java:105)
	at org.elasticsearch.common.netty.channel.socket.nio.NioClientBoss.process(NioClientBoss.java:79)
	at org.elasticsearch.common.netty.channel.socket.nio.AbstractNioSelector.run(AbstractNioSelector.java:337)
	at org.elasticsearch.common.netty.channel.socket.nio.NioClientBoss.run(NioClientBoss.java:42)
	at org.elasticsearch.common.netty.util.ThreadRenamingRunnable.run(ThreadRenamingRunnable.java:108)
	at org.elasticsearch.common.netty.util.internal.DeadLockProofWorker$1.run(DeadLockProofWorker.java:42)
	... 3 more
[2017-04-23 00:21:56,198][WARN ][cluster.service          ] [Bloodaxe] failed to reconnect to node [Bloodaxe][7FfweXzrTSKhiqweZlSEMg][AdrenalineD][inet[/10.0.0.90:9300]]
org.elasticsearch.transport.ConnectTransportException: [Bloodaxe][inet[/10.0.0.90:9300]] connect_timeout[30s]
	at org.elasticsearch.transport.netty.NettyTransport.connectToChannels(NettyTransport.java:825)
	at org.elasticsearch.transport.netty.NettyTransport.connectToNode(NettyTransport.java:758)
	at org.elasticsearch.transport.netty.NettyTransport.connectToNode(NettyTransport.java:731)
	at org.elasticsearch.transport.TransportService.connectToNode(TransportService.java:216)
	at org.elasticsearch.cluster.service.InternalClusterService$ReconnectToNodes.run(InternalClusterService.java:584)
	at java.util.concurrent.ThreadPoolExecutor.runWorker(Unknown Source)
	at java.util.concurrent.ThreadPoolExecutor$Worker.run(Unknown Source)
	at java.lang.Thread.run(Unknown Source)
Caused by: java.net.ConnectException: Connection timed out: no further information: /10.0.0.90:9300
	at sun.nio.ch.SocketChannelImpl.checkConnect(Native Method)
	at sun.nio.ch.SocketChannelImpl.finishConnect(Unknown Source)
	at org.elasticsearch.common.netty.channel.socket.nio.NioClientBoss.connect(NioClientBoss.java:152)
	at org.elasticsearch.common.netty.channel.socket.nio.NioClientBoss.processSelectedKeys(NioClientBoss.java:105)
	at org.elasticsearch.common.netty.channel.socket.nio.NioClientBoss.process(NioClientBoss.java:79)
	at org.elasticsearch.common.netty.channel.socket.nio.AbstractNioSelector.run(AbstractNioSelector.java:337)
	at org.elasticsearch.common.netty.channel.socket.nio.NioClientBoss.run(NioClientBoss.java:42)
	at org.elasticsearch.common.netty.util.ThreadRenamingRunnable.run(ThreadRenamingRunnable.java:108)
	at org.elasticsearch.common.netty.util.internal.DeadLockProofWorker$1.run(DeadLockProofWorker.java:42)
	... 3 more
[2017-04-23 00:25:02,219][WARN ][cluster.service          ] [Bloodaxe] failed to reconnect to node [Bloodaxe][7FfweXzrTSKhiqweZlSEMg][AdrenalineD][inet[/10.0.0.90:9300]]
org.elasticsearch.transport.ConnectTransportException: [Bloodaxe][inet[/10.0.0.90:9300]] connect_timeout[30s]
	at org.elasticsearch.transport.netty.NettyTransport.connectToChannels(NettyTransport.java:825)
	at org.elasticsearch.transport.netty.NettyTransport.connectToNode(NettyTransport.java:758)
	at org.elasticsearch.transport.netty.NettyTransport.connectToNode(NettyTransport.java:731)
	at org.elasticsearch.transport.TransportService.connectToNode(TransportService.java:216)
	at org.elasticsearch.cluster.service.InternalClusterService$ReconnectToNodes.run(InternalClusterService.java:584)
	at java.util.concurrent.ThreadPoolExecutor.runWorker(Unknown Source)
	at java.util.concurrent.ThreadPoolExecutor$Worker.run(Unknown Source)
	at java.lang.Thread.run(Unknown Source)
Caused by: java.net.ConnectException: Connection timed out: no further information: /10.0.0.90:9300
	at sun.nio.ch.SocketChannelImpl.checkConnect(Native Method)
	at sun.nio.ch.SocketChannelImpl.finishConnect(Unknown Source)
	at org.elasticsearch.common.netty.channel.socket.nio.NioClientBoss.connect(NioClientBoss.java:152)
	at org.elasticsearch.common.netty.channel.socket.nio.NioClientBoss.processSelectedKeys(NioClientBoss.java:105)
	at org.elasticsearch.common.netty.channel.socket.nio.NioClientBoss.process(NioClientBoss.java:79)
	at org.elasticsearch.common.netty.channel.socket.nio.AbstractNioSelector.run(AbstractNioSelector.java:337)
	at org.elasticsearch.common.netty.channel.socket.nio.NioClientBoss.run(NioClientBoss.java:42)
	at org.elasticsearch.common.netty.util.ThreadRenamingRunnable.run(ThreadRenamingRunnable.java:108)
	at org.elasticsearch.common.netty.util.internal.DeadLockProofWorker$1.run(DeadLockProofWorker.java:42)
	... 3 more
[2017-04-23 00:28:08,251][WARN ][cluster.service          ] [Bloodaxe] failed to reconnect to node [Bloodaxe][7FfweXzrTSKhiqweZlSEMg][AdrenalineD][inet[/10.0.0.90:9300]]
org.elasticsearch.transport.ConnectTransportException: [Bloodaxe][inet[/10.0.0.90:9300]] connect_timeout[30s]
	at org.elasticsearch.transport.netty.NettyTransport.connectToChannels(NettyTransport.java:825)
	at org.elasticsearch.transport.netty.NettyTransport.connectToNode(NettyTransport.java:758)
	at org.elasticsearch.transport.netty.NettyTransport.connectToNode(NettyTransport.java:731)
	at org.elasticsearch.transport.TransportService.connectToNode(TransportService.java:216)
	at org.elasticsearch.cluster.service.InternalClusterService$ReconnectToNodes.run(InternalClusterService.java:584)
	at java.util.concurrent.ThreadPoolExecutor.runWorker(Unknown Source)
	at java.util.concurrent.ThreadPoolExecutor$Worker.run(Unknown Source)
	at java.lang.Thread.run(Unknown Source)
Caused by: java.net.ConnectException: Connection timed out: no further information: /10.0.0.90:9300
	at sun.nio.ch.SocketChannelImpl.checkConnect(Native Method)
	at sun.nio.ch.SocketChannelImpl.finishConnect(Unknown Source)
	at org.elasticsearch.common.netty.channel.socket.nio.NioClientBoss.connect(NioClientBoss.java:152)
	at org.elasticsearch.common.netty.channel.socket.nio.NioClientBoss.processSelectedKeys(NioClientBoss.java:105)
	at org.elasticsearch.common.netty.channel.socket.nio.NioClientBoss.process(NioClientBoss.java:79)
	at org.elasticsearch.common.netty.channel.socket.nio.AbstractNioSelector.run(AbstractNioSelector.java:337)
	at org.elasticsearch.common.netty.channel.socket.nio.NioClientBoss.run(NioClientBoss.java:42)
	at org.elasticsearch.common.netty.util.ThreadRenamingRunnable.run(ThreadRenamingRunnable.java:108)
	at org.elasticsearch.common.netty.util.internal.DeadLockProofWorker$1.run(DeadLockProofWorker.java:42)
	... 3 more
[2017-04-23 00:31:14,298][WARN ][cluster.service          ] [Bloodaxe] failed to reconnect to node [Bloodaxe][7FfweXzrTSKhiqweZlSEMg][AdrenalineD][inet[/10.0.0.90:9300]]
org.elasticsearch.transport.ConnectTransportException: [Bloodaxe][inet[/10.0.0.90:9300]] connect_timeout[30s]
	at org.elasticsearch.transport.netty.NettyTransport.connectToChannels(NettyTransport.java:825)
	at org.elasticsearch.transport.netty.NettyTransport.connectToNode(NettyTransport.java:758)
	at org.elasticsearch.transport.netty.NettyTransport.connectToNode(NettyTransport.java:731)
	at org.elasticsearch.transport.TransportService.connectToNode(TransportService.java:216)
	at org.elasticsearch.cluster.service.InternalClusterService$ReconnectToNodes.run(InternalClusterService.java:584)
	at java.util.concurrent.ThreadPoolExecutor.runWorker(Unknown Source)
	at java.util.concurrent.ThreadPoolExecutor$Worker.run(Unknown Source)
	at java.lang.Thread.run(Unknown Source)
Caused by: java.net.ConnectException: Connection timed out: no further information: /10.0.0.90:9300
	at sun.nio.ch.SocketChannelImpl.checkConnect(Native Method)
	at sun.nio.ch.SocketChannelImpl.finishConnect(Unknown Source)
	at org.elasticsearch.common.netty.channel.socket.nio.NioClientBoss.connect(NioClientBoss.java:152)
	at org.elasticsearch.common.netty.channel.socket.nio.NioClientBoss.processSelectedKeys(NioClientBoss.java:105)
	at org.elasticsearch.common.netty.channel.socket.nio.NioClientBoss.process(NioClientBoss.java:79)
	at org.elasticsearch.common.netty.channel.socket.nio.AbstractNioSelector.run(AbstractNioSelector.java:337)
	at org.elasticsearch.common.netty.channel.socket.nio.NioClientBoss.run(NioClientBoss.java:42)
	at org.elasticsearch.common.netty.util.ThreadRenamingRunnable.run(ThreadRenamingRunnable.java:108)
	at org.elasticsearch.common.netty.util.internal.DeadLockProofWorker$1.run(DeadLockProofWorker.java:42)
	... 3 more
[2017-04-23 00:34:20,343][WARN ][cluster.service          ] [Bloodaxe] failed to reconnect to node [Bloodaxe][7FfweXzrTSKhiqweZlSEMg][AdrenalineD][inet[/10.0.0.90:9300]]
org.elasticsearch.transport.ConnectTransportException: [Bloodaxe][inet[/10.0.0.90:9300]] connect_timeout[30s]
	at org.elasticsearch.transport.netty.NettyTransport.connectToChannels(NettyTransport.java:825)
	at org.elasticsearch.transport.netty.NettyTransport.connectToNode(NettyTransport.java:758)
	at org.elasticsearch.transport.netty.NettyTransport.connectToNode(NettyTransport.java:731)
	at org.elasticsearch.transport.TransportService.connectToNode(TransportService.java:216)
	at org.elasticsearch.cluster.service.InternalClusterService$ReconnectToNodes.run(InternalClusterService.java:584)
	at java.util.concurrent.ThreadPoolExecutor.runWorker(Unknown Source)
	at java.util.concurrent.ThreadPoolExecutor$Worker.run(Unknown Source)
	at java.lang.Thread.run(Unknown Source)
Caused by: java.net.ConnectException: Connection timed out: no further information: /10.0.0.90:9300
	at sun.nio.ch.SocketChannelImpl.checkConnect(Native Method)
	at sun.nio.ch.SocketChannelImpl.finishConnect(Unknown Source)
	at org.elasticsearch.common.netty.channel.socket.nio.NioClientBoss.connect(NioClientBoss.java:152)
	at org.elasticsearch.common.netty.channel.socket.nio.NioClientBoss.processSelectedKeys(NioClientBoss.java:105)
	at org.elasticsearch.common.netty.channel.socket.nio.NioClientBoss.process(NioClientBoss.java:79)
	at org.elasticsearch.common.netty.channel.socket.nio.AbstractNioSelector.run(AbstractNioSelector.java:337)
	at org.elasticsearch.common.netty.channel.socket.nio.NioClientBoss.run(NioClientBoss.java:42)
	at org.elasticsearch.common.netty.util.ThreadRenamingRunnable.run(ThreadRenamingRunnable.java:108)
	at org.elasticsearch.common.netty.util.internal.DeadLockProofWorker$1.run(DeadLockProofWorker.java:42)
	... 3 more
[2017-04-23 00:37:26,383][WARN ][cluster.service          ] [Bloodaxe] failed to reconnect to node [Bloodaxe][7FfweXzrTSKhiqweZlSEMg][AdrenalineD][inet[/10.0.0.90:9300]]
org.elasticsearch.transport.ConnectTransportException: [Bloodaxe][inet[/10.0.0.90:9300]] connect_timeout[30s]
	at org.elasticsearch.transport.netty.NettyTransport.connectToChannels(NettyTransport.java:825)
	at org.elasticsearch.transport.netty.NettyTransport.connectToNode(NettyTransport.java:758)
	at org.elasticsearch.transport.netty.NettyTransport.connectToNode(NettyTransport.java:731)
	at org.elasticsearch.transport.TransportService.connectToNode(TransportService.java:216)
	at org.elasticsearch.cluster.service.InternalClusterService$ReconnectToNodes.run(InternalClusterService.java:584)
	at java.util.concurrent.ThreadPoolExecutor.runWorker(Unknown Source)
	at java.util.concurrent.ThreadPoolExecutor$Worker.run(Unknown Source)
	at java.lang.Thread.run(Unknown Source)
Caused by: java.net.ConnectException: Connection timed out: no further information: /10.0.0.90:9300
	at sun.nio.ch.SocketChannelImpl.checkConnect(Native Method)
	at sun.nio.ch.SocketChannelImpl.finishConnect(Unknown Source)
	at org.elasticsearch.common.netty.channel.socket.nio.NioClientBoss.connect(NioClientBoss.java:152)
	at org.elasticsearch.common.netty.channel.socket.nio.NioClientBoss.processSelectedKeys(NioClientBoss.java:105)
	at org.elasticsearch.common.netty.channel.socket.nio.NioClientBoss.process(NioClientBoss.java:79)
	at org.elasticsearch.common.netty.channel.socket.nio.AbstractNioSelector.run(AbstractNioSelector.java:337)
	at org.elasticsearch.common.netty.channel.socket.nio.NioClientBoss.run(NioClientBoss.java:42)
	at org.elasticsearch.common.netty.util.ThreadRenamingRunnable.run(ThreadRenamingRunnable.java:108)
	at org.elasticsearch.common.netty.util.internal.DeadLockProofWorker$1.run(DeadLockProofWorker.java:42)
	... 3 more
[2017-04-23 00:40:32,427][WARN ][cluster.service          ] [Bloodaxe] failed to reconnect to node [Bloodaxe][7FfweXzrTSKhiqweZlSEMg][AdrenalineD][inet[/10.0.0.90:9300]]
org.elasticsearch.transport.ConnectTransportException: [Bloodaxe][inet[/10.0.0.90:9300]] connect_timeout[30s]
	at org.elasticsearch.transport.netty.NettyTransport.connectToChannels(NettyTransport.java:825)
	at org.elasticsearch.transport.netty.NettyTransport.connectToNode(NettyTransport.java:758)
	at org.elasticsearch.transport.netty.NettyTransport.connectToNode(NettyTransport.java:731)
	at org.elasticsearch.transport.TransportService.connectToNode(TransportService.java:216)
	at org.elasticsearch.cluster.service.InternalClusterService$ReconnectToNodes.run(InternalClusterService.java:584)
	at java.util.concurrent.ThreadPoolExecutor.runWorker(Unknown Source)
	at java.util.concurrent.ThreadPoolExecutor$Worker.run(Unknown Source)
	at java.lang.Thread.run(Unknown Source)
Caused by: java.net.ConnectException: Connection timed out: no further information: /10.0.0.90:9300
	at sun.nio.ch.SocketChannelImpl.checkConnect(Native Method)
	at sun.nio.ch.SocketChannelImpl.finishConnect(Unknown Source)
	at org.elasticsearch.common.netty.channel.socket.nio.NioClientBoss.connect(NioClientBoss.java:152)
	at org.elasticsearch.common.netty.channel.socket.nio.NioClientBoss.processSelectedKeys(NioClientBoss.java:105)
	at org.elasticsearch.common.netty.channel.socket.nio.NioClientBoss.process(NioClientBoss.java:79)
	at org.elasticsearch.common.netty.channel.socket.nio.AbstractNioSelector.run(AbstractNioSelector.java:337)
	at org.elasticsearch.common.netty.channel.socket.nio.NioClientBoss.run(NioClientBoss.java:42)
	at org.elasticsearch.common.netty.util.ThreadRenamingRunnable.run(ThreadRenamingRunnable.java:108)
	at org.elasticsearch.common.netty.util.internal.DeadLockProofWorker$1.run(DeadLockProofWorker.java:42)
	... 3 more
[2017-04-23 00:43:38,471][WARN ][cluster.service          ] [Bloodaxe] failed to reconnect to node [Bloodaxe][7FfweXzrTSKhiqweZlSEMg][AdrenalineD][inet[/10.0.0.90:9300]]
org.elasticsearch.transport.ConnectTransportException: [Bloodaxe][inet[/10.0.0.90:9300]] connect_timeout[30s]
	at org.elasticsearch.transport.netty.NettyTransport.connectToChannels(NettyTransport.java:825)
	at org.elasticsearch.transport.netty.NettyTransport.connectToNode(NettyTransport.java:758)
	at org.elasticsearch.transport.netty.NettyTransport.connectToNode(NettyTransport.java:731)
	at org.elasticsearch.transport.TransportService.connectToNode(TransportService.java:216)
	at org.elasticsearch.cluster.service.InternalClusterService$ReconnectToNodes.run(InternalClusterService.java:584)
	at java.util.concurrent.ThreadPoolExecutor.runWorker(Unknown Source)
	at java.util.concurrent.ThreadPoolExecutor$Worker.run(Unknown Source)
	at java.lang.Thread.run(Unknown Source)
Caused by: java.net.ConnectException: Connection timed out: no further information: /10.0.0.90:9300
	at sun.nio.ch.SocketChannelImpl.checkConnect(Native Method)
	at sun.nio.ch.SocketChannelImpl.finishConnect(Unknown Source)
	at org.elasticsearch.common.netty.channel.socket.nio.NioClientBoss.connect(NioClientBoss.java:152)
	at org.elasticsearch.common.netty.channel.socket.nio.NioClientBoss.processSelectedKeys(NioClientBoss.java:105)
	at org.elasticsearch.common.netty.channel.socket.nio.NioClientBoss.process(NioClientBoss.java:79)
	at org.elasticsearch.common.netty.channel.socket.nio.AbstractNioSelector.run(AbstractNioSelector.java:337)
	at org.elasticsearch.common.netty.channel.socket.nio.NioClientBoss.run(NioClientBoss.java:42)
	at org.elasticsearch.common.netty.util.ThreadRenamingRunnable.run(ThreadRenamingRunnable.java:108)
	at org.elasticsearch.common.netty.util.internal.DeadLockProofWorker$1.run(DeadLockProofWorker.java:42)
	... 3 more
[2017-04-23 00:46:44,517][WARN ][cluster.service          ] [Bloodaxe] failed to reconnect to node [Bloodaxe][7FfweXzrTSKhiqweZlSEMg][AdrenalineD][inet[/10.0.0.90:9300]]
org.elasticsearch.transport.ConnectTransportException: [Bloodaxe][inet[/10.0.0.90:9300]] connect_timeout[30s]
	at org.elasticsearch.transport.netty.NettyTransport.connectToChannels(NettyTransport.java:825)
	at org.elasticsearch.transport.netty.NettyTransport.connectToNode(NettyTransport.java:758)
	at org.elasticsearch.transport.netty.NettyTransport.connectToNode(NettyTransport.java:731)
	at org.elasticsearch.transport.TransportService.connectToNode(TransportService.java:216)
	at org.elasticsearch.cluster.service.InternalClusterService$ReconnectToNodes.run(InternalClusterService.java:584)
	at java.util.concurrent.ThreadPoolExecutor.runWorker(Unknown Source)
	at java.util.concurrent.ThreadPoolExecutor$Worker.run(Unknown Source)
	at java.lang.Thread.run(Unknown Source)
Caused by: java.net.ConnectException: Connection timed out: no further information: /10.0.0.90:9300
	at sun.nio.ch.SocketChannelImpl.checkConnect(Native Method)
	at sun.nio.ch.SocketChannelImpl.finishConnect(Unknown Source)
	at org.elasticsearch.common.netty.channel.socket.nio.NioClientBoss.connect(NioClientBoss.java:152)
	at org.elasticsearch.common.netty.channel.socket.nio.NioClientBoss.processSelectedKeys(NioClientBoss.java:105)
	at org.elasticsearch.common.netty.channel.socket.nio.NioClientBoss.process(NioClientBoss.java:79)
	at org.elasticsearch.common.netty.channel.socket.nio.AbstractNioSelector.run(AbstractNioSelector.java:337)
	at org.elasticsearch.common.netty.channel.socket.nio.NioClientBoss.run(NioClientBoss.java:42)
	at org.elasticsearch.common.netty.util.ThreadRenamingRunnable.run(ThreadRenamingRunnable.java:108)
	at org.elasticsearch.common.netty.util.internal.DeadLockProofWorker$1.run(DeadLockProofWorker.java:42)
	... 3 more
[2017-04-23 00:49:50,550][WARN ][cluster.service          ] [Bloodaxe] failed to reconnect to node [Bloodaxe][7FfweXzrTSKhiqweZlSEMg][AdrenalineD][inet[/10.0.0.90:9300]]
org.elasticsearch.transport.ConnectTransportException: [Bloodaxe][inet[/10.0.0.90:9300]] connect_timeout[30s]
	at org.elasticsearch.transport.netty.NettyTransport.connectToChannels(NettyTransport.java:825)
	at org.elasticsearch.transport.netty.NettyTransport.connectToNode(NettyTransport.java:758)
	at org.elasticsearch.transport.netty.NettyTransport.connectToNode(NettyTransport.java:731)
	at org.elasticsearch.transport.TransportService.connectToNode(TransportService.java:216)
	at org.elasticsearch.cluster.service.InternalClusterService$ReconnectToNodes.run(InternalClusterService.java:584)
	at java.util.concurrent.ThreadPoolExecutor.runWorker(Unknown Source)
	at java.util.concurrent.ThreadPoolExecutor$Worker.run(Unknown Source)
	at java.lang.Thread.run(Unknown Source)
Caused by: java.net.ConnectException: Connection timed out: no further information: /10.0.0.90:9300
	at sun.nio.ch.SocketChannelImpl.checkConnect(Native Method)
	at sun.nio.ch.SocketChannelImpl.finishConnect(Unknown Source)
	at org.elasticsearch.common.netty.channel.socket.nio.NioClientBoss.connect(NioClientBoss.java:152)
	at org.elasticsearch.common.netty.channel.socket.nio.NioClientBoss.processSelectedKeys(NioClientBoss.java:105)
	at org.elasticsearch.common.netty.channel.socket.nio.NioClientBoss.process(NioClientBoss.java:79)
	at org.elasticsearch.common.netty.channel.socket.nio.AbstractNioSelector.run(AbstractNioSelector.java:337)
	at org.elasticsearch.common.netty.channel.socket.nio.NioClientBoss.run(NioClientBoss.java:42)
	at org.elasticsearch.common.netty.util.ThreadRenamingRunnable.run(ThreadRenamingRunnable.java:108)
	at org.elasticsearch.common.netty.util.internal.DeadLockProofWorker$1.run(DeadLockProofWorker.java:42)
	... 3 more
[2017-04-23 00:52:56,618][WARN ][cluster.service          ] [Bloodaxe] failed to reconnect to node [Bloodaxe][7FfweXzrTSKhiqweZlSEMg][AdrenalineD][inet[/10.0.0.90:9300]]
org.elasticsearch.transport.ConnectTransportException: [Bloodaxe][inet[/10.0.0.90:9300]] connect_timeout[30s]
	at org.elasticsearch.transport.netty.NettyTransport.connectToChannels(NettyTransport.java:825)
	at org.elasticsearch.transport.netty.NettyTransport.connectToNode(NettyTransport.java:758)
	at org.elasticsearch.transport.netty.NettyTransport.connectToNode(NettyTransport.java:731)
	at org.elasticsearch.transport.TransportService.connectToNode(TransportService.java:216)
	at org.elasticsearch.cluster.service.InternalClusterService$ReconnectToNodes.run(InternalClusterService.java:584)
	at java.util.concurrent.ThreadPoolExecutor.runWorker(Unknown Source)
	at java.util.concurrent.ThreadPoolExecutor$Worker.run(Unknown Source)
	at java.lang.Thread.run(Unknown Source)
Caused by: java.net.ConnectException: Connection timed out: no further information: /10.0.0.90:9300
	at sun.nio.ch.SocketChannelImpl.checkConnect(Native Method)
	at sun.nio.ch.SocketChannelImpl.finishConnect(Unknown Source)
	at org.elasticsearch.common.netty.channel.socket.nio.NioClientBoss.connect(NioClientBoss.java:152)
	at org.elasticsearch.common.netty.channel.socket.nio.NioClientBoss.processSelectedKeys(NioClientBoss.java:105)
	at org.elasticsearch.common.netty.channel.socket.nio.NioClientBoss.process(NioClientBoss.java:79)
	at org.elasticsearch.common.netty.channel.socket.nio.AbstractNioSelector.run(AbstractNioSelector.java:337)
	at org.elasticsearch.common.netty.channel.socket.nio.NioClientBoss.run(NioClientBoss.java:42)
	at org.elasticsearch.common.netty.util.ThreadRenamingRunnable.run(ThreadRenamingRunnable.java:108)
	at org.elasticsearch.common.netty.util.internal.DeadLockProofWorker$1.run(DeadLockProofWorker.java:42)
	... 3 more
[2017-04-23 00:56:02,644][WARN ][cluster.service          ] [Bloodaxe] failed to reconnect to node [Bloodaxe][7FfweXzrTSKhiqweZlSEMg][AdrenalineD][inet[/10.0.0.90:9300]]
org.elasticsearch.transport.ConnectTransportException: [Bloodaxe][inet[/10.0.0.90:9300]] connect_timeout[30s]
	at org.elasticsearch.transport.netty.NettyTransport.connectToChannels(NettyTransport.java:825)
	at org.elasticsearch.transport.netty.NettyTransport.connectToNode(NettyTransport.java:758)
	at org.elasticsearch.transport.netty.NettyTransport.connectToNode(NettyTransport.java:731)
	at org.elasticsearch.transport.TransportService.connectToNode(TransportService.java:216)
	at org.elasticsearch.cluster.service.InternalClusterService$ReconnectToNodes.run(InternalClusterService.java:584)
	at java.util.concurrent.ThreadPoolExecutor.runWorker(Unknown Source)
	at java.util.concurrent.ThreadPoolExecutor$Worker.run(Unknown Source)
	at java.lang.Thread.run(Unknown Source)
Caused by: java.net.ConnectException: Connection timed out: no further information: /10.0.0.90:9300
	at sun.nio.ch.SocketChannelImpl.checkConnect(Native Method)
	at sun.nio.ch.SocketChannelImpl.finishConnect(Unknown Source)
	at org.elasticsearch.common.netty.channel.socket.nio.NioClientBoss.connect(NioClientBoss.java:152)
	at org.elasticsearch.common.netty.channel.socket.nio.NioClientBoss.processSelectedKeys(NioClientBoss.java:105)
	at org.elasticsearch.common.netty.channel.socket.nio.NioClientBoss.process(NioClientBoss.java:79)
	at org.elasticsearch.common.netty.channel.socket.nio.AbstractNioSelector.run(AbstractNioSelector.java:337)
	at org.elasticsearch.common.netty.channel.socket.nio.NioClientBoss.run(NioClientBoss.java:42)
	at org.elasticsearch.common.netty.util.ThreadRenamingRunnable.run(ThreadRenamingRunnable.java:108)
	at org.elasticsearch.common.netty.util.internal.DeadLockProofWorker$1.run(DeadLockProofWorker.java:42)
	... 3 more
[2017-04-23 00:59:08,678][WARN ][cluster.service          ] [Bloodaxe] failed to reconnect to node [Bloodaxe][7FfweXzrTSKhiqweZlSEMg][AdrenalineD][inet[/10.0.0.90:9300]]
org.elasticsearch.transport.ConnectTransportException: [Bloodaxe][inet[/10.0.0.90:9300]] connect_timeout[30s]
	at org.elasticsearch.transport.netty.NettyTransport.connectToChannels(NettyTransport.java:825)
	at org.elasticsearch.transport.netty.NettyTransport.connectToNode(NettyTransport.java:758)
	at org.elasticsearch.transport.netty.NettyTransport.connectToNode(NettyTransport.java:731)
	at org.elasticsearch.transport.TransportService.connectToNode(TransportService.java:216)
	at org.elasticsearch.cluster.service.InternalClusterService$ReconnectToNodes.run(InternalClusterService.java:584)
	at java.util.concurrent.ThreadPoolExecutor.runWorker(Unknown Source)
	at java.util.concurrent.ThreadPoolExecutor$Worker.run(Unknown Source)
	at java.lang.Thread.run(Unknown Source)
Caused by: java.net.ConnectException: Connection timed out: no further information: /10.0.0.90:9300
	at sun.nio.ch.SocketChannelImpl.checkConnect(Native Method)
	at sun.nio.ch.SocketChannelImpl.finishConnect(Unknown Source)
	at org.elasticsearch.common.netty.channel.socket.nio.NioClientBoss.connect(NioClientBoss.java:152)
	at org.elasticsearch.common.netty.channel.socket.nio.NioClientBoss.processSelectedKeys(NioClientBoss.java:105)
	at org.elasticsearch.common.netty.channel.socket.nio.NioClientBoss.process(NioClientBoss.java:79)
	at org.elasticsearch.common.netty.channel.socket.nio.AbstractNioSelector.run(AbstractNioSelector.java:337)
	at org.elasticsearch.common.netty.channel.socket.nio.NioClientBoss.run(NioClientBoss.java:42)
	at org.elasticsearch.common.netty.util.ThreadRenamingRunnable.run(ThreadRenamingRunnable.java:108)
	at org.elasticsearch.common.netty.util.internal.DeadLockProofWorker$1.run(DeadLockProofWorker.java:42)
	... 3 more
[2017-04-23 01:02:14,709][WARN ][cluster.service          ] [Bloodaxe] failed to reconnect to node [Bloodaxe][7FfweXzrTSKhiqweZlSEMg][AdrenalineD][inet[/10.0.0.90:9300]]
org.elasticsearch.transport.ConnectTransportException: [Bloodaxe][inet[/10.0.0.90:9300]] connect_timeout[30s]
	at org.elasticsearch.transport.netty.NettyTransport.connectToChannels(NettyTransport.java:825)
	at org.elasticsearch.transport.netty.NettyTransport.connectToNode(NettyTransport.java:758)
	at org.elasticsearch.transport.netty.NettyTransport.connectToNode(NettyTransport.java:731)
	at org.elasticsearch.transport.TransportService.connectToNode(TransportService.java:216)
	at org.elasticsearch.cluster.service.InternalClusterService$ReconnectToNodes.run(InternalClusterService.java:584)
	at java.util.concurrent.ThreadPoolExecutor.runWorker(Unknown Source)
	at java.util.concurrent.ThreadPoolExecutor$Worker.run(Unknown Source)
	at java.lang.Thread.run(Unknown Source)
Caused by: java.net.ConnectException: Connection timed out: no further information: /10.0.0.90:9300
	at sun.nio.ch.SocketChannelImpl.checkConnect(Native Method)
	at sun.nio.ch.SocketChannelImpl.finishConnect(Unknown Source)
	at org.elasticsearch.common.netty.channel.socket.nio.NioClientBoss.connect(NioClientBoss.java:152)
	at org.elasticsearch.common.netty.channel.socket.nio.NioClientBoss.processSelectedKeys(NioClientBoss.java:105)
	at org.elasticsearch.common.netty.channel.socket.nio.NioClientBoss.process(NioClientBoss.java:79)
	at org.elasticsearch.common.netty.channel.socket.nio.AbstractNioSelector.run(AbstractNioSelector.java:337)
	at org.elasticsearch.common.netty.channel.socket.nio.NioClientBoss.run(NioClientBoss.java:42)
	at org.elasticsearch.common.netty.util.ThreadRenamingRunnable.run(ThreadRenamingRunnable.java:108)
	at org.elasticsearch.common.netty.util.internal.DeadLockProofWorker$1.run(DeadLockProofWorker.java:42)
	... 3 more
[2017-04-23 01:05:20,742][WARN ][cluster.service          ] [Bloodaxe] failed to reconnect to node [Bloodaxe][7FfweXzrTSKhiqweZlSEMg][AdrenalineD][inet[/10.0.0.90:9300]]
org.elasticsearch.transport.ConnectTransportException: [Bloodaxe][inet[/10.0.0.90:9300]] connect_timeout[30s]
	at org.elasticsearch.transport.netty.NettyTransport.connectToChannels(NettyTransport.java:825)
	at org.elasticsearch.transport.netty.NettyTransport.connectToNode(NettyTransport.java:758)
	at org.elasticsearch.transport.netty.NettyTransport.connectToNode(NettyTransport.java:731)
	at org.elasticsearch.transport.TransportService.connectToNode(TransportService.java:216)
	at org.elasticsearch.cluster.service.InternalClusterService$ReconnectToNodes.run(InternalClusterService.java:584)
	at java.util.concurrent.ThreadPoolExecutor.runWorker(Unknown Source)
	at java.util.concurrent.ThreadPoolExecutor$Worker.run(Unknown Source)
	at java.lang.Thread.run(Unknown Source)
Caused by: java.net.ConnectException: Connection timed out: no further information: /10.0.0.90:9300
	at sun.nio.ch.SocketChannelImpl.checkConnect(Native Method)
	at sun.nio.ch.SocketChannelImpl.finishConnect(Unknown Source)
	at org.elasticsearch.common.netty.channel.socket.nio.NioClientBoss.connect(NioClientBoss.java:152)
	at org.elasticsearch.common.netty.channel.socket.nio.NioClientBoss.processSelectedKeys(NioClientBoss.java:105)
	at org.elasticsearch.common.netty.channel.socket.nio.NioClientBoss.process(NioClientBoss.java:79)
	at org.elasticsearch.common.netty.channel.socket.nio.AbstractNioSelector.run(AbstractNioSelector.java:337)
	at org.elasticsearch.common.netty.channel.socket.nio.NioClientBoss.run(NioClientBoss.java:42)
	at org.elasticsearch.common.netty.util.ThreadRenamingRunnable.run(ThreadRenamingRunnable.java:108)
	at org.elasticsearch.common.netty.util.internal.DeadLockProofWorker$1.run(DeadLockProofWorker.java:42)
	... 3 more
[2017-04-23 01:08:26,773][WARN ][cluster.service          ] [Bloodaxe] failed to reconnect to node [Bloodaxe][7FfweXzrTSKhiqweZlSEMg][AdrenalineD][inet[/10.0.0.90:9300]]
org.elasticsearch.transport.ConnectTransportException: [Bloodaxe][inet[/10.0.0.90:9300]] connect_timeout[30s]
	at org.elasticsearch.transport.netty.NettyTransport.connectToChannels(NettyTransport.java:825)
	at org.elasticsearch.transport.netty.NettyTransport.connectToNode(NettyTransport.java:758)
	at org.elasticsearch.transport.netty.NettyTransport.connectToNode(NettyTransport.java:731)
	at org.elasticsearch.transport.TransportService.connectToNode(TransportService.java:216)
	at org.elasticsearch.cluster.service.InternalClusterService$ReconnectToNodes.run(InternalClusterService.java:584)
	at java.util.concurrent.ThreadPoolExecutor.runWorker(Unknown Source)
	at java.util.concurrent.ThreadPoolExecutor$Worker.run(Unknown Source)
	at java.lang.Thread.run(Unknown Source)
Caused by: java.net.ConnectException: Connection timed out: no further information: /10.0.0.90:9300
	at sun.nio.ch.SocketChannelImpl.checkConnect(Native Method)
	at sun.nio.ch.SocketChannelImpl.finishConnect(Unknown Source)
	at org.elasticsearch.common.netty.channel.socket.nio.NioClientBoss.connect(NioClientBoss.java:152)
	at org.elasticsearch.common.netty.channel.socket.nio.NioClientBoss.processSelectedKeys(NioClientBoss.java:105)
	at org.elasticsearch.common.netty.channel.socket.nio.NioClientBoss.process(NioClientBoss.java:79)
	at org.elasticsearch.common.netty.channel.socket.nio.AbstractNioSelector.run(AbstractNioSelector.java:337)
	at org.elasticsearch.common.netty.channel.socket.nio.NioClientBoss.run(NioClientBoss.java:42)
	at org.elasticsearch.common.netty.util.ThreadRenamingRunnable.run(ThreadRenamingRunnable.java:108)
	at org.elasticsearch.common.netty.util.internal.DeadLockProofWorker$1.run(DeadLockProofWorker.java:42)
	... 3 more
[2017-04-23 01:11:32,825][WARN ][cluster.service          ] [Bloodaxe] failed to reconnect to node [Bloodaxe][7FfweXzrTSKhiqweZlSEMg][AdrenalineD][inet[/10.0.0.90:9300]]
org.elasticsearch.transport.ConnectTransportException: [Bloodaxe][inet[/10.0.0.90:9300]] connect_timeout[30s]
	at org.elasticsearch.transport.netty.NettyTransport.connectToChannels(NettyTransport.java:825)
	at org.elasticsearch.transport.netty.NettyTransport.connectToNode(NettyTransport.java:758)
	at org.elasticsearch.transport.netty.NettyTransport.connectToNode(NettyTransport.java:731)
	at org.elasticsearch.transport.TransportService.connectToNode(TransportService.java:216)
	at org.elasticsearch.cluster.service.InternalClusterService$ReconnectToNodes.run(InternalClusterService.java:584)
	at java.util.concurrent.ThreadPoolExecutor.runWorker(Unknown Source)
	at java.util.concurrent.ThreadPoolExecutor$Worker.run(Unknown Source)
	at java.lang.Thread.run(Unknown Source)
Caused by: java.net.ConnectException: Connection timed out: no further information: /10.0.0.90:9300
	at sun.nio.ch.SocketChannelImpl.checkConnect(Native Method)
	at sun.nio.ch.SocketChannelImpl.finishConnect(Unknown Source)
	at org.elasticsearch.common.netty.channel.socket.nio.NioClientBoss.connect(NioClientBoss.java:152)
	at org.elasticsearch.common.netty.channel.socket.nio.NioClientBoss.processSelectedKeys(NioClientBoss.java:105)
	at org.elasticsearch.common.netty.channel.socket.nio.NioClientBoss.process(NioClientBoss.java:79)
	at org.elasticsearch.common.netty.channel.socket.nio.AbstractNioSelector.run(AbstractNioSelector.java:337)
	at org.elasticsearch.common.netty.channel.socket.nio.NioClientBoss.run(NioClientBoss.java:42)
	at org.elasticsearch.common.netty.util.ThreadRenamingRunnable.run(ThreadRenamingRunnable.java:108)
	at org.elasticsearch.common.netty.util.internal.DeadLockProofWorker$1.run(DeadLockProofWorker.java:42)
	... 3 more
[2017-04-23 01:14:38,873][WARN ][cluster.service          ] [Bloodaxe] failed to reconnect to node [Bloodaxe][7FfweXzrTSKhiqweZlSEMg][AdrenalineD][inet[/10.0.0.90:9300]]
org.elasticsearch.transport.ConnectTransportException: [Bloodaxe][inet[/10.0.0.90:9300]] connect_timeout[30s]
	at org.elasticsearch.transport.netty.NettyTransport.connectToChannels(NettyTransport.java:825)
	at org.elasticsearch.transport.netty.NettyTransport.connectToNode(NettyTransport.java:758)
	at org.elasticsearch.transport.netty.NettyTransport.connectToNode(NettyTransport.java:731)
	at org.elasticsearch.transport.TransportService.connectToNode(TransportService.java:216)
	at org.elasticsearch.cluster.service.InternalClusterService$ReconnectToNodes.run(InternalClusterService.java:584)
	at java.util.concurrent.ThreadPoolExecutor.runWorker(Unknown Source)
	at java.util.concurrent.ThreadPoolExecutor$Worker.run(Unknown Source)
	at java.lang.Thread.run(Unknown Source)
Caused by: java.net.ConnectException: Connection timed out: no further information: /10.0.0.90:9300
	at sun.nio.ch.SocketChannelImpl.checkConnect(Native Method)
	at sun.nio.ch.SocketChannelImpl.finishConnect(Unknown Source)
	at org.elasticsearch.common.netty.channel.socket.nio.NioClientBoss.connect(NioClientBoss.java:152)
	at org.elasticsearch.common.netty.channel.socket.nio.NioClientBoss.processSelectedKeys(NioClientBoss.java:105)
	at org.elasticsearch.common.netty.channel.socket.nio.NioClientBoss.process(NioClientBoss.java:79)
	at org.elasticsearch.common.netty.channel.socket.nio.AbstractNioSelector.run(AbstractNioSelector.java:337)
	at org.elasticsearch.common.netty.channel.socket.nio.NioClientBoss.run(NioClientBoss.java:42)
	at org.elasticsearch.common.netty.util.ThreadRenamingRunnable.run(ThreadRenamingRunnable.java:108)
	at org.elasticsearch.common.netty.util.internal.DeadLockProofWorker$1.run(DeadLockProofWorker.java:42)
	... 3 more
[2017-04-23 01:17:44,914][WARN ][cluster.service          ] [Bloodaxe] failed to reconnect to node [Bloodaxe][7FfweXzrTSKhiqweZlSEMg][AdrenalineD][inet[/10.0.0.90:9300]]
org.elasticsearch.transport.ConnectTransportException: [Bloodaxe][inet[/10.0.0.90:9300]] connect_timeout[30s]
	at org.elasticsearch.transport.netty.NettyTransport.connectToChannels(NettyTransport.java:825)
	at org.elasticsearch.transport.netty.NettyTransport.connectToNode(NettyTransport.java:758)
	at org.elasticsearch.transport.netty.NettyTransport.connectToNode(NettyTransport.java:731)
	at org.elasticsearch.transport.TransportService.connectToNode(TransportService.java:216)
	at org.elasticsearch.cluster.service.InternalClusterService$ReconnectToNodes.run(InternalClusterService.java:584)
	at java.util.concurrent.ThreadPoolExecutor.runWorker(Unknown Source)
	at java.util.concurrent.ThreadPoolExecutor$Worker.run(Unknown Source)
	at java.lang.Thread.run(Unknown Source)
Caused by: java.net.ConnectException: Connection timed out: no further information: /10.0.0.90:9300
	at sun.nio.ch.SocketChannelImpl.checkConnect(Native Method)
	at sun.nio.ch.SocketChannelImpl.finishConnect(Unknown Source)
	at org.elasticsearch.common.netty.channel.socket.nio.NioClientBoss.connect(NioClientBoss.java:152)
	at org.elasticsearch.common.netty.channel.socket.nio.NioClientBoss.processSelectedKeys(NioClientBoss.java:105)
	at org.elasticsearch.common.netty.channel.socket.nio.NioClientBoss.process(NioClientBoss.java:79)
	at org.elasticsearch.common.netty.channel.socket.nio.AbstractNioSelector.run(AbstractNioSelector.java:337)
	at org.elasticsearch.common.netty.channel.socket.nio.NioClientBoss.run(NioClientBoss.java:42)
	at org.elasticsearch.common.netty.util.ThreadRenamingRunnable.run(ThreadRenamingRunnable.java:108)
	at org.elasticsearch.common.netty.util.internal.DeadLockProofWorker$1.run(DeadLockProofWorker.java:42)
	... 3 more
[2017-04-23 01:20:50,951][WARN ][cluster.service          ] [Bloodaxe] failed to reconnect to node [Bloodaxe][7FfweXzrTSKhiqweZlSEMg][AdrenalineD][inet[/10.0.0.90:9300]]
org.elasticsearch.transport.ConnectTransportException: [Bloodaxe][inet[/10.0.0.90:9300]] connect_timeout[30s]
	at org.elasticsearch.transport.netty.NettyTransport.connectToChannels(NettyTransport.java:825)
	at org.elasticsearch.transport.netty.NettyTransport.connectToNode(NettyTransport.java:758)
	at org.elasticsearch.transport.netty.NettyTransport.connectToNode(NettyTransport.java:731)
	at org.elasticsearch.transport.TransportService.connectToNode(TransportService.java:216)
	at org.elasticsearch.cluster.service.InternalClusterService$ReconnectToNodes.run(InternalClusterService.java:584)
	at java.util.concurrent.ThreadPoolExecutor.runWorker(Unknown Source)
	at java.util.concurrent.ThreadPoolExecutor$Worker.run(Unknown Source)
	at java.lang.Thread.run(Unknown Source)
Caused by: java.net.ConnectException: Connection timed out: no further information: /10.0.0.90:9300
	at sun.nio.ch.SocketChannelImpl.checkConnect(Native Method)
	at sun.nio.ch.SocketChannelImpl.finishConnect(Unknown Source)
	at org.elasticsearch.common.netty.channel.socket.nio.NioClientBoss.connect(NioClientBoss.java:152)
	at org.elasticsearch.common.netty.channel.socket.nio.NioClientBoss.processSelectedKeys(NioClientBoss.java:105)
	at org.elasticsearch.common.netty.channel.socket.nio.NioClientBoss.process(NioClientBoss.java:79)
	at org.elasticsearch.common.netty.channel.socket.nio.AbstractNioSelector.run(AbstractNioSelector.java:337)
	at org.elasticsearch.common.netty.channel.socket.nio.NioClientBoss.run(NioClientBoss.java:42)
	at org.elasticsearch.common.netty.util.ThreadRenamingRunnable.run(ThreadRenamingRunnable.java:108)
	at org.elasticsearch.common.netty.util.internal.DeadLockProofWorker$1.run(DeadLockProofWorker.java:42)
	... 3 more
[2017-04-23 01:23:56,984][WARN ][cluster.service          ] [Bloodaxe] failed to reconnect to node [Bloodaxe][7FfweXzrTSKhiqweZlSEMg][AdrenalineD][inet[/10.0.0.90:9300]]
org.elasticsearch.transport.ConnectTransportException: [Bloodaxe][inet[/10.0.0.90:9300]] connect_timeout[30s]
	at org.elasticsearch.transport.netty.NettyTransport.connectToChannels(NettyTransport.java:825)
	at org.elasticsearch.transport.netty.NettyTransport.connectToNode(NettyTransport.java:758)
	at org.elasticsearch.transport.netty.NettyTransport.connectToNode(NettyTransport.java:731)
	at org.elasticsearch.transport.TransportService.connectToNode(TransportService.java:216)
	at org.elasticsearch.cluster.service.InternalClusterService$ReconnectToNodes.run(InternalClusterService.java:584)
	at java.util.concurrent.ThreadPoolExecutor.runWorker(Unknown Source)
	at java.util.concurrent.ThreadPoolExecutor$Worker.run(Unknown Source)
	at java.lang.Thread.run(Unknown Source)
Caused by: java.net.ConnectException: Connection timed out: no further information: /10.0.0.90:9300
	at sun.nio.ch.SocketChannelImpl.checkConnect(Native Method)
	at sun.nio.ch.SocketChannelImpl.finishConnect(Unknown Source)
	at org.elasticsearch.common.netty.channel.socket.nio.NioClientBoss.connect(NioClientBoss.java:152)
	at org.elasticsearch.common.netty.channel.socket.nio.NioClientBoss.processSelectedKeys(NioClientBoss.java:105)
	at org.elasticsearch.common.netty.channel.socket.nio.NioClientBoss.process(NioClientBoss.java:79)
	at org.elasticsearch.common.netty.channel.socket.nio.AbstractNioSelector.run(AbstractNioSelector.java:337)
	at org.elasticsearch.common.netty.channel.socket.nio.NioClientBoss.run(NioClientBoss.java:42)
	at org.elasticsearch.common.netty.util.ThreadRenamingRunnable.run(ThreadRenamingRunnable.java:108)
	at org.elasticsearch.common.netty.util.internal.DeadLockProofWorker$1.run(DeadLockProofWorker.java:42)
	... 3 more
[2017-04-23 01:27:03,008][WARN ][cluster.service          ] [Bloodaxe] failed to reconnect to node [Bloodaxe][7FfweXzrTSKhiqweZlSEMg][AdrenalineD][inet[/10.0.0.90:9300]]
org.elasticsearch.transport.ConnectTransportException: [Bloodaxe][inet[/10.0.0.90:9300]] connect_timeout[30s]
	at org.elasticsearch.transport.netty.NettyTransport.connectToChannels(NettyTransport.java:825)
	at org.elasticsearch.transport.netty.NettyTransport.connectToNode(NettyTransport.java:758)
	at org.elasticsearch.transport.netty.NettyTransport.connectToNode(NettyTransport.java:731)
	at org.elasticsearch.transport.TransportService.connectToNode(TransportService.java:216)
	at org.elasticsearch.cluster.service.InternalClusterService$ReconnectToNodes.run(InternalClusterService.java:584)
	at java.util.concurrent.ThreadPoolExecutor.runWorker(Unknown Source)
	at java.util.concurrent.ThreadPoolExecutor$Worker.run(Unknown Source)
	at java.lang.Thread.run(Unknown Source)
Caused by: java.net.ConnectException: Connection timed out: no further information: /10.0.0.90:9300
	at sun.nio.ch.SocketChannelImpl.checkConnect(Native Method)
	at sun.nio.ch.SocketChannelImpl.finishConnect(Unknown Source)
	at org.elasticsearch.common.netty.channel.socket.nio.NioClientBoss.connect(NioClientBoss.java:152)
	at org.elasticsearch.common.netty.channel.socket.nio.NioClientBoss.processSelectedKeys(NioClientBoss.java:105)
	at org.elasticsearch.common.netty.channel.socket.nio.NioClientBoss.process(NioClientBoss.java:79)
	at org.elasticsearch.common.netty.channel.socket.nio.AbstractNioSelector.run(AbstractNioSelector.java:337)
	at org.elasticsearch.common.netty.channel.socket.nio.NioClientBoss.run(NioClientBoss.java:42)
	at org.elasticsearch.common.netty.util.ThreadRenamingRunnable.run(ThreadRenamingRunnable.java:108)
	at org.elasticsearch.common.netty.util.internal.DeadLockProofWorker$1.run(DeadLockProofWorker.java:42)
	... 3 more
[2017-04-23 01:30:09,048][WARN ][cluster.service          ] [Bloodaxe] failed to reconnect to node [Bloodaxe][7FfweXzrTSKhiqweZlSEMg][AdrenalineD][inet[/10.0.0.90:9300]]
org.elasticsearch.transport.ConnectTransportException: [Bloodaxe][inet[/10.0.0.90:9300]] connect_timeout[30s]
	at org.elasticsearch.transport.netty.NettyTransport.connectToChannels(NettyTransport.java:825)
	at org.elasticsearch.transport.netty.NettyTransport.connectToNode(NettyTransport.java:758)
	at org.elasticsearch.transport.netty.NettyTransport.connectToNode(NettyTransport.java:731)
	at org.elasticsearch.transport.TransportService.connectToNode(TransportService.java:216)
	at org.elasticsearch.cluster.service.InternalClusterService$ReconnectToNodes.run(InternalClusterService.java:584)
	at java.util.concurrent.ThreadPoolExecutor.runWorker(Unknown Source)
	at java.util.concurrent.ThreadPoolExecutor$Worker.run(Unknown Source)
	at java.lang.Thread.run(Unknown Source)
Caused by: java.net.ConnectException: Connection timed out: no further information: /10.0.0.90:9300
	at sun.nio.ch.SocketChannelImpl.checkConnect(Native Method)
	at sun.nio.ch.SocketChannelImpl.finishConnect(Unknown Source)
	at org.elasticsearch.common.netty.channel.socket.nio.NioClientBoss.connect(NioClientBoss.java:152)
	at org.elasticsearch.common.netty.channel.socket.nio.NioClientBoss.processSelectedKeys(NioClientBoss.java:105)
	at org.elasticsearch.common.netty.channel.socket.nio.NioClientBoss.process(NioClientBoss.java:79)
	at org.elasticsearch.common.netty.channel.socket.nio.AbstractNioSelector.run(AbstractNioSelector.java:337)
	at org.elasticsearch.common.netty.channel.socket.nio.NioClientBoss.run(NioClientBoss.java:42)
	at org.elasticsearch.common.netty.util.ThreadRenamingRunnable.run(ThreadRenamingRunnable.java:108)
	at org.elasticsearch.common.netty.util.internal.DeadLockProofWorker$1.run(DeadLockProofWorker.java:42)
	... 3 more
[2017-04-23 01:33:15,085][WARN ][cluster.service          ] [Bloodaxe] failed to reconnect to node [Bloodaxe][7FfweXzrTSKhiqweZlSEMg][AdrenalineD][inet[/10.0.0.90:9300]]
org.elasticsearch.transport.ConnectTransportException: [Bloodaxe][inet[/10.0.0.90:9300]] connect_timeout[30s]
	at org.elasticsearch.transport.netty.NettyTransport.connectToChannels(NettyTransport.java:825)
	at org.elasticsearch.transport.netty.NettyTransport.connectToNode(NettyTransport.java:758)
	at org.elasticsearch.transport.netty.NettyTransport.connectToNode(NettyTransport.java:731)
	at org.elasticsearch.transport.TransportService.connectToNode(TransportService.java:216)
	at org.elasticsearch.cluster.service.InternalClusterService$ReconnectToNodes.run(InternalClusterService.java:584)
	at java.util.concurrent.ThreadPoolExecutor.runWorker(Unknown Source)
	at java.util.concurrent.ThreadPoolExecutor$Worker.run(Unknown Source)
	at java.lang.Thread.run(Unknown Source)
Caused by: java.net.ConnectException: Connection timed out: no further information: /10.0.0.90:9300
	at sun.nio.ch.SocketChannelImpl.checkConnect(Native Method)
	at sun.nio.ch.SocketChannelImpl.finishConnect(Unknown Source)
	at org.elasticsearch.common.netty.channel.socket.nio.NioClientBoss.connect(NioClientBoss.java:152)
	at org.elasticsearch.common.netty.channel.socket.nio.NioClientBoss.processSelectedKeys(NioClientBoss.java:105)
	at org.elasticsearch.common.netty.channel.socket.nio.NioClientBoss.process(NioClientBoss.java:79)
	at org.elasticsearch.common.netty.channel.socket.nio.AbstractNioSelector.run(AbstractNioSelector.java:337)
	at org.elasticsearch.common.netty.channel.socket.nio.NioClientBoss.run(NioClientBoss.java:42)
	at org.elasticsearch.common.netty.util.ThreadRenamingRunnable.run(ThreadRenamingRunnable.java:108)
	at org.elasticsearch.common.netty.util.internal.DeadLockProofWorker$1.run(DeadLockProofWorker.java:42)
	... 3 more
[2017-04-23 01:36:21,117][WARN ][cluster.service          ] [Bloodaxe] failed to reconnect to node [Bloodaxe][7FfweXzrTSKhiqweZlSEMg][AdrenalineD][inet[/10.0.0.90:9300]]
org.elasticsearch.transport.ConnectTransportException: [Bloodaxe][inet[/10.0.0.90:9300]] connect_timeout[30s]
	at org.elasticsearch.transport.netty.NettyTransport.connectToChannels(NettyTransport.java:825)
	at org.elasticsearch.transport.netty.NettyTransport.connectToNode(NettyTransport.java:758)
	at org.elasticsearch.transport.netty.NettyTransport.connectToNode(NettyTransport.java:731)
	at org.elasticsearch.transport.TransportService.connectToNode(TransportService.java:216)
	at org.elasticsearch.cluster.service.InternalClusterService$ReconnectToNodes.run(InternalClusterService.java:584)
	at java.util.concurrent.ThreadPoolExecutor.runWorker(Unknown Source)
	at java.util.concurrent.ThreadPoolExecutor$Worker.run(Unknown Source)
	at java.lang.Thread.run(Unknown Source)
Caused by: java.net.ConnectException: Connection timed out: no further information: /10.0.0.90:9300
	at sun.nio.ch.SocketChannelImpl.checkConnect(Native Method)
	at sun.nio.ch.SocketChannelImpl.finishConnect(Unknown Source)
	at org.elasticsearch.common.netty.channel.socket.nio.NioClientBoss.connect(NioClientBoss.java:152)
	at org.elasticsearch.common.netty.channel.socket.nio.NioClientBoss.processSelectedKeys(NioClientBoss.java:105)
	at org.elasticsearch.common.netty.channel.socket.nio.NioClientBoss.process(NioClientBoss.java:79)
	at org.elasticsearch.common.netty.channel.socket.nio.AbstractNioSelector.run(AbstractNioSelector.java:337)
	at org.elasticsearch.common.netty.channel.socket.nio.NioClientBoss.run(NioClientBoss.java:42)
	at org.elasticsearch.common.netty.util.ThreadRenamingRunnable.run(ThreadRenamingRunnable.java:108)
	at org.elasticsearch.common.netty.util.internal.DeadLockProofWorker$1.run(DeadLockProofWorker.java:42)
	... 3 more
[2017-04-23 01:39:27,149][WARN ][cluster.service          ] [Bloodaxe] failed to reconnect to node [Bloodaxe][7FfweXzrTSKhiqweZlSEMg][AdrenalineD][inet[/10.0.0.90:9300]]
org.elasticsearch.transport.ConnectTransportException: [Bloodaxe][inet[/10.0.0.90:9300]] connect_timeout[30s]
	at org.elasticsearch.transport.netty.NettyTransport.connectToChannels(NettyTransport.java:825)
	at org.elasticsearch.transport.netty.NettyTransport.connectToNode(NettyTransport.java:758)
	at org.elasticsearch.transport.netty.NettyTransport.connectToNode(NettyTransport.java:731)
	at org.elasticsearch.transport.TransportService.connectToNode(TransportService.java:216)
	at org.elasticsearch.cluster.service.InternalClusterService$ReconnectToNodes.run(InternalClusterService.java:584)
	at java.util.concurrent.ThreadPoolExecutor.runWorker(Unknown Source)
	at java.util.concurrent.ThreadPoolExecutor$Worker.run(Unknown Source)
	at java.lang.Thread.run(Unknown Source)
Caused by: java.net.ConnectException: Connection timed out: no further information: /10.0.0.90:9300
	at sun.nio.ch.SocketChannelImpl.checkConnect(Native Method)
	at sun.nio.ch.SocketChannelImpl.finishConnect(Unknown Source)
	at org.elasticsearch.common.netty.channel.socket.nio.NioClientBoss.connect(NioClientBoss.java:152)
	at org.elasticsearch.common.netty.channel.socket.nio.NioClientBoss.processSelectedKeys(NioClientBoss.java:105)
	at org.elasticsearch.common.netty.channel.socket.nio.NioClientBoss.process(NioClientBoss.java:79)
	at org.elasticsearch.common.netty.channel.socket.nio.AbstractNioSelector.run(AbstractNioSelector.java:337)
	at org.elasticsearch.common.netty.channel.socket.nio.NioClientBoss.run(NioClientBoss.java:42)
	at org.elasticsearch.common.netty.util.ThreadRenamingRunnable.run(ThreadRenamingRunnable.java:108)
	at org.elasticsearch.common.netty.util.internal.DeadLockProofWorker$1.run(DeadLockProofWorker.java:42)
	... 3 more
[2017-04-23 01:42:33,185][WARN ][cluster.service          ] [Bloodaxe] failed to reconnect to node [Bloodaxe][7FfweXzrTSKhiqweZlSEMg][AdrenalineD][inet[/10.0.0.90:9300]]
org.elasticsearch.transport.ConnectTransportException: [Bloodaxe][inet[/10.0.0.90:9300]] connect_timeout[30s]
	at org.elasticsearch.transport.netty.NettyTransport.connectToChannels(NettyTransport.java:825)
	at org.elasticsearch.transport.netty.NettyTransport.connectToNode(NettyTransport.java:758)
	at org.elasticsearch.transport.netty.NettyTransport.connectToNode(NettyTransport.java:731)
	at org.elasticsearch.transport.TransportService.connectToNode(TransportService.java:216)
	at org.elasticsearch.cluster.service.InternalClusterService$ReconnectToNodes.run(InternalClusterService.java:584)
	at java.util.concurrent.ThreadPoolExecutor.runWorker(Unknown Source)
	at java.util.concurrent.ThreadPoolExecutor$Worker.run(Unknown Source)
	at java.lang.Thread.run(Unknown Source)
Caused by: java.net.ConnectException: Connection timed out: no further information: /10.0.0.90:9300
	at sun.nio.ch.SocketChannelImpl.checkConnect(Native Method)
	at sun.nio.ch.SocketChannelImpl.finishConnect(Unknown Source)
	at org.elasticsearch.common.netty.channel.socket.nio.NioClientBoss.connect(NioClientBoss.java:152)
	at org.elasticsearch.common.netty.channel.socket.nio.NioClientBoss.processSelectedKeys(NioClientBoss.java:105)
	at org.elasticsearch.common.netty.channel.socket.nio.NioClientBoss.process(NioClientBoss.java:79)
	at org.elasticsearch.common.netty.channel.socket.nio.AbstractNioSelector.run(AbstractNioSelector.java:337)
	at org.elasticsearch.common.netty.channel.socket.nio.NioClientBoss.run(NioClientBoss.java:42)
	at org.elasticsearch.common.netty.util.ThreadRenamingRunnable.run(ThreadRenamingRunnable.java:108)
	at org.elasticsearch.common.netty.util.internal.DeadLockProofWorker$1.run(DeadLockProofWorker.java:42)
	... 3 more
[2017-04-23 01:45:39,212][WARN ][cluster.service          ] [Bloodaxe] failed to reconnect to node [Bloodaxe][7FfweXzrTSKhiqweZlSEMg][AdrenalineD][inet[/10.0.0.90:9300]]
org.elasticsearch.transport.ConnectTransportException: [Bloodaxe][inet[/10.0.0.90:9300]] connect_timeout[30s]
	at org.elasticsearch.transport.netty.NettyTransport.connectToChannels(NettyTransport.java:825)
	at org.elasticsearch.transport.netty.NettyTransport.connectToNode(NettyTransport.java:758)
	at org.elasticsearch.transport.netty.NettyTransport.connectToNode(NettyTransport.java:731)
	at org.elasticsearch.transport.TransportService.connectToNode(TransportService.java:216)
	at org.elasticsearch.cluster.service.InternalClusterService$ReconnectToNodes.run(InternalClusterService.java:584)
	at java.util.concurrent.ThreadPoolExecutor.runWorker(Unknown Source)
	at java.util.concurrent.ThreadPoolExecutor$Worker.run(Unknown Source)
	at java.lang.Thread.run(Unknown Source)
Caused by: java.net.ConnectException: Connection timed out: no further information: /10.0.0.90:9300
	at sun.nio.ch.SocketChannelImpl.checkConnect(Native Method)
	at sun.nio.ch.SocketChannelImpl.finishConnect(Unknown Source)
	at org.elasticsearch.common.netty.channel.socket.nio.NioClientBoss.connect(NioClientBoss.java:152)
	at org.elasticsearch.common.netty.channel.socket.nio.NioClientBoss.processSelectedKeys(NioClientBoss.java:105)
	at org.elasticsearch.common.netty.channel.socket.nio.NioClientBoss.process(NioClientBoss.java:79)
	at org.elasticsearch.common.netty.channel.socket.nio.AbstractNioSelector.run(AbstractNioSelector.java:337)
	at org.elasticsearch.common.netty.channel.socket.nio.NioClientBoss.run(NioClientBoss.java:42)
	at org.elasticsearch.common.netty.util.ThreadRenamingRunnable.run(ThreadRenamingRunnable.java:108)
	at org.elasticsearch.common.netty.util.internal.DeadLockProofWorker$1.run(DeadLockProofWorker.java:42)
	... 3 more
[2017-04-23 01:48:45,248][WARN ][cluster.service          ] [Bloodaxe] failed to reconnect to node [Bloodaxe][7FfweXzrTSKhiqweZlSEMg][AdrenalineD][inet[/10.0.0.90:9300]]
org.elasticsearch.transport.ConnectTransportException: [Bloodaxe][inet[/10.0.0.90:9300]] connect_timeout[30s]
	at org.elasticsearch.transport.netty.NettyTransport.connectToChannels(NettyTransport.java:825)
	at org.elasticsearch.transport.netty.NettyTransport.connectToNode(NettyTransport.java:758)
	at org.elasticsearch.transport.netty.NettyTransport.connectToNode(NettyTransport.java:731)
	at org.elasticsearch.transport.TransportService.connectToNode(TransportService.java:216)
	at org.elasticsearch.cluster.service.InternalClusterService$ReconnectToNodes.run(InternalClusterService.java:584)
	at java.util.concurrent.ThreadPoolExecutor.runWorker(Unknown Source)
	at java.util.concurrent.ThreadPoolExecutor$Worker.run(Unknown Source)
	at java.lang.Thread.run(Unknown Source)
Caused by: java.net.ConnectException: Connection timed out: no further information: /10.0.0.90:9300
	at sun.nio.ch.SocketChannelImpl.checkConnect(Native Method)
	at sun.nio.ch.SocketChannelImpl.finishConnect(Unknown Source)
	at org.elasticsearch.common.netty.channel.socket.nio.NioClientBoss.connect(NioClientBoss.java:152)
	at org.elasticsearch.common.netty.channel.socket.nio.NioClientBoss.processSelectedKeys(NioClientBoss.java:105)
	at org.elasticsearch.common.netty.channel.socket.nio.NioClientBoss.process(NioClientBoss.java:79)
	at org.elasticsearch.common.netty.channel.socket.nio.AbstractNioSelector.run(AbstractNioSelector.java:337)
	at org.elasticsearch.common.netty.channel.socket.nio.NioClientBoss.run(NioClientBoss.java:42)
	at org.elasticsearch.common.netty.util.ThreadRenamingRunnable.run(ThreadRenamingRunnable.java:108)
	at org.elasticsearch.common.netty.util.internal.DeadLockProofWorker$1.run(DeadLockProofWorker.java:42)
	... 3 more
[2017-04-23 01:51:51,281][WARN ][cluster.service          ] [Bloodaxe] failed to reconnect to node [Bloodaxe][7FfweXzrTSKhiqweZlSEMg][AdrenalineD][inet[/10.0.0.90:9300]]
org.elasticsearch.transport.ConnectTransportException: [Bloodaxe][inet[/10.0.0.90:9300]] connect_timeout[30s]
	at org.elasticsearch.transport.netty.NettyTransport.connectToChannels(NettyTransport.java:825)
	at org.elasticsearch.transport.netty.NettyTransport.connectToNode(NettyTransport.java:758)
	at org.elasticsearch.transport.netty.NettyTransport.connectToNode(NettyTransport.java:731)
	at org.elasticsearch.transport.TransportService.connectToNode(TransportService.java:216)
	at org.elasticsearch.cluster.service.InternalClusterService$ReconnectToNodes.run(InternalClusterService.java:584)
	at java.util.concurrent.ThreadPoolExecutor.runWorker(Unknown Source)
	at java.util.concurrent.ThreadPoolExecutor$Worker.run(Unknown Source)
	at java.lang.Thread.run(Unknown Source)
Caused by: java.net.ConnectException: Connection timed out: no further information: /10.0.0.90:9300
	at sun.nio.ch.SocketChannelImpl.checkConnect(Native Method)
	at sun.nio.ch.SocketChannelImpl.finishConnect(Unknown Source)
	at org.elasticsearch.common.netty.channel.socket.nio.NioClientBoss.connect(NioClientBoss.java:152)
	at org.elasticsearch.common.netty.channel.socket.nio.NioClientBoss.processSelectedKeys(NioClientBoss.java:105)
	at org.elasticsearch.common.netty.channel.socket.nio.NioClientBoss.process(NioClientBoss.java:79)
	at org.elasticsearch.common.netty.channel.socket.nio.AbstractNioSelector.run(AbstractNioSelector.java:337)
	at org.elasticsearch.common.netty.channel.socket.nio.NioClientBoss.run(NioClientBoss.java:42)
	at org.elasticsearch.common.netty.util.ThreadRenamingRunnable.run(ThreadRenamingRunnable.java:108)
	at org.elasticsearch.common.netty.util.internal.DeadLockProofWorker$1.run(DeadLockProofWorker.java:42)
	... 3 more
[2017-04-23 01:54:57,307][WARN ][cluster.service          ] [Bloodaxe] failed to reconnect to node [Bloodaxe][7FfweXzrTSKhiqweZlSEMg][AdrenalineD][inet[/10.0.0.90:9300]]
org.elasticsearch.transport.ConnectTransportException: [Bloodaxe][inet[/10.0.0.90:9300]] connect_timeout[30s]
	at org.elasticsearch.transport.netty.NettyTransport.connectToChannels(NettyTransport.java:825)
	at org.elasticsearch.transport.netty.NettyTransport.connectToNode(NettyTransport.java:758)
	at org.elasticsearch.transport.netty.NettyTransport.connectToNode(NettyTransport.java:731)
	at org.elasticsearch.transport.TransportService.connectToNode(TransportService.java:216)
	at org.elasticsearch.cluster.service.InternalClusterService$ReconnectToNodes.run(InternalClusterService.java:584)
	at java.util.concurrent.ThreadPoolExecutor.runWorker(Unknown Source)
	at java.util.concurrent.ThreadPoolExecutor$Worker.run(Unknown Source)
	at java.lang.Thread.run(Unknown Source)
Caused by: java.net.ConnectException: Connection timed out: no further information: /10.0.0.90:9300
	at sun.nio.ch.SocketChannelImpl.checkConnect(Native Method)
	at sun.nio.ch.SocketChannelImpl.finishConnect(Unknown Source)
	at org.elasticsearch.common.netty.channel.socket.nio.NioClientBoss.connect(NioClientBoss.java:152)
	at org.elasticsearch.common.netty.channel.socket.nio.NioClientBoss.processSelectedKeys(NioClientBoss.java:105)
	at org.elasticsearch.common.netty.channel.socket.nio.NioClientBoss.process(NioClientBoss.java:79)
	at org.elasticsearch.common.netty.channel.socket.nio.AbstractNioSelector.run(AbstractNioSelector.java:337)
	at org.elasticsearch.common.netty.channel.socket.nio.NioClientBoss.run(NioClientBoss.java:42)
	at org.elasticsearch.common.netty.util.ThreadRenamingRunnable.run(ThreadRenamingRunnable.java:108)
	at org.elasticsearch.common.netty.util.internal.DeadLockProofWorker$1.run(DeadLockProofWorker.java:42)
	... 3 more
[2017-04-23 01:58:03,355][WARN ][cluster.service          ] [Bloodaxe] failed to reconnect to node [Bloodaxe][7FfweXzrTSKhiqweZlSEMg][AdrenalineD][inet[/10.0.0.90:9300]]
org.elasticsearch.transport.ConnectTransportException: [Bloodaxe][inet[/10.0.0.90:9300]] connect_timeout[30s]
	at org.elasticsearch.transport.netty.NettyTransport.connectToChannels(NettyTransport.java:825)
	at org.elasticsearch.transport.netty.NettyTransport.connectToNode(NettyTransport.java:758)
	at org.elasticsearch.transport.netty.NettyTransport.connectToNode(NettyTransport.java:731)
	at org.elasticsearch.transport.TransportService.connectToNode(TransportService.java:216)
	at org.elasticsearch.cluster.service.InternalClusterService$ReconnectToNodes.run(InternalClusterService.java:584)
	at java.util.concurrent.ThreadPoolExecutor.runWorker(Unknown Source)
	at java.util.concurrent.ThreadPoolExecutor$Worker.run(Unknown Source)
	at java.lang.Thread.run(Unknown Source)
Caused by: java.net.ConnectException: Connection timed out: no further information: /10.0.0.90:9300
	at sun.nio.ch.SocketChannelImpl.checkConnect(Native Method)
	at sun.nio.ch.SocketChannelImpl.finishConnect(Unknown Source)
	at org.elasticsearch.common.netty.channel.socket.nio.NioClientBoss.connect(NioClientBoss.java:152)
	at org.elasticsearch.common.netty.channel.socket.nio.NioClientBoss.processSelectedKeys(NioClientBoss.java:105)
	at org.elasticsearch.common.netty.channel.socket.nio.NioClientBoss.process(NioClientBoss.java:79)
	at org.elasticsearch.common.netty.channel.socket.nio.AbstractNioSelector.run(AbstractNioSelector.java:337)
	at org.elasticsearch.common.netty.channel.socket.nio.NioClientBoss.run(NioClientBoss.java:42)
	at org.elasticsearch.common.netty.util.ThreadRenamingRunnable.run(ThreadRenamingRunnable.java:108)
	at org.elasticsearch.common.netty.util.internal.DeadLockProofWorker$1.run(DeadLockProofWorker.java:42)
	... 3 more
[2017-04-23 02:01:09,385][WARN ][cluster.service          ] [Bloodaxe] failed to reconnect to node [Bloodaxe][7FfweXzrTSKhiqweZlSEMg][AdrenalineD][inet[/10.0.0.90:9300]]
org.elasticsearch.transport.ConnectTransportException: [Bloodaxe][inet[/10.0.0.90:9300]] connect_timeout[30s]
	at org.elasticsearch.transport.netty.NettyTransport.connectToChannels(NettyTransport.java:825)
	at org.elasticsearch.transport.netty.NettyTransport.connectToNode(NettyTransport.java:758)
	at org.elasticsearch.transport.netty.NettyTransport.connectToNode(NettyTransport.java:731)
	at org.elasticsearch.transport.TransportService.connectToNode(TransportService.java:216)
	at org.elasticsearch.cluster.service.InternalClusterService$ReconnectToNodes.run(InternalClusterService.java:584)
	at java.util.concurrent.ThreadPoolExecutor.runWorker(Unknown Source)
	at java.util.concurrent.ThreadPoolExecutor$Worker.run(Unknown Source)
	at java.lang.Thread.run(Unknown Source)
Caused by: java.net.ConnectException: Connection timed out: no further information: /10.0.0.90:9300
	at sun.nio.ch.SocketChannelImpl.checkConnect(Native Method)
	at sun.nio.ch.SocketChannelImpl.finishConnect(Unknown Source)
	at org.elasticsearch.common.netty.channel.socket.nio.NioClientBoss.connect(NioClientBoss.java:152)
	at org.elasticsearch.common.netty.channel.socket.nio.NioClientBoss.processSelectedKeys(NioClientBoss.java:105)
	at org.elasticsearch.common.netty.channel.socket.nio.NioClientBoss.process(NioClientBoss.java:79)
	at org.elasticsearch.common.netty.channel.socket.nio.AbstractNioSelector.run(AbstractNioSelector.java:337)
	at org.elasticsearch.common.netty.channel.socket.nio.NioClientBoss.run(NioClientBoss.java:42)
	at org.elasticsearch.common.netty.util.ThreadRenamingRunnable.run(ThreadRenamingRunnable.java:108)
	at org.elasticsearch.common.netty.util.internal.DeadLockProofWorker$1.run(DeadLockProofWorker.java:42)
	... 3 more
[2017-04-23 02:04:15,421][WARN ][cluster.service          ] [Bloodaxe] failed to reconnect to node [Bloodaxe][7FfweXzrTSKhiqweZlSEMg][AdrenalineD][inet[/10.0.0.90:9300]]
org.elasticsearch.transport.ConnectTransportException: [Bloodaxe][inet[/10.0.0.90:9300]] connect_timeout[30s]
	at org.elasticsearch.transport.netty.NettyTransport.connectToChannels(NettyTransport.java:825)
	at org.elasticsearch.transport.netty.NettyTransport.connectToNode(NettyTransport.java:758)
	at org.elasticsearch.transport.netty.NettyTransport.connectToNode(NettyTransport.java:731)
	at org.elasticsearch.transport.TransportService.connectToNode(TransportService.java:216)
	at org.elasticsearch.cluster.service.InternalClusterService$ReconnectToNodes.run(InternalClusterService.java:584)
	at java.util.concurrent.ThreadPoolExecutor.runWorker(Unknown Source)
	at java.util.concurrent.ThreadPoolExecutor$Worker.run(Unknown Source)
	at java.lang.Thread.run(Unknown Source)
Caused by: java.net.ConnectException: Connection timed out: no further information: /10.0.0.90:9300
	at sun.nio.ch.SocketChannelImpl.checkConnect(Native Method)
	at sun.nio.ch.SocketChannelImpl.finishConnect(Unknown Source)
	at org.elasticsearch.common.netty.channel.socket.nio.NioClientBoss.connect(NioClientBoss.java:152)
	at org.elasticsearch.common.netty.channel.socket.nio.NioClientBoss.processSelectedKeys(NioClientBoss.java:105)
	at org.elasticsearch.common.netty.channel.socket.nio.NioClientBoss.process(NioClientBoss.java:79)
	at org.elasticsearch.common.netty.channel.socket.nio.AbstractNioSelector.run(AbstractNioSelector.java:337)
	at org.elasticsearch.common.netty.channel.socket.nio.NioClientBoss.run(NioClientBoss.java:42)
	at org.elasticsearch.common.netty.util.ThreadRenamingRunnable.run(ThreadRenamingRunnable.java:108)
	at org.elasticsearch.common.netty.util.internal.DeadLockProofWorker$1.run(DeadLockProofWorker.java:42)
	... 3 more
[2017-04-23 02:04:30,957][INFO ][bootstrap                ] running graceful exit on windows
[2017-04-23 02:04:30,959][INFO ][node                     ] [Bloodaxe] stopping ...
[2017-04-23 19:05:56,289][INFO ][node                     ] [Man-Spider] version[1.7.6], pid[10368], build[c730b59/2016-11-18T15:21:16Z]
[2017-04-23 19:05:56,289][INFO ][node                     ] [Man-Spider] initializing ...
[2017-04-23 19:05:56,346][INFO ][plugins                  ] [Man-Spider] loaded [], sites []
[2017-04-23 19:05:56,375][INFO ][env                      ] [Man-Spider] using [1] data paths, mounts [[(E:)]], net usable_space [60.9gb], net total_space [366.9gb], types [NTFS]
[2017-04-23 19:05:58,939][INFO ][node                     ] [Man-Spider] initialized
[2017-04-23 19:05:58,940][INFO ][node                     ] [Man-Spider] starting ...
[2017-04-23 19:05:59,148][INFO ][transport                ] [Man-Spider] bound_address {inet[/0:0:0:0:0:0:0:0:9300]}, publish_address {inet[/10.80.143.4:9300]}
[2017-04-23 19:05:59,394][INFO ][discovery                ] [Man-Spider] elasticsearch/vMierCFiTLiYqqxAhSWVQA
[2017-04-23 19:06:03,200][INFO ][cluster.service          ] [Man-Spider] new_master [Man-Spider][vMierCFiTLiYqqxAhSWVQA][AdrenalineD][inet[/10.80.143.4:9300]], reason: zen-disco-join (elected_as_master)
[2017-04-23 19:06:03,349][INFO ][http                     ] [Man-Spider] bound_address {inet[/0:0:0:0:0:0:0:0:9200]}, publish_address {inet[/10.80.143.4:9200]}
[2017-04-23 19:06:03,349][INFO ][node                     ] [Man-Spider] started
[2017-04-23 19:06:03,481][INFO ][gateway                  ] [Man-Spider] recovered [1] indices into cluster_state
[2017-04-23 19:06:05,750][INFO ][bootstrap                ] running graceful exit on windows
[2017-04-23 19:06:05,751][INFO ][node                     ] [Man-Spider] stopping ...
[2017-04-23 19:06:05,965][INFO ][node                     ] [Man-Spider] stopped
[2017-04-23 19:06:05,965][INFO ][node                     ] [Man-Spider] closing ...
[2017-04-23 19:06:05,968][INFO ][node                     ] [Man-Spider] closed
